Learning Rate: 0.08 ResNet: True Trainset: DUTS_TRAIN
initialize: conv1
initialize: bn1
initialize: conv2
initialize: bn2
initialize: conv3
initialize: bn3
initialize: relu
initialize: downsample
initialize: 0
initialize: 1
initialize: conv1
initialize: bn1
initialize: conv2
initialize: bn2
initialize: conv3
initialize: bn3
initialize: relu
initialize: conv1
initialize: bn1
initialize: conv2
initialize: bn2
initialize: conv3
initialize: bn3
initialize: relu
initialize: conv1
initialize: bn1
initialize: conv2
initialize: bn2
initialize: conv3
initialize: bn3
initialize: relu
initialize: downsample
initialize: 0
initialize: 1
initialize: conv1
initialize: bn1
initialize: conv2
initialize: bn2
initialize: conv3
initialize: bn3
initialize: relu
initialize: conv1
initialize: bn1
initialize: conv2
initialize: bn2
initialize: conv3
initialize: bn3
initialize: relu
initialize: conv1
initialize: bn1
initialize: conv2
initialize: bn2
initialize: conv3
initialize: bn3
initialize: relu
initialize: conv1
initialize: bn1
initialize: conv2
initialize: bn2
initialize: conv3
initialize: bn3
initialize: relu
initialize: downsample
initialize: 0
initialize: 1
initialize: conv1
initialize: bn1
initialize: conv2
initialize: bn2
initialize: conv3
initialize: bn3
initialize: relu
initialize: conv1
initialize: bn1
initialize: conv2
initialize: bn2
initialize: conv3
initialize: bn3
initialize: relu
initialize: conv1
initialize: bn1
initialize: conv2
initialize: bn2
initialize: conv3
initialize: bn3
initialize: relu
initialize: conv1
initialize: bn1
initialize: conv2
initialize: bn2
initialize: conv3
initialize: bn3
initialize: relu
initialize: conv1
initialize: bn1
initialize: conv2
initialize: bn2
initialize: conv3
initialize: bn3
initialize: relu
initialize: conv1
initialize: bn1
initialize: conv2
initialize: bn2
initialize: conv3
initialize: bn3
initialize: relu
initialize: downsample
initialize: 0
initialize: 1
initialize: conv1
initialize: bn1
initialize: conv2
initialize: bn2
initialize: conv3
initialize: bn3
initialize: relu
initialize: conv1
initialize: bn1
initialize: conv2
initialize: bn2
initialize: conv3
initialize: bn3
initialize: relu
initialize: conv_bn
initialize: 0
initialize: 1
initialize: conv_bn
initialize: 0
initialize: 1
initialize: conv_bn
initialize: 0
initialize: 1
initialize: reduce
initialize: 0
initialize: 1
initialize: 2
initialize: 3
initialize: conv_bn
initialize: 0
initialize: 1
initialize: conv_bn
initialize: 0
initialize: 1
initialize: conv_bn
initialize: 0
initialize: 1
initialize: reduce
initialize: 0
initialize: 1
initialize: 2
initialize: 3
initialize: conv_bn
initialize: 0
initialize: 1
initialize: conv_bn
initialize: 0
initialize: 1
initialize: conv_bn
initialize: 0
initialize: 1
initialize: reduce
initialize: 0
initialize: 1
initialize: 2
initialize: 3
initialize: conv_bn
initialize: 0
initialize: 1
initialize: conv_bn
initialize: 0
initialize: 1
initialize: conv_bn
initialize: 0
initialize: 1
initialize: reduce
initialize: 0
initialize: 1
initialize: 2
initialize: 3
initialize: conv_bn
initialize: 0
initialize: 1
initialize: conv_bn
initialize: 0
initialize: 1
initialize: conv_bn
initialize: 0
initialize: 1
initialize: conv_bn
initialize: 0
initialize: 1
initialize: conv_bn
initialize: 0
initialize: 1
initialize: convs
initialize: cat
initialize: conv_bn
initialize: 0
initialize: 1
initialize: conv_bn
initialize: 0
initialize: 1
initialize: conv_bn
initialize: 0
initialize: 1
initialize: conv_bn
initialize: 0
initialize: 1
initialize: conv_bn
initialize: 0
initialize: 1
initialize: conv_bn
initialize: 0
initialize: 1
initialize: conv_bn
initialize: 0
initialize: 1
initialize: conv_bn
initialize: 0
initialize: 1
initialize: conv_bn
initialize: 0
initialize: 1
initialize: conv_bn
initialize: 0
initialize: 1
initialize: upsample
initialize: conv_upsample1
initialize: conv_upsample2
initialize: conv_upsample3
initialize: conv_cat1
initialize: 0
initialize: 1
initialize: conv_cat2
initialize: 0
initialize: 1
initialize: conv_cat3
initialize: 0
initialize: 1
initialize: output
initialize: 0
initialize: 1
initialize: resnet
initialize: reduce_s1
initialize: reduce_s2
initialize: reduce_s3
initialize: reduce_s4
initialize: ppm
initialize: output_s
Time to witness the mirracle!
/home/LAB/penghao/anaconda3/lib/python3.6/site-packages/torch/nn/functional.py:2416: UserWarning: nn.functional.upsample is deprecated. Use nn.functional.interpolate instead.
  warnings.warn("nn.functional.upsample is deprecated. Use nn.functional.interpolate instead.")
/home/LAB/penghao/anaconda3/lib/python3.6/site-packages/imageio/core/util.py:78: UserWarning: Lossy conversion from float32 to uint8, range [0, 1]
  dtype_str, out_type.__name__))
2020-03-24 18:32:22.215985 Epoch [000/050], Step [0010/0153], LR: 0.080000, SalLoss: 0.1633
2020-03-24 18:33:22.599315 Epoch [000/050], Step [0020/0153], LR: 0.080000, SalLoss: 0.0954
2020-03-24 18:33:58.155657 Epoch [000/050], Step [0030/0153], LR: 0.080000, SalLoss: 0.0726
2020-03-24 18:34:48.168516 Epoch [000/050], Step [0040/0153], LR: 0.080000, SalLoss: 0.0612
2020-03-24 18:35:26.472713 Epoch [000/050], Step [0050/0153], LR: 0.080000, SalLoss: 0.0267
2020-03-24 18:36:14.984068 Epoch [000/050], Step [0060/0153], LR: 0.080000, SalLoss: 0.0266
