Learning Rate: 0.005 ResNet: True Trainset: DUTS_TRAIN
initialize: conv1
initialize: bn1
initialize: conv2
initialize: bn2
initialize: conv3
initialize: bn3
initialize: relu
initialize: downsample
initialize: 0
initialize: 1
initialize: conv1
initialize: bn1
initialize: conv2
initialize: bn2
initialize: conv3
initialize: bn3
initialize: relu
initialize: conv1
initialize: bn1
initialize: conv2
initialize: bn2
initialize: conv3
initialize: bn3
initialize: relu
initialize: conv1
initialize: bn1
initialize: conv2
initialize: bn2
initialize: conv3
initialize: bn3
initialize: relu
initialize: downsample
initialize: 0
initialize: 1
initialize: conv1
initialize: bn1
initialize: conv2
initialize: bn2
initialize: conv3
initialize: bn3
initialize: relu
initialize: conv1
initialize: bn1
initialize: conv2
initialize: bn2
initialize: conv3
initialize: bn3
initialize: relu
initialize: conv1
initialize: bn1
initialize: conv2
initialize: bn2
initialize: conv3
initialize: bn3
initialize: relu
initialize: conv1
initialize: bn1
initialize: conv2
initialize: bn2
initialize: conv3
initialize: bn3
initialize: relu
initialize: downsample
initialize: 0
initialize: 1
initialize: conv1
initialize: bn1
initialize: conv2
initialize: bn2
initialize: conv3
initialize: bn3
initialize: relu
initialize: conv1
initialize: bn1
initialize: conv2
initialize: bn2
initialize: conv3
initialize: bn3
initialize: relu
initialize: conv1
initialize: bn1
initialize: conv2
initialize: bn2
initialize: conv3
initialize: bn3
initialize: relu
initialize: conv1
initialize: bn1
initialize: conv2
initialize: bn2
initialize: conv3
initialize: bn3
initialize: relu
initialize: conv1
initialize: bn1
initialize: conv2
initialize: bn2
initialize: conv3
initialize: bn3
initialize: relu
initialize: conv1
initialize: bn1
initialize: conv2
initialize: bn2
initialize: conv3
initialize: bn3
initialize: relu
initialize: downsample
initialize: 0
initialize: 1
initialize: conv1
initialize: bn1
initialize: conv2
initialize: bn2
initialize: conv3
initialize: bn3
initialize: relu
initialize: conv1
initialize: bn1
initialize: conv2
initialize: bn2
initialize: conv3
initialize: bn3
initialize: relu
initialize: conv_bn
initialize: 0
initialize: 1
initialize: conv_bn
initialize: 0
initialize: 1
initialize: conv_bn
initialize: 0
initialize: 1
initialize: reduce
initialize: 0
initialize: 1
initialize: 2
initialize: 3
initialize: conv_bn
initialize: 0
initialize: 1
initialize: conv_bn
initialize: 0
initialize: 1
initialize: conv_bn
initialize: 0
initialize: 1
initialize: reduce
initialize: 0
initialize: 1
initialize: 2
initialize: 3
initialize: conv_bn
initialize: 0
initialize: 1
initialize: conv_bn
initialize: 0
initialize: 1
initialize: conv_bn
initialize: 0
initialize: 1
initialize: reduce
initialize: 0
initialize: 1
initialize: 2
initialize: 3
initialize: conv_bn
initialize: 0
initialize: 1
initialize: conv_bn
initialize: 0
initialize: 1
initialize: conv_bn
initialize: 0
initialize: 1
initialize: reduce
initialize: 0
initialize: 1
initialize: 2
initialize: 3
initialize: conv_bn
initialize: 0
initialize: 1
initialize: conv_bn
initialize: 0
initialize: 1
initialize: conv_bn
initialize: 0
initialize: 1
initialize: conv_bn
initialize: 0
initialize: 1
initialize: conv_bn
initialize: 0
initialize: 1
initialize: convs
initialize: cat
initialize: conv_bn
initialize: 0
initialize: 1
initialize: conv_bn
initialize: 0
initialize: 1
initialize: conv_bn
initialize: 0
initialize: 1
initialize: conv_bn
initialize: 0
initialize: 1
initialize: conv_bn
initialize: 0
initialize: 1
initialize: conv_bn
initialize: 0
initialize: 1
initialize: conv_bn
initialize: 0
initialize: 1
initialize: conv_bn
initialize: 0
initialize: 1
initialize: conv_bn
initialize: 0
initialize: 1
initialize: conv_bn
initialize: 0
initialize: 1
initialize: upsample
initialize: conv_upsample1
initialize: conv_upsample2
initialize: conv_upsample3
initialize: conv_cat1
initialize: 0
initialize: 1
initialize: conv_cat2
initialize: 0
initialize: 1
initialize: conv_cat3
initialize: 0
initialize: 1
initialize: output
initialize: 0
initialize: 1
initialize: resnet
initialize: reduce_s1
initialize: reduce_s2
initialize: reduce_s3
initialize: reduce_s4
initialize: ppm
initialize: output_s
Time to witness the mirracle!
Traceback (most recent call last):
  File "main.py", line 140, in <module>
    main()
  File "main.py", line 136, in main
    train(train_loader, model, optimizer, args)
  File "main.py", line 31, in train
    test(model, -1, args)
  File "main.py", line 93, in test
    attention = model(image)
  File "/home/LAB/penghao/anaconda3/lib/python3.6/site-packages/torch/nn/modules/module.py", line 532, in __call__
    result = self.forward(*input, **kwargs)
  File "/home/LAB/penghao/Pixel-SkelNetOn---CVPR-2020-workshop/src/net/baseline.py", line 26, in forward
    x1, x2, x3, x4 = self.resnet(x)
  File "/home/LAB/penghao/anaconda3/lib/python3.6/site-packages/torch/nn/modules/module.py", line 532, in __call__
    result = self.forward(*input, **kwargs)
  File "/home/LAB/penghao/Pixel-SkelNetOn---CVPR-2020-workshop/src/net/resnet.py", line 41, in forward
    out1 = self.conv1(x)  # 1/2
  File "/home/LAB/penghao/anaconda3/lib/python3.6/site-packages/torch/nn/modules/module.py", line 532, in __call__
    result = self.forward(*input, **kwargs)
  File "/home/LAB/penghao/anaconda3/lib/python3.6/site-packages/torch/nn/modules/conv.py", line 345, in forward
    return self.conv2d_forward(input, self.weight)
  File "/home/LAB/penghao/anaconda3/lib/python3.6/site-packages/torch/nn/modules/conv.py", line 342, in conv2d_forward
    self.padding, self.dilation, self.groups)
untimeError: Input type (torch.FloatTensor) and weight type (torch.cuda.FloatTensor) should be the same
276,1Bot
initialize: conv_bn
