Learning Rate: 0.05 ResNet: True Trainset: DUTS_TRAIN
initialize: conv1
initialize: bn1
initialize: conv2
initialize: bn2
initialize: conv3
initialize: bn3
initialize: relu
initialize: downsample
initialize: 0
initialize: 1
initialize: conv1
initialize: bn1
initialize: conv2
initialize: bn2
initialize: conv3
initialize: bn3
initialize: relu
initialize: conv1
initialize: bn1
initialize: conv2
initialize: bn2
initialize: conv3
initialize: bn3
initialize: relu
initialize: conv1
initialize: bn1
initialize: conv2
initialize: bn2
initialize: conv3
initialize: bn3
initialize: relu
initialize: downsample
initialize: 0
initialize: 1
initialize: conv1
initialize: bn1
initialize: conv2
initialize: bn2
initialize: conv3
initialize: bn3
initialize: relu
initialize: conv1
initialize: bn1
initialize: conv2
initialize: bn2
initialize: conv3
initialize: bn3
initialize: relu
initialize: conv1
initialize: bn1
initialize: conv2
initialize: bn2
initialize: conv3
initialize: bn3
initialize: relu
initialize: conv1
initialize: bn1
initialize: conv2
initialize: bn2
initialize: conv3
initialize: bn3
initialize: relu
initialize: downsample
initialize: 0
initialize: 1
initialize: conv1
initialize: bn1
initialize: conv2
initialize: bn2
initialize: conv3
initialize: bn3
initialize: relu
initialize: conv1
initialize: bn1
initialize: conv2
initialize: bn2
initialize: conv3
initialize: bn3
initialize: relu
initialize: conv1
initialize: bn1
initialize: conv2
initialize: bn2
initialize: conv3
initialize: bn3
initialize: relu
initialize: conv1
initialize: bn1
initialize: conv2
initialize: bn2
initialize: conv3
initialize: bn3
initialize: relu
initialize: conv1
initialize: bn1
initialize: conv2
initialize: bn2
initialize: conv3
initialize: bn3
initialize: relu
initialize: conv1
initialize: bn1
initialize: conv2
initialize: bn2
initialize: conv3
initialize: bn3
initialize: relu
initialize: downsample
initialize: 0
initialize: 1
initialize: conv1
initialize: bn1
initialize: conv2
initialize: bn2
initialize: conv3
initialize: bn3
initialize: relu
initialize: conv1
initialize: bn1
initialize: conv2
initialize: bn2
initialize: conv3
initialize: bn3
initialize: relu
initialize: conv_bn
initialize: 0
initialize: 1
initialize: conv_bn
initialize: 0
initialize: 1
initialize: conv_bn
initialize: 0
initialize: 1
initialize: reduce
initialize: 0
initialize: 1
initialize: 2
initialize: 3
initialize: conv_bn
initialize: 0
initialize: 1
initialize: conv_bn
initialize: 0
initialize: 1
initialize: conv_bn
initialize: 0
initialize: 1
initialize: reduce
initialize: 0
initialize: 1
initialize: 2
initialize: 3
initialize: conv_bn
initialize: 0
initialize: 1
initialize: conv_bn
initialize: 0
initialize: 1
initialize: conv_bn
initialize: 0
initialize: 1
initialize: reduce
initialize: 0
initialize: 1
initialize: 2
initialize: 3
initialize: conv_bn
initialize: 0
initialize: 1
initialize: conv_bn
initialize: 0
initialize: 1
initialize: conv_bn
initialize: 0
initialize: 1
initialize: reduce
initialize: 0
initialize: 1
initialize: 2
initialize: 3
initialize: conv_bn
initialize: 0
initialize: 1
initialize: conv_bn
initialize: 0
initialize: 1
initialize: conv_bn
initialize: 0
initialize: 1
initialize: conv_bn
initialize: 0
initialize: 1
initialize: conv_bn
initialize: 0
initialize: 1
initialize: convs
initialize: cat
initialize: conv_bn
initialize: 0
initialize: 1
initialize: conv_bn
initialize: 0
initialize: 1
initialize: conv_bn
initialize: 0
initialize: 1
initialize: conv_bn
initialize: 0
initialize: 1
initialize: conv_bn
initialize: 0
initialize: 1
initialize: conv_bn
initialize: 0
initialize: 1
initialize: conv_bn
initialize: 0
initialize: 1
initialize: conv_bn
initialize: 0
initialize: 1
initialize: conv_bn
initialize: 0
initialize: 1
initialize: conv_bn
initialize: 0
initialize: 1
initialize: upsample
initialize: conv_upsample1
initialize: conv_upsample2
initialize: conv_upsample3
initialize: conv_cat1
initialize: 0
initialize: 1
initialize: conv_cat2
initialize: 0
initialize: 1
initialize: conv_cat3
initialize: 0
initialize: 1
initialize: output
initialize: 0
initialize: 1
initialize: resnet
initialize: reduce_s1
initialize: reduce_s2
initialize: reduce_s3
initialize: reduce_s4
initialize: ppm
initialize: output_s
Time to witness the mirracle!
/home/LAB/penghao/anaconda3/lib/python3.6/site-packages/torch/nn/functional.py:2416: UserWarning: nn.functional.upsample is deprecated. Use nn.functional.interpolate instead.
  warnings.warn("nn.functional.upsample is deprecated. Use nn.functional.interpolate instead.")
/home/LAB/penghao/anaconda3/lib/python3.6/site-packages/imageio/core/util.py:78: UserWarning: Lossy conversion from float32 to uint8, range [0, 1]
  dtype_str, out_type.__name__))
2020-03-25 20:44:37.024479 Epoch [000/050], Step [0010/0153], LR: 0.050000, SalLoss: 0.1614
2020-03-25 20:44:50.907687 Epoch [000/050], Step [0020/0153], LR: 0.050000, SalLoss: 0.0938
2020-03-25 20:45:04.778642 Epoch [000/050], Step [0030/0153], LR: 0.050000, SalLoss: 0.0713
2020-03-25 20:45:21.538509 Epoch [000/050], Step [0040/0153], LR: 0.050000, SalLoss: 0.0601
2020-03-25 20:45:39.563841 Epoch [000/050], Step [0050/0153], LR: 0.050000, SalLoss: 0.0258
2020-03-25 20:45:58.933452 Epoch [000/050], Step [0060/0153], LR: 0.050000, SalLoss: 0.0258
2020-03-25 20:46:14.137593 Epoch [000/050], Step [0070/0153], LR: 0.050000, SalLoss: 0.0253
2020-03-25 20:46:28.227487 Epoch [000/050], Step [0080/0153], LR: 0.050000, SalLoss: 0.0247
2020-03-25 20:46:45.584467 Epoch [000/050], Step [0090/0153], LR: 0.050000, SalLoss: 0.0250
2020-03-25 20:47:03.977253 Epoch [000/050], Step [0100/0153], LR: 0.050000, SalLoss: 0.0242
2020-03-25 20:47:15.234248 Epoch [000/050], Step [0110/0153], LR: 0.050000, SalLoss: 0.0241
2020-03-25 20:47:27.253006 Epoch [000/050], Step [0120/0153], LR: 0.050000, SalLoss: 0.0236
2020-03-25 20:47:48.527632 Epoch [000/050], Step [0130/0153], LR: 0.050000, SalLoss: 0.0229
2020-03-25 20:48:03.436986 Epoch [000/050], Step [0140/0153], LR: 0.050000, SalLoss: 0.0227
2020-03-25 20:48:15.606607 Epoch [000/050], Step [0150/0153], LR: 0.050000, SalLoss: 0.0222
2020-03-25 20:48:19.277811 Epoch [000/050], Step [0153/0153], LR: 0.050000, SalLoss: 0.0223
2020-03-25 20:48:32.538124 Epoch [001/050], Step [0010/0153], LR: 0.050000, SalLoss: 0.0218
2020-03-25 20:48:47.022338 Epoch [001/050], Step [0020/0153], LR: 0.050000, SalLoss: 0.0214
2020-03-25 20:49:04.330341 Epoch [001/050], Step [0030/0153], LR: 0.050000, SalLoss: 0.0219
2020-03-25 20:49:17.656106 Epoch [001/050], Step [0040/0153], LR: 0.050000, SalLoss: 0.0215
2020-03-25 20:49:29.427060 Epoch [001/050], Step [0050/0153], LR: 0.050000, SalLoss: 0.0216
2020-03-25 20:49:41.027741 Epoch [001/050], Step [0060/0153], LR: 0.050000, SalLoss: 0.0215
2020-03-25 20:49:52.283482 Epoch [001/050], Step [0070/0153], LR: 0.050000, SalLoss: 0.0211
2020-03-25 20:50:14.003031 Epoch [001/050], Step [0080/0153], LR: 0.050000, SalLoss: 0.0208
2020-03-25 20:50:32.876515 Epoch [001/050], Step [0090/0153], LR: 0.050000, SalLoss: 0.0204
2020-03-25 20:50:48.543346 Epoch [001/050], Step [0100/0153], LR: 0.050000, SalLoss: 0.0203
2020-03-25 20:51:03.631323 Epoch [001/050], Step [0110/0153], LR: 0.050000, SalLoss: 0.0200
2020-03-25 20:51:20.386790 Epoch [001/050], Step [0120/0153], LR: 0.050000, SalLoss: 0.0201
2020-03-25 20:51:32.730431 Epoch [001/050], Step [0130/0153], LR: 0.050000, SalLoss: 0.0198
2020-03-25 20:51:43.558352 Epoch [001/050], Step [0140/0153], LR: 0.050000, SalLoss: 0.0191
2020-03-25 20:51:55.402391 Epoch [001/050], Step [0150/0153], LR: 0.050000, SalLoss: 0.0189
2020-03-25 20:51:58.863026 Epoch [001/050], Step [0153/0153], LR: 0.050000, SalLoss: 0.0185
2020-03-25 20:52:15.476042 Epoch [002/050], Step [0010/0153], LR: 0.050000, SalLoss: 0.0194
2020-03-25 20:52:31.682725 Epoch [002/050], Step [0020/0153], LR: 0.050000, SalLoss: 0.0191
2020-03-25 20:52:45.977604 Epoch [002/050], Step [0030/0153], LR: 0.050000, SalLoss: 0.0199
2020-03-25 20:52:58.524757 Epoch [002/050], Step [0040/0153], LR: 0.050000, SalLoss: 0.0199
2020-03-25 20:53:16.805635 Epoch [002/050], Step [0050/0153], LR: 0.050000, SalLoss: 0.0194
2020-03-25 20:53:37.227656 Epoch [002/050], Step [0060/0153], LR: 0.050000, SalLoss: 0.0198
2020-03-25 20:53:53.508428 Epoch [002/050], Step [0070/0153], LR: 0.050000, SalLoss: 0.0190
2020-03-25 20:54:11.249027 Epoch [002/050], Step [0080/0153], LR: 0.050000, SalLoss: 0.0186
2020-03-25 20:54:23.328677 Epoch [002/050], Step [0090/0153], LR: 0.050000, SalLoss: 0.0187
2020-03-25 20:54:35.092610 Epoch [002/050], Step [0100/0153], LR: 0.050000, SalLoss: 0.0186
2020-03-25 20:54:47.072138 Epoch [002/050], Step [0110/0153], LR: 0.050000, SalLoss: 0.0189
2020-03-25 20:54:58.825517 Epoch [002/050], Step [0120/0153], LR: 0.050000, SalLoss: 0.0191
2020-03-25 20:55:11.395439 Epoch [002/050], Step [0130/0153], LR: 0.050000, SalLoss: 0.0190
2020-03-25 20:55:22.316127 Epoch [002/050], Step [0140/0153], LR: 0.050000, SalLoss: 0.0190
2020-03-25 20:55:37.752520 Epoch [002/050], Step [0150/0153], LR: 0.050000, SalLoss: 0.0188
2020-03-25 20:55:40.335940 Epoch [002/050], Step [0153/0153], LR: 0.050000, SalLoss: 0.0190
2020-03-25 20:55:54.155274 Epoch [003/050], Step [0010/0153], LR: 0.050000, SalLoss: 0.0187
2020-03-25 20:56:10.707332 Epoch [003/050], Step [0020/0153], LR: 0.050000, SalLoss: 0.0187
2020-03-25 20:56:31.943220 Epoch [003/050], Step [0030/0153], LR: 0.050000, SalLoss: 0.0184
2020-03-25 20:56:50.958127 Epoch [003/050], Step [0040/0153], LR: 0.050000, SalLoss: 0.0182
2020-03-25 20:57:02.642931 Epoch [003/050], Step [0050/0153], LR: 0.050000, SalLoss: 0.0186
2020-03-25 20:57:19.396938 Epoch [003/050], Step [0060/0153], LR: 0.050000, SalLoss: 0.0188
2020-03-25 20:57:36.521664 Epoch [003/050], Step [0070/0153], LR: 0.050000, SalLoss: 0.0186
2020-03-25 20:57:52.660183 Epoch [003/050], Step [0080/0153], LR: 0.050000, SalLoss: 0.0188
2020-03-25 20:58:08.602641 Epoch [003/050], Step [0090/0153], LR: 0.050000, SalLoss: 0.0180
2020-03-25 20:58:25.014033 Epoch [003/050], Step [0100/0153], LR: 0.050000, SalLoss: 0.0177
2020-03-25 20:58:38.443052 Epoch [003/050], Step [0110/0153], LR: 0.050000, SalLoss: 0.0179
2020-03-25 20:58:50.454238 Epoch [003/050], Step [0120/0153], LR: 0.050000, SalLoss: 0.0182
2020-03-25 20:59:02.267315 Epoch [003/050], Step [0130/0153], LR: 0.050000, SalLoss: 0.0191
2020-03-25 20:59:15.343176 Epoch [003/050], Step [0140/0153], LR: 0.050000, SalLoss: 0.0189
2020-03-25 20:59:30.714447 Epoch [003/050], Step [0150/0153], LR: 0.050000, SalLoss: 0.0189
2020-03-25 20:59:33.703752 Epoch [003/050], Step [0153/0153], LR: 0.050000, SalLoss: 0.0187
2020-03-25 20:59:54.552831 Epoch [004/050], Step [0010/0153], LR: 0.050000, SalLoss: 0.0183
2020-03-25 21:00:12.421811 Epoch [004/050], Step [0020/0153], LR: 0.050000, SalLoss: 0.0184
2020-03-25 21:00:30.381355 Epoch [004/050], Step [0030/0153], LR: 0.050000, SalLoss: 0.0181
2020-03-25 21:00:46.147618 Epoch [004/050], Step [0040/0153], LR: 0.050000, SalLoss: 0.0179
2020-03-25 21:00:58.168070 Epoch [004/050], Step [0050/0153], LR: 0.050000, SalLoss: 0.0177
2020-03-25 21:01:09.989208 Epoch [004/050], Step [0060/0153], LR: 0.050000, SalLoss: 0.0171
2020-03-25 21:01:26.855960 Epoch [004/050], Step [0070/0153], LR: 0.050000, SalLoss: 0.0174
2020-03-25 21:01:41.867601 Epoch [004/050], Step [0080/0153], LR: 0.050000, SalLoss: 0.0180
2020-03-25 21:01:52.450545 Epoch [004/050], Step [0090/0153], LR: 0.050000, SalLoss: 0.0179
2020-03-25 21:02:00.709613 Epoch [004/050], Step [0100/0153], LR: 0.050000, SalLoss: 0.0185
2020-03-25 21:02:09.740759 Epoch [004/050], Step [0110/0153], LR: 0.050000, SalLoss: 0.0183
2020-03-25 21:02:17.871939 Epoch [004/050], Step [0120/0153], LR: 0.050000, SalLoss: 0.0180
2020-03-25 21:02:28.332036 Epoch [004/050], Step [0130/0153], LR: 0.050000, SalLoss: 0.0181
2020-03-25 21:02:39.941821 Epoch [004/050], Step [0140/0153], LR: 0.050000, SalLoss: 0.0180
2020-03-25 21:02:51.785625 Epoch [004/050], Step [0150/0153], LR: 0.050000, SalLoss: 0.0178
2020-03-25 21:02:54.961959 Epoch [004/050], Step [0153/0153], LR: 0.050000, SalLoss: 0.0177
2020-03-25 21:03:07.024757 Epoch [005/050], Step [0010/0153], LR: 0.050000, SalLoss: 0.0179
2020-03-25 21:03:15.442751 Epoch [005/050], Step [0020/0153], LR: 0.050000, SalLoss: 0.0173
2020-03-25 21:03:23.681886 Epoch [005/050], Step [0030/0153], LR: 0.050000, SalLoss: 0.0177
2020-03-25 21:03:31.917855 Epoch [005/050], Step [0040/0153], LR: 0.050000, SalLoss: 0.0172
2020-03-25 21:03:40.068344 Epoch [005/050], Step [0050/0153], LR: 0.050000, SalLoss: 0.0169
2020-03-25 21:03:48.152922 Epoch [005/050], Step [0060/0153], LR: 0.050000, SalLoss: 0.0174
2020-03-25 21:03:56.366523 Epoch [005/050], Step [0070/0153], LR: 0.050000, SalLoss: 0.0168
2020-03-25 21:04:04.641862 Epoch [005/050], Step [0080/0153], LR: 0.050000, SalLoss: 0.0173
2020-03-25 21:04:14.834492 Epoch [005/050], Step [0090/0153], LR: 0.050000, SalLoss: 0.0176
2020-03-25 21:04:37.846839 Epoch [005/050], Step [0100/0153], LR: 0.050000, SalLoss: 0.0176
2020-03-25 21:04:50.140375 Epoch [005/050], Step [0110/0153], LR: 0.050000, SalLoss: 0.0175
2020-03-25 21:04:58.601808 Epoch [005/050], Step [0120/0153], LR: 0.050000, SalLoss: 0.0178
2020-03-25 21:05:10.174588 Epoch [005/050], Step [0130/0153], LR: 0.050000, SalLoss: 0.0175
2020-03-25 21:05:22.883630 Epoch [005/050], Step [0140/0153], LR: 0.050000, SalLoss: 0.0177
2020-03-25 21:05:33.739131 Epoch [005/050], Step [0150/0153], LR: 0.050000, SalLoss: 0.0183
2020-03-25 21:05:38.777563 Epoch [005/050], Step [0153/0153], LR: 0.050000, SalLoss: 0.0179
2020-03-25 21:05:53.310878 Epoch [006/050], Step [0010/0153], LR: 0.050000, SalLoss: 0.0181
2020-03-25 21:06:03.374507 Epoch [006/050], Step [0020/0153], LR: 0.050000, SalLoss: 0.0177
2020-03-25 21:06:12.515536 Epoch [006/050], Step [0030/0153], LR: 0.050000, SalLoss: 0.0180
2020-03-25 21:06:20.877143 Epoch [006/050], Step [0040/0153], LR: 0.050000, SalLoss: 0.0178
2020-03-25 21:06:34.445700 Epoch [006/050], Step [0050/0153], LR: 0.050000, SalLoss: 0.0173
2020-03-25 21:06:47.201288 Epoch [006/050], Step [0060/0153], LR: 0.050000, SalLoss: 0.0175
2020-03-25 21:06:56.895603 Epoch [006/050], Step [0070/0153], LR: 0.050000, SalLoss: 0.0172
2020-03-25 21:07:05.008717 Epoch [006/050], Step [0080/0153], LR: 0.050000, SalLoss: 0.0170
2020-03-25 21:07:13.189543 Epoch [006/050], Step [0090/0153], LR: 0.050000, SalLoss: 0.0175
2020-03-25 21:07:22.419463 Epoch [006/050], Step [0100/0153], LR: 0.050000, SalLoss: 0.0173
2020-03-25 21:07:35.268701 Epoch [006/050], Step [0110/0153], LR: 0.050000, SalLoss: 0.0175
2020-03-25 21:07:48.755107 Epoch [006/050], Step [0120/0153], LR: 0.050000, SalLoss: 0.0179
2020-03-25 21:08:02.245415 Epoch [006/050], Step [0130/0153], LR: 0.050000, SalLoss: 0.0176
2020-03-25 21:08:13.722077 Epoch [006/050], Step [0140/0153], LR: 0.050000, SalLoss: 0.0179
2020-03-25 21:08:27.212382 Epoch [006/050], Step [0150/0153], LR: 0.050000, SalLoss: 0.0175
2020-03-25 21:08:32.835204 Epoch [006/050], Step [0153/0153], LR: 0.050000, SalLoss: 0.0174
2020-03-25 21:08:52.152304 Epoch [007/050], Step [0010/0153], LR: 0.050000, SalLoss: 0.0173
2020-03-25 21:09:03.811287 Epoch [007/050], Step [0020/0153], LR: 0.050000, SalLoss: 0.0176
2020-03-25 21:09:12.236026 Epoch [007/050], Step [0030/0153], LR: 0.050000, SalLoss: 0.0179
2020-03-25 21:09:20.561441 Epoch [007/050], Step [0040/0153], LR: 0.050000, SalLoss: 0.0182
2020-03-25 21:09:28.809070 Epoch [007/050], Step [0050/0153], LR: 0.050000, SalLoss: 0.0179
2020-03-25 21:09:48.888147 Epoch [007/050], Step [0060/0153], LR: 0.050000, SalLoss: 0.0180
2020-03-25 21:10:06.983614 Epoch [007/050], Step [0070/0153], LR: 0.050000, SalLoss: 0.0175
2020-03-25 21:10:15.599855 Epoch [007/050], Step [0080/0153], LR: 0.050000, SalLoss: 0.0173
2020-03-25 21:10:23.940167 Epoch [007/050], Step [0090/0153], LR: 0.050000, SalLoss: 0.0172
2020-03-25 21:10:36.698435 Epoch [007/050], Step [0100/0153], LR: 0.050000, SalLoss: 0.0167
2020-03-25 21:10:48.451204 Epoch [007/050], Step [0110/0153], LR: 0.050000, SalLoss: 0.0166
2020-03-25 21:11:04.689741 Epoch [007/050], Step [0120/0153], LR: 0.050000, SalLoss: 0.0171
2020-03-25 21:11:18.476547 Epoch [007/050], Step [0130/0153], LR: 0.050000, SalLoss: 0.0170
2020-03-25 21:11:27.402128 Epoch [007/050], Step [0140/0153], LR: 0.050000, SalLoss: 0.0168
2020-03-25 21:11:48.235419 Epoch [007/050], Step [0150/0153], LR: 0.050000, SalLoss: 0.0172
2020-03-25 21:11:54.240251 Epoch [007/050], Step [0153/0153], LR: 0.050000, SalLoss: 0.0172
2020-03-25 21:12:07.501280 Epoch [008/050], Step [0010/0153], LR: 0.050000, SalLoss: 0.0167
2020-03-25 21:12:15.229588 Epoch [008/050], Step [0020/0153], LR: 0.050000, SalLoss: 0.0175
2020-03-25 21:12:22.857406 Epoch [008/050], Step [0030/0153], LR: 0.050000, SalLoss: 0.0177
2020-03-25 21:12:30.597880 Epoch [008/050], Step [0040/0153], LR: 0.050000, SalLoss: 0.0173
2020-03-25 21:12:44.068841 Epoch [008/050], Step [0050/0153], LR: 0.050000, SalLoss: 0.0175
2020-03-25 21:13:03.391647 Epoch [008/050], Step [0060/0153], LR: 0.050000, SalLoss: 0.0173
2020-03-25 21:13:21.181640 Epoch [008/050], Step [0070/0153], LR: 0.050000, SalLoss: 0.0173
2020-03-25 21:13:34.883973 Epoch [008/050], Step [0080/0153], LR: 0.050000, SalLoss: 0.0177
2020-03-25 21:13:48.174360 Epoch [008/050], Step [0090/0153], LR: 0.050000, SalLoss: 0.0178
2020-03-25 21:14:04.013338 Epoch [008/050], Step [0100/0153], LR: 0.050000, SalLoss: 0.0176
2020-03-25 21:14:22.033751 Epoch [008/050], Step [0110/0153], LR: 0.050000, SalLoss: 0.0180
2020-03-25 21:14:35.868812 Epoch [008/050], Step [0120/0153], LR: 0.050000, SalLoss: 0.0176
2020-03-25 21:14:43.536344 Epoch [008/050], Step [0130/0153], LR: 0.050000, SalLoss: 0.0169
2020-03-25 21:14:50.940317 Epoch [008/050], Step [0140/0153], LR: 0.050000, SalLoss: 0.0170
2020-03-25 21:14:58.398578 Epoch [008/050], Step [0150/0153], LR: 0.050000, SalLoss: 0.0164
2020-03-25 21:15:00.227071 Epoch [008/050], Step [0153/0153], LR: 0.050000, SalLoss: 0.0159
2020-03-25 21:15:09.800565 Epoch [009/050], Step [0010/0153], LR: 0.050000, SalLoss: 0.0161
2020-03-25 21:15:19.814209 Epoch [009/050], Step [0020/0153], LR: 0.050000, SalLoss: 0.0164
2020-03-25 21:15:31.032190 Epoch [009/050], Step [0030/0153], LR: 0.050000, SalLoss: 0.0158
2020-03-25 21:15:44.203680 Epoch [009/050], Step [0040/0153], LR: 0.050000, SalLoss: 0.0167
2020-03-25 21:15:57.874261 Epoch [009/050], Step [0050/0153], LR: 0.050000, SalLoss: 0.0167
2020-03-25 21:16:10.951357 Epoch [009/050], Step [0060/0153], LR: 0.050000, SalLoss: 0.0173
2020-03-25 21:16:24.301401 Epoch [009/050], Step [0070/0153], LR: 0.050000, SalLoss: 0.0175
2020-03-25 21:16:38.004214 Epoch [009/050], Step [0080/0153], LR: 0.050000, SalLoss: 0.0173
2020-03-25 21:16:49.810667 Epoch [009/050], Step [0090/0153], LR: 0.050000, SalLoss: 0.0176
2020-03-25 21:17:01.544572 Epoch [009/050], Step [0100/0153], LR: 0.050000, SalLoss: 0.0177
2020-03-25 21:17:12.497600 Epoch [009/050], Step [0110/0153], LR: 0.050000, SalLoss: 0.0177
2020-03-25 21:17:20.417113 Epoch [009/050], Step [0120/0153], LR: 0.050000, SalLoss: 0.0179
2020-03-25 21:17:28.121108 Epoch [009/050], Step [0130/0153], LR: 0.050000, SalLoss: 0.0174
2020-03-25 21:17:35.516091 Epoch [009/050], Step [0140/0153], LR: 0.050000, SalLoss: 0.0174
2020-03-25 21:17:42.950250 Epoch [009/050], Step [0150/0153], LR: 0.050000, SalLoss: 0.0173
2020-03-25 21:17:44.784815 Epoch [009/050], Step [0153/0153], LR: 0.050000, SalLoss: 0.0171
2020-03-25 21:17:56.913642 Epoch [010/050], Step [0010/0153], LR: 0.050000, SalLoss: 0.0168
2020-03-25 21:18:08.878040 Epoch [010/050], Step [0020/0153], LR: 0.050000, SalLoss: 0.0171
2020-03-25 21:18:26.932048 Epoch [010/050], Step [0030/0153], LR: 0.050000, SalLoss: 0.0175
2020-03-25 21:18:35.895839 Epoch [010/050], Step [0040/0153], LR: 0.050000, SalLoss: 0.0172
2020-03-25 21:18:44.842166 Epoch [010/050], Step [0050/0153], LR: 0.050000, SalLoss: 0.0175
2020-03-25 21:18:53.873252 Epoch [010/050], Step [0060/0153], LR: 0.050000, SalLoss: 0.0170
2020-03-25 21:19:07.010024 Epoch [010/050], Step [0070/0153], LR: 0.050000, SalLoss: 0.0162
2020-03-25 21:19:16.524288 Epoch [010/050], Step [0080/0153], LR: 0.050000, SalLoss: 0.0167
2020-03-25 21:19:24.409797 Epoch [010/050], Step [0090/0153], LR: 0.050000, SalLoss: 0.0166
2020-03-25 21:19:32.267491 Epoch [010/050], Step [0100/0153], LR: 0.050000, SalLoss: 0.0172
2020-03-25 21:19:42.524018 Epoch [010/050], Step [0110/0153], LR: 0.050000, SalLoss: 0.0174
2020-03-25 21:19:58.499508 Epoch [010/050], Step [0120/0153], LR: 0.050000, SalLoss: 0.0174
2020-03-25 21:20:10.420701 Epoch [010/050], Step [0130/0153], LR: 0.050000, SalLoss: 0.0174
2020-03-25 21:20:23.864682 Epoch [010/050], Step [0140/0153], LR: 0.050000, SalLoss: 0.0170
2020-03-25 21:20:34.123829 Epoch [010/050], Step [0150/0153], LR: 0.050000, SalLoss: 0.0175
2020-03-25 21:20:35.929211 Epoch [010/050], Step [0153/0153], LR: 0.050000, SalLoss: 0.0172
2020-03-25 21:20:48.312245 Epoch [011/050], Step [0010/0153], LR: 0.050000, SalLoss: 0.0172
2020-03-25 21:20:57.221192 Epoch [011/050], Step [0020/0153], LR: 0.050000, SalLoss: 0.0169
2020-03-25 21:21:08.437304 Epoch [011/050], Step [0030/0153], LR: 0.050000, SalLoss: 0.0165
2020-03-25 21:21:20.102725 Epoch [011/050], Step [0040/0153], LR: 0.050000, SalLoss: 0.0165
2020-03-25 21:21:32.137165 Epoch [011/050], Step [0050/0153], LR: 0.050000, SalLoss: 0.0168
2020-03-25 21:21:44.437999 Epoch [011/050], Step [0060/0153], LR: 0.050000, SalLoss: 0.0173
2020-03-25 21:21:53.080190 Epoch [011/050], Step [0070/0153], LR: 0.050000, SalLoss: 0.0173
2020-03-25 21:22:06.267915 Epoch [011/050], Step [0080/0153], LR: 0.050000, SalLoss: 0.0174
2020-03-25 21:22:18.777026 Epoch [011/050], Step [0090/0153], LR: 0.050000, SalLoss: 0.0179
2020-03-25 21:22:29.592655 Epoch [011/050], Step [0100/0153], LR: 0.050000, SalLoss: 0.0176
2020-03-25 21:22:40.239491 Epoch [011/050], Step [0110/0153], LR: 0.050000, SalLoss: 0.0175
2020-03-25 21:22:48.709399 Epoch [011/050], Step [0120/0153], LR: 0.050000, SalLoss: 0.0172
2020-03-25 21:23:02.175762 Epoch [011/050], Step [0130/0153], LR: 0.050000, SalLoss: 0.0164
2020-03-25 21:23:15.174860 Epoch [011/050], Step [0140/0153], LR: 0.050000, SalLoss: 0.0167
2020-03-25 21:23:23.127860 Epoch [011/050], Step [0150/0153], LR: 0.050000, SalLoss: 0.0170
2020-03-25 21:23:24.898303 Epoch [011/050], Step [0153/0153], LR: 0.050000, SalLoss: 0.0171
2020-03-25 21:23:36.294505 Epoch [012/050], Step [0010/0153], LR: 0.050000, SalLoss: 0.0173
2020-03-25 21:23:44.563913 Epoch [012/050], Step [0020/0153], LR: 0.050000, SalLoss: 0.0169
2020-03-25 21:23:55.960414 Epoch [012/050], Step [0030/0153], LR: 0.050000, SalLoss: 0.0168
2020-03-25 21:24:13.208509 Epoch [012/050], Step [0040/0153], LR: 0.050000, SalLoss: 0.0163
2020-03-25 21:24:20.997861 Epoch [012/050], Step [0050/0153], LR: 0.050000, SalLoss: 0.0159
2020-03-25 21:24:28.680265 Epoch [012/050], Step [0060/0153], LR: 0.050000, SalLoss: 0.0162
2020-03-25 21:24:36.860949 Epoch [012/050], Step [0070/0153], LR: 0.050000, SalLoss: 0.0165
2020-03-25 21:24:44.897216 Epoch [012/050], Step [0080/0153], LR: 0.050000, SalLoss: 0.0167
2020-03-25 21:25:01.411638 Epoch [012/050], Step [0090/0153], LR: 0.050000, SalLoss: 0.0170
2020-03-25 21:25:23.932362 Epoch [012/050], Step [0100/0153], LR: 0.050000, SalLoss: 0.0174
2020-03-25 21:25:39.059554 Epoch [012/050], Step [0110/0153], LR: 0.050000, SalLoss: 0.0172
2020-03-25 21:25:46.662968 Epoch [012/050], Step [0120/0153], LR: 0.050000, SalLoss: 0.0174
2020-03-25 21:25:54.251633 Epoch [012/050], Step [0130/0153], LR: 0.050000, SalLoss: 0.0178
2020-03-25 21:26:01.737827 Epoch [012/050], Step [0140/0153], LR: 0.050000, SalLoss: 0.0174
2020-03-25 21:26:10.852865 Epoch [012/050], Step [0150/0153], LR: 0.050000, SalLoss: 0.0175
2020-03-25 21:26:13.229297 Epoch [012/050], Step [0153/0153], LR: 0.050000, SalLoss: 0.0174
2020-03-25 21:26:23.029976 Epoch [013/050], Step [0010/0153], LR: 0.050000, SalLoss: 0.0178
2020-03-25 21:26:31.120541 Epoch [013/050], Step [0020/0153], LR: 0.050000, SalLoss: 0.0175
2020-03-25 21:26:39.126878 Epoch [013/050], Step [0030/0153], LR: 0.050000, SalLoss: 0.0176
2020-03-25 21:26:47.139955 Epoch [013/050], Step [0040/0153], LR: 0.050000, SalLoss: 0.0179
2020-03-25 21:26:55.476078 Epoch [013/050], Step [0050/0153], LR: 0.050000, SalLoss: 0.0177
2020-03-25 21:27:07.037850 Epoch [013/050], Step [0060/0153], LR: 0.050000, SalLoss: 0.0174
2020-03-25 21:27:17.431939 Epoch [013/050], Step [0070/0153], LR: 0.050000, SalLoss: 0.0172
2020-03-25 21:27:25.336208 Epoch [013/050], Step [0080/0153], LR: 0.050000, SalLoss: 0.0172
2020-03-25 21:27:33.128526 Epoch [013/050], Step [0090/0153], LR: 0.050000, SalLoss: 0.0168
2020-03-25 21:27:40.955224 Epoch [013/050], Step [0100/0153], LR: 0.050000, SalLoss: 0.0175
2020-03-25 21:27:48.652801 Epoch [013/050], Step [0110/0153], LR: 0.050000, SalLoss: 0.0170
2020-03-25 21:27:56.278652 Epoch [013/050], Step [0120/0153], LR: 0.050000, SalLoss: 0.0166
2020-03-25 21:28:05.160423 Epoch [013/050], Step [0130/0153], LR: 0.050000, SalLoss: 0.0170
2020-03-25 21:28:12.565513 Epoch [013/050], Step [0140/0153], LR: 0.050000, SalLoss: 0.0166
2020-03-25 21:28:19.935987 Epoch [013/050], Step [0150/0153], LR: 0.050000, SalLoss: 0.0169
2020-03-25 21:28:21.831247 Epoch [013/050], Step [0153/0153], LR: 0.050000, SalLoss: 0.0172
2020-03-25 21:28:31.451011 Epoch [014/050], Step [0010/0153], LR: 0.050000, SalLoss: 0.0178
2020-03-25 21:28:39.632338 Epoch [014/050], Step [0020/0153], LR: 0.050000, SalLoss: 0.0177
2020-03-25 21:28:47.940804 Epoch [014/050], Step [0030/0153], LR: 0.050000, SalLoss: 0.0174
2020-03-25 21:28:55.763161 Epoch [014/050], Step [0040/0153], LR: 0.050000, SalLoss: 0.0174
2020-03-25 21:29:03.511811 Epoch [014/050], Step [0050/0153], LR: 0.050000, SalLoss: 0.0176
2020-03-25 21:29:11.355302 Epoch [014/050], Step [0060/0153], LR: 0.050000, SalLoss: 0.0176
2020-03-25 21:29:19.068241 Epoch [014/050], Step [0070/0153], LR: 0.050000, SalLoss: 0.0174
2020-03-25 21:29:27.071674 Epoch [014/050], Step [0080/0153], LR: 0.050000, SalLoss: 0.0177
2020-03-25 21:29:34.929473 Epoch [014/050], Step [0090/0153], LR: 0.050000, SalLoss: 0.0172
2020-03-25 21:29:42.873398 Epoch [014/050], Step [0100/0153], LR: 0.050000, SalLoss: 0.0171
2020-03-25 21:29:51.567079 Epoch [014/050], Step [0110/0153], LR: 0.050000, SalLoss: 0.0170
2020-03-25 21:30:04.329540 Epoch [014/050], Step [0120/0153], LR: 0.050000, SalLoss: 0.0165
2020-03-25 21:30:14.579373 Epoch [014/050], Step [0130/0153], LR: 0.050000, SalLoss: 0.0166
2020-03-25 21:30:22.171897 Epoch [014/050], Step [0140/0153], LR: 0.050000, SalLoss: 0.0165
2020-03-25 21:30:29.633650 Epoch [014/050], Step [0150/0153], LR: 0.050000, SalLoss: 0.0168
2020-03-25 21:30:31.489629 Epoch [014/050], Step [0153/0153], LR: 0.050000, SalLoss: 0.0172
2020-03-25 21:30:41.295496 Epoch [015/050], Step [0010/0153], LR: 0.050000, SalLoss: 0.0172
2020-03-25 21:30:49.035235 Epoch [015/050], Step [0020/0153], LR: 0.050000, SalLoss: 0.0170
2020-03-25 21:30:56.873301 Epoch [015/050], Step [0030/0153], LR: 0.050000, SalLoss: 0.0172
2020-03-25 21:31:04.934096 Epoch [015/050], Step [0040/0153], LR: 0.050000, SalLoss: 0.0174
2020-03-25 21:31:12.637078 Epoch [015/050], Step [0050/0153], LR: 0.050000, SalLoss: 0.0170
2020-03-25 21:31:20.482861 Epoch [015/050], Step [0060/0153], LR: 0.050000, SalLoss: 0.0176
2020-03-25 21:31:28.306237 Epoch [015/050], Step [0070/0153], LR: 0.050000, SalLoss: 0.0176
2020-03-25 21:31:36.130329 Epoch [015/050], Step [0080/0153], LR: 0.050000, SalLoss: 0.0173
2020-03-25 21:31:44.681537 Epoch [015/050], Step [0090/0153], LR: 0.050000, SalLoss: 0.0178
2020-03-25 21:31:57.165992 Epoch [015/050], Step [0100/0153], LR: 0.050000, SalLoss: 0.0177
2020-03-25 21:32:10.487584 Epoch [015/050], Step [0110/0153], LR: 0.050000, SalLoss: 0.0170
2020-03-25 21:32:25.324090 Epoch [015/050], Step [0120/0153], LR: 0.050000, SalLoss: 0.0175
2020-03-25 21:32:43.022645 Epoch [015/050], Step [0130/0153], LR: 0.050000, SalLoss: 0.0171
2020-03-25 21:32:54.750542 Epoch [015/050], Step [0140/0153], LR: 0.050000, SalLoss: 0.0173
2020-03-25 21:33:02.405604 Epoch [015/050], Step [0150/0153], LR: 0.050000, SalLoss: 0.0172
2020-03-25 21:33:04.208269 Epoch [015/050], Step [0153/0153], LR: 0.050000, SalLoss: 0.0171
2020-03-25 21:33:13.860612 Epoch [016/050], Step [0010/0153], LR: 0.050000, SalLoss: 0.0171
2020-03-25 21:33:21.507356 Epoch [016/050], Step [0020/0153], LR: 0.050000, SalLoss: 0.0169
2020-03-25 21:33:29.156950 Epoch [016/050], Step [0030/0153], LR: 0.050000, SalLoss: 0.0170
2020-03-25 21:33:37.013102 Epoch [016/050], Step [0040/0153], LR: 0.050000, SalLoss: 0.0171
2020-03-25 21:33:44.696848 Epoch [016/050], Step [0050/0153], LR: 0.050000, SalLoss: 0.0171
2020-03-25 21:33:52.299106 Epoch [016/050], Step [0060/0153], LR: 0.050000, SalLoss: 0.0174
2020-03-25 21:34:00.056932 Epoch [016/050], Step [0070/0153], LR: 0.050000, SalLoss: 0.0172
2020-03-25 21:34:07.830582 Epoch [016/050], Step [0080/0153], LR: 0.050000, SalLoss: 0.0172
2020-03-25 21:34:17.969025 Epoch [016/050], Step [0090/0153], LR: 0.050000, SalLoss: 0.0168
2020-03-25 21:34:31.526831 Epoch [016/050], Step [0100/0153], LR: 0.050000, SalLoss: 0.0172
2020-03-25 21:34:45.142829 Epoch [016/050], Step [0110/0153], LR: 0.050000, SalLoss: 0.0170
2020-03-25 21:34:58.358550 Epoch [016/050], Step [0120/0153], LR: 0.050000, SalLoss: 0.0170
2020-03-25 21:35:09.911724 Epoch [016/050], Step [0130/0153], LR: 0.050000, SalLoss: 0.0170
2020-03-25 21:35:26.339561 Epoch [016/050], Step [0140/0153], LR: 0.050000, SalLoss: 0.0166
2020-03-25 21:35:43.201913 Epoch [016/050], Step [0150/0153], LR: 0.050000, SalLoss: 0.0170
2020-03-25 21:35:47.954400 Epoch [016/050], Step [0153/0153], LR: 0.050000, SalLoss: 0.0170
2020-03-25 21:36:01.286248 Epoch [017/050], Step [0010/0153], LR: 0.050000, SalLoss: 0.0169
2020-03-25 21:36:13.062936 Epoch [017/050], Step [0020/0153], LR: 0.050000, SalLoss: 0.0170
2020-03-25 21:36:26.331484 Epoch [017/050], Step [0030/0153], LR: 0.050000, SalLoss: 0.0171
2020-03-25 21:36:44.759589 Epoch [017/050], Step [0040/0153], LR: 0.050000, SalLoss: 0.0174
2020-03-25 21:36:59.812926 Epoch [017/050], Step [0050/0153], LR: 0.050000, SalLoss: 0.0174
2020-03-25 21:37:12.909212 Epoch [017/050], Step [0060/0153], LR: 0.050000, SalLoss: 0.0171
2020-03-25 21:37:25.687189 Epoch [017/050], Step [0070/0153], LR: 0.050000, SalLoss: 0.0168
2020-03-25 21:37:34.907569 Epoch [017/050], Step [0080/0153], LR: 0.050000, SalLoss: 0.0169
2020-03-25 21:37:42.824642 Epoch [017/050], Step [0090/0153], LR: 0.050000, SalLoss: 0.0172
2020-03-25 21:37:50.598686 Epoch [017/050], Step [0100/0153], LR: 0.050000, SalLoss: 0.0171
2020-03-25 21:37:58.472801 Epoch [017/050], Step [0110/0153], LR: 0.050000, SalLoss: 0.0170
2020-03-25 21:38:06.396054 Epoch [017/050], Step [0120/0153], LR: 0.050000, SalLoss: 0.0165
2020-03-25 21:38:14.499377 Epoch [017/050], Step [0130/0153], LR: 0.050000, SalLoss: 0.0163
2020-03-25 21:38:27.764357 Epoch [017/050], Step [0140/0153], LR: 0.050000, SalLoss: 0.0168
2020-03-25 21:38:40.457490 Epoch [017/050], Step [0150/0153], LR: 0.050000, SalLoss: 0.0171
2020-03-25 21:38:43.442044 Epoch [017/050], Step [0153/0153], LR: 0.050000, SalLoss: 0.0171
2020-03-25 21:38:56.160772 Epoch [018/050], Step [0010/0153], LR: 0.050000, SalLoss: 0.0171
2020-03-25 21:39:07.773420 Epoch [018/050], Step [0020/0153], LR: 0.050000, SalLoss: 0.0169
2020-03-25 21:39:18.791064 Epoch [018/050], Step [0030/0153], LR: 0.050000, SalLoss: 0.0171
2020-03-25 21:39:30.014730 Epoch [018/050], Step [0040/0153], LR: 0.050000, SalLoss: 0.0166
2020-03-25 21:39:41.610328 Epoch [018/050], Step [0050/0153], LR: 0.050000, SalLoss: 0.0162
2020-03-25 21:39:58.487486 Epoch [018/050], Step [0060/0153], LR: 0.050000, SalLoss: 0.0166
2020-03-25 21:40:16.991659 Epoch [018/050], Step [0070/0153], LR: 0.050000, SalLoss: 0.0167
2020-03-25 21:40:28.737499 Epoch [018/050], Step [0080/0153], LR: 0.050000, SalLoss: 0.0169
2020-03-25 21:40:40.399679 Epoch [018/050], Step [0090/0153], LR: 0.050000, SalLoss: 0.0174
2020-03-25 21:40:52.899658 Epoch [018/050], Step [0100/0153], LR: 0.050000, SalLoss: 0.0176
2020-03-25 21:41:04.760675 Epoch [018/050], Step [0110/0153], LR: 0.050000, SalLoss: 0.0174
2020-03-25 21:41:17.000150 Epoch [018/050], Step [0120/0153], LR: 0.050000, SalLoss: 0.0178
2020-03-25 21:41:29.976497 Epoch [018/050], Step [0130/0153], LR: 0.050000, SalLoss: 0.0178
2020-03-25 21:41:47.379451 Epoch [018/050], Step [0140/0153], LR: 0.050000, SalLoss: 0.0176
2020-03-25 21:42:03.187530 Epoch [018/050], Step [0150/0153], LR: 0.050000, SalLoss: 0.0178
2020-03-25 21:42:06.288975 Epoch [018/050], Step [0153/0153], LR: 0.050000, SalLoss: 0.0176
2020-03-25 21:42:20.234826 Epoch [019/050], Step [0010/0153], LR: 0.050000, SalLoss: 0.0175
2020-03-25 21:42:32.730326 Epoch [019/050], Step [0020/0153], LR: 0.050000, SalLoss: 0.0171
2020-03-25 21:42:47.631026 Epoch [019/050], Step [0030/0153], LR: 0.050000, SalLoss: 0.0167
2020-03-25 21:42:58.453538 Epoch [019/050], Step [0040/0153], LR: 0.050000, SalLoss: 0.0165
2020-03-25 21:43:07.755446 Epoch [019/050], Step [0050/0153], LR: 0.050000, SalLoss: 0.0167
2020-03-25 21:43:15.419612 Epoch [019/050], Step [0060/0153], LR: 0.050000, SalLoss: 0.0167
2020-03-25 21:43:23.062937 Epoch [019/050], Step [0070/0153], LR: 0.050000, SalLoss: 0.0173
2020-03-25 21:43:30.737783 Epoch [019/050], Step [0080/0153], LR: 0.050000, SalLoss: 0.0178
2020-03-25 21:43:38.489816 Epoch [019/050], Step [0090/0153], LR: 0.050000, SalLoss: 0.0173
2020-03-25 21:43:48.190665 Epoch [019/050], Step [0100/0153], LR: 0.050000, SalLoss: 0.0175
2020-03-25 21:44:00.464041 Epoch [019/050], Step [0110/0153], LR: 0.050000, SalLoss: 0.0171
2020-03-25 21:44:12.964830 Epoch [019/050], Step [0120/0153], LR: 0.050000, SalLoss: 0.0165
2020-03-25 21:44:24.607991 Epoch [019/050], Step [0130/0153], LR: 0.050000, SalLoss: 0.0167
2020-03-25 21:44:37.191484 Epoch [019/050], Step [0140/0153], LR: 0.050000, SalLoss: 0.0167
2020-03-25 21:44:50.772645 Epoch [019/050], Step [0150/0153], LR: 0.050000, SalLoss: 0.0169
2020-03-25 21:44:54.203946 Epoch [019/050], Step [0153/0153], LR: 0.050000, SalLoss: 0.0166
2020-03-25 21:45:06.804180 Epoch [020/050], Step [0010/0153], LR: 0.000500, SalLoss: 0.0169
2020-03-25 21:45:14.512337 Epoch [020/050], Step [0020/0153], LR: 0.000500, SalLoss: 0.0165
2020-03-25 21:45:23.346165 Epoch [020/050], Step [0030/0153], LR: 0.000500, SalLoss: 0.0166
2020-03-25 21:45:35.032849 Epoch [020/050], Step [0040/0153], LR: 0.000500, SalLoss: 0.0166
2020-03-25 21:45:46.396188 Epoch [020/050], Step [0050/0153], LR: 0.000500, SalLoss: 0.0161
2020-03-25 21:45:56.677505 Epoch [020/050], Step [0060/0153], LR: 0.000500, SalLoss: 0.0163
2020-03-25 21:46:04.236702 Epoch [020/050], Step [0070/0153], LR: 0.000500, SalLoss: 0.0158
2020-03-25 21:46:11.794589 Epoch [020/050], Step [0080/0153], LR: 0.000500, SalLoss: 0.0160
2020-03-25 21:46:19.710983 Epoch [020/050], Step [0090/0153], LR: 0.000500, SalLoss: 0.0158
2020-03-25 21:46:27.357563 Epoch [020/050], Step [0100/0153], LR: 0.000500, SalLoss: 0.0157
2020-03-25 21:46:35.105801 Epoch [020/050], Step [0110/0153], LR: 0.000500, SalLoss: 0.0163
2020-03-25 21:46:45.818712 Epoch [020/050], Step [0120/0153], LR: 0.000500, SalLoss: 0.0160
2020-03-25 21:46:58.054091 Epoch [020/050], Step [0130/0153], LR: 0.000500, SalLoss: 0.0165
2020-03-25 21:47:10.224394 Epoch [020/050], Step [0140/0153], LR: 0.000500, SalLoss: 0.0163
2020-03-25 21:47:24.508107 Epoch [020/050], Step [0150/0153], LR: 0.000500, SalLoss: 0.0161
2020-03-25 21:47:27.453946 Epoch [020/050], Step [0153/0153], LR: 0.000500, SalLoss: 0.0161
2020-03-25 21:47:38.431063 Epoch [021/050], Step [0010/0153], LR: 0.005000, SalLoss: 0.0160
2020-03-25 21:47:46.172282 Epoch [021/050], Step [0020/0153], LR: 0.005000, SalLoss: 0.0160
2020-03-25 21:47:53.935856 Epoch [021/050], Step [0030/0153], LR: 0.005000, SalLoss: 0.0159
2020-03-25 21:48:01.845817 Epoch [021/050], Step [0040/0153], LR: 0.005000, SalLoss: 0.0160
2020-03-25 21:48:09.659650 Epoch [021/050], Step [0050/0153], LR: 0.005000, SalLoss: 0.0160
2020-03-25 21:48:17.366244 Epoch [021/050], Step [0060/0153], LR: 0.005000, SalLoss: 0.0158
2020-03-25 21:48:25.178264 Epoch [021/050], Step [0070/0153], LR: 0.005000, SalLoss: 0.0156
2020-03-25 21:48:34.713251 Epoch [021/050], Step [0080/0153], LR: 0.005000, SalLoss: 0.0157
2020-03-25 21:48:47.455564 Epoch [021/050], Step [0090/0153], LR: 0.005000, SalLoss: 0.0156
2020-03-25 21:49:00.052749 Epoch [021/050], Step [0100/0153], LR: 0.005000, SalLoss: 0.0158
2020-03-25 21:49:12.167477 Epoch [021/050], Step [0110/0153], LR: 0.005000, SalLoss: 0.0164
2020-03-25 21:49:19.848003 Epoch [021/050], Step [0120/0153], LR: 0.005000, SalLoss: 0.0165
2020-03-25 21:49:27.476847 Epoch [021/050], Step [0130/0153], LR: 0.005000, SalLoss: 0.0167
2020-03-25 21:49:34.928977 Epoch [021/050], Step [0140/0153], LR: 0.005000, SalLoss: 0.0160
2020-03-25 21:49:43.601825 Epoch [021/050], Step [0150/0153], LR: 0.005000, SalLoss: 0.0156
2020-03-25 21:49:47.440845 Epoch [021/050], Step [0153/0153], LR: 0.005000, SalLoss: 0.0155
2020-03-25 21:50:05.871478 Epoch [022/050], Step [0010/0153], LR: 0.005000, SalLoss: 0.0152
2020-03-25 21:50:19.903620 Epoch [022/050], Step [0020/0153], LR: 0.005000, SalLoss: 0.0157
2020-03-25 21:50:29.355922 Epoch [022/050], Step [0030/0153], LR: 0.005000, SalLoss: 0.0163
2020-03-25 21:50:39.127700 Epoch [022/050], Step [0040/0153], LR: 0.005000, SalLoss: 0.0162
2020-03-25 21:50:51.781170 Epoch [022/050], Step [0050/0153], LR: 0.005000, SalLoss: 0.0163
2020-03-25 21:51:05.647363 Epoch [022/050], Step [0060/0153], LR: 0.005000, SalLoss: 0.0158
2020-03-25 21:51:15.329266 Epoch [022/050], Step [0070/0153], LR: 0.005000, SalLoss: 0.0155
2020-03-25 21:51:23.028936 Epoch [022/050], Step [0080/0153], LR: 0.005000, SalLoss: 0.0152
2020-03-25 21:51:30.769335 Epoch [022/050], Step [0090/0153], LR: 0.005000, SalLoss: 0.0152
2020-03-25 21:51:38.505790 Epoch [022/050], Step [0100/0153], LR: 0.005000, SalLoss: 0.0158
2020-03-25 21:51:46.175185 Epoch [022/050], Step [0110/0153], LR: 0.005000, SalLoss: 0.0158
2020-03-25 21:51:53.974169 Epoch [022/050], Step [0120/0153], LR: 0.005000, SalLoss: 0.0159
2020-03-25 21:52:02.394196 Epoch [022/050], Step [0130/0153], LR: 0.005000, SalLoss: 0.0157
2020-03-25 21:52:10.216264 Epoch [022/050], Step [0140/0153], LR: 0.005000, SalLoss: 0.0152
2020-03-25 21:52:18.162573 Epoch [022/050], Step [0150/0153], LR: 0.005000, SalLoss: 0.0158
2020-03-25 21:52:20.002138 Epoch [022/050], Step [0153/0153], LR: 0.005000, SalLoss: 0.0157
2020-03-25 21:52:29.837155 Epoch [023/050], Step [0010/0153], LR: 0.005000, SalLoss: 0.0160
2020-03-25 21:52:37.529314 Epoch [023/050], Step [0020/0153], LR: 0.005000, SalLoss: 0.0153
2020-03-25 21:52:45.219969 Epoch [023/050], Step [0030/0153], LR: 0.005000, SalLoss: 0.0152
2020-03-25 21:52:52.893303 Epoch [023/050], Step [0040/0153], LR: 0.005000, SalLoss: 0.0153
2020-03-25 21:53:00.632531 Epoch [023/050], Step [0050/0153], LR: 0.005000, SalLoss: 0.0151
2020-03-25 21:53:08.672950 Epoch [023/050], Step [0060/0153], LR: 0.005000, SalLoss: 0.0161
2020-03-25 21:53:22.331300 Epoch [023/050], Step [0070/0153], LR: 0.005000, SalLoss: 0.0160
2020-03-25 21:53:34.325154 Epoch [023/050], Step [0080/0153], LR: 0.005000, SalLoss: 0.0158
2020-03-25 21:53:50.852921 Epoch [023/050], Step [0090/0153], LR: 0.005000, SalLoss: 0.0157
2020-03-25 21:54:09.691376 Epoch [023/050], Step [0100/0153], LR: 0.005000, SalLoss: 0.0154
2020-03-25 21:54:18.793616 Epoch [023/050], Step [0110/0153], LR: 0.005000, SalLoss: 0.0155
2020-03-25 21:54:28.162838 Epoch [023/050], Step [0120/0153], LR: 0.005000, SalLoss: 0.0158
2020-03-25 21:54:35.948380 Epoch [023/050], Step [0130/0153], LR: 0.005000, SalLoss: 0.0159
2020-03-25 21:54:44.707470 Epoch [023/050], Step [0140/0153], LR: 0.005000, SalLoss: 0.0159
2020-03-25 21:54:57.842825 Epoch [023/050], Step [0150/0153], LR: 0.005000, SalLoss: 0.0164
2020-03-25 21:55:01.310474 Epoch [023/050], Step [0153/0153], LR: 0.005000, SalLoss: 0.0164
2020-03-25 21:55:16.069646 Epoch [024/050], Step [0010/0153], LR: 0.005000, SalLoss: 0.0159
2020-03-25 21:55:23.820081 Epoch [024/050], Step [0020/0153], LR: 0.005000, SalLoss: 0.0160
2020-03-25 21:55:31.601330 Epoch [024/050], Step [0030/0153], LR: 0.005000, SalLoss: 0.0157
2020-03-25 21:55:39.304742 Epoch [024/050], Step [0040/0153], LR: 0.005000, SalLoss: 0.0156
2020-03-25 21:55:47.148431 Epoch [024/050], Step [0050/0153], LR: 0.005000, SalLoss: 0.0158
2020-03-25 21:55:54.857199 Epoch [024/050], Step [0060/0153], LR: 0.005000, SalLoss: 0.0162
2020-03-25 21:56:02.521965 Epoch [024/050], Step [0070/0153], LR: 0.005000, SalLoss: 0.0167
2020-03-25 21:56:10.277895 Epoch [024/050], Step [0080/0153], LR: 0.005000, SalLoss: 0.0160
2020-03-25 21:56:18.018874 Epoch [024/050], Step [0090/0153], LR: 0.005000, SalLoss: 0.0162
2020-03-25 21:56:25.720429 Epoch [024/050], Step [0100/0153], LR: 0.005000, SalLoss: 0.0157
2020-03-25 21:56:33.540538 Epoch [024/050], Step [0110/0153], LR: 0.005000, SalLoss: 0.0156
2020-03-25 21:56:41.837516 Epoch [024/050], Step [0120/0153], LR: 0.005000, SalLoss: 0.0160
2020-03-25 21:56:53.336625 Epoch [024/050], Step [0130/0153], LR: 0.005000, SalLoss: 0.0155
2020-03-25 21:57:05.399455 Epoch [024/050], Step [0140/0153], LR: 0.005000, SalLoss: 0.0154
2020-03-25 21:57:17.462540 Epoch [024/050], Step [0150/0153], LR: 0.005000, SalLoss: 0.0153
2020-03-25 21:57:22.104817 Epoch [024/050], Step [0153/0153], LR: 0.005000, SalLoss: 0.0150
2020-03-25 21:57:42.684535 Epoch [025/050], Step [0010/0153], LR: 0.005000, SalLoss: 0.0155
2020-03-25 21:57:53.409095 Epoch [025/050], Step [0020/0153], LR: 0.005000, SalLoss: 0.0153
2020-03-25 21:58:01.135522 Epoch [025/050], Step [0030/0153], LR: 0.005000, SalLoss: 0.0153
2020-03-25 21:58:11.394608 Epoch [025/050], Step [0040/0153], LR: 0.005000, SalLoss: 0.0154
2020-03-25 21:58:26.451935 Epoch [025/050], Step [0050/0153], LR: 0.005000, SalLoss: 0.0154
2020-03-25 21:58:39.870262 Epoch [025/050], Step [0060/0153], LR: 0.005000, SalLoss: 0.0157
2020-03-25 21:58:53.318868 Epoch [025/050], Step [0070/0153], LR: 0.005000, SalLoss: 0.0162
2020-03-25 21:59:06.710511 Epoch [025/050], Step [0080/0153], LR: 0.005000, SalLoss: 0.0163
2020-03-25 21:59:14.372826 Epoch [025/050], Step [0090/0153], LR: 0.005000, SalLoss: 0.0159
2020-03-25 21:59:22.198155 Epoch [025/050], Step [0100/0153], LR: 0.005000, SalLoss: 0.0159
2020-03-25 21:59:29.917961 Epoch [025/050], Step [0110/0153], LR: 0.005000, SalLoss: 0.0155
2020-03-25 21:59:38.291667 Epoch [025/050], Step [0120/0153], LR: 0.005000, SalLoss: 0.0154
                                                                                                                                                                                                                                                                                                                                                                                                                                                                                                                                                                                                                                                                                                                                                                                                                                                                                                                                                                                                                                                    