Learning Rate: 0.05 ResNet: True Trainset: DUTS_TRAIN
initialize: conv1
initialize: bn1
initialize: conv2
initialize: bn2
initialize: conv3
initialize: bn3
initialize: relu
initialize: downsample
initialize: 0
initialize: 1
initialize: conv1
initialize: bn1
initialize: conv2
initialize: bn2
initialize: conv3
initialize: bn3
initialize: relu
initialize: conv1
initialize: bn1
initialize: conv2
initialize: bn2
initialize: conv3
initialize: bn3
initialize: relu
initialize: conv1
initialize: bn1
initialize: conv2
initialize: bn2
initialize: conv3
initialize: bn3
initialize: relu
initialize: downsample
initialize: 0
initialize: 1
initialize: conv1
initialize: bn1
initialize: conv2
initialize: bn2
initialize: conv3
initialize: bn3
initialize: relu
initialize: conv1
initialize: bn1
initialize: conv2
initialize: bn2
initialize: conv3
initialize: bn3
initialize: relu
initialize: conv1
initialize: bn1
initialize: conv2
initialize: bn2
initialize: conv3
initialize: bn3
initialize: relu
initialize: conv1
initialize: bn1
initialize: conv2
initialize: bn2
initialize: conv3
initialize: bn3
initialize: relu
initialize: downsample
initialize: 0
initialize: 1
initialize: conv1
initialize: bn1
initialize: conv2
initialize: bn2
initialize: conv3
initialize: bn3
initialize: relu
initialize: conv1
initialize: bn1
initialize: conv2
initialize: bn2
initialize: conv3
initialize: bn3
initialize: relu
initialize: conv1
initialize: bn1
initialize: conv2
initialize: bn2
initialize: conv3
initialize: bn3
initialize: relu
initialize: conv1
initialize: bn1
initialize: conv2
initialize: bn2
initialize: conv3
initialize: bn3
initialize: relu
initialize: conv1
initialize: bn1
initialize: conv2
initialize: bn2
initialize: conv3
initialize: bn3
initialize: relu
initialize: conv1
initialize: bn1
initialize: conv2
initialize: bn2
initialize: conv3
initialize: bn3
initialize: relu
initialize: downsample
initialize: 0
initialize: 1
initialize: conv1
initialize: bn1
initialize: conv2
initialize: bn2
initialize: conv3
initialize: bn3
initialize: relu
initialize: conv1
initialize: bn1
initialize: conv2
initialize: bn2
initialize: conv3
initialize: bn3
initialize: relu
initialize: conv_bn
initialize: 0
initialize: 1
initialize: conv_bn
initialize: 0
initialize: 1
initialize: conv_bn
initialize: 0
initialize: 1
initialize: reduce
initialize: 0
initialize: 1
initialize: 2
initialize: 3
initialize: conv_bn
initialize: 0
initialize: 1
initialize: conv_bn
initialize: 0
initialize: 1
initialize: conv_bn
initialize: 0
initialize: 1
initialize: reduce
initialize: 0
initialize: 1
initialize: 2
initialize: 3
initialize: conv_bn
initialize: 0
initialize: 1
initialize: conv_bn
initialize: 0
initialize: 1
initialize: conv_bn
initialize: 0
initialize: 1
initialize: reduce
initialize: 0
initialize: 1
initialize: 2
initialize: 3
initialize: conv_bn
initialize: 0
initialize: 1
initialize: conv_bn
initialize: 0
initialize: 1
initialize: conv_bn
initialize: 0
initialize: 1
initialize: reduce
initialize: 0
initialize: 1
initialize: 2
initialize: 3
initialize: conv_bn
initialize: 0
initialize: 1
initialize: conv_bn
initialize: 0
initialize: 1
initialize: conv_bn
initialize: 0
initialize: 1
initialize: conv_bn
initialize: 0
initialize: 1
initialize: conv_bn
initialize: 0
initialize: 1
initialize: convs
initialize: cat
initialize: conv_bn
initialize: 0
initialize: 1
initialize: conv_bn
initialize: 0
initialize: 1
initialize: conv_bn
initialize: 0
initialize: 1
initialize: conv_bn
initialize: 0
initialize: 1
initialize: conv_bn
initialize: 0
initialize: 1
initialize: conv_bn
initialize: 0
initialize: 1
initialize: conv_bn
initialize: 0
initialize: 1
initialize: conv_bn
initialize: 0
initialize: 1
initialize: conv_bn
initialize: 0
initialize: 1
initialize: conv_bn
initialize: 0
initialize: 1
initialize: upsample
initialize: conv_upsample1
initialize: conv_upsample2
initialize: conv_upsample3
initialize: conv_cat1
initialize: 0
initialize: 1
initialize: conv_cat2
initialize: 0
initialize: 1
initialize: conv_cat3
initialize: 0
initialize: 1
initialize: output
initialize: 0
initialize: 1
initialize: resnet
initialize: reduce_s1
initialize: reduce_s2
initialize: reduce_s3
initialize: reduce_s4
initialize: ppm
initialize: output_s
Time to witness the mirracle!
/home/LAB/penghao/anaconda3/lib/python3.6/site-packages/torch/nn/functional.py:2416: UserWarning: nn.functional.upsample is deprecated. Use nn.functional.interpolate instead.
  warnings.warn("nn.functional.upsample is deprecated. Use nn.functional.interpolate instead.")
/home/LAB/penghao/anaconda3/lib/python3.6/site-packages/imageio/core/util.py:78: UserWarning: Lossy conversion from float32 to uint8, range [0, 1]
  dtype_str, out_type.__name__))
2020-03-25 12:33:36.564533 Epoch [000/050], Step [0010/0153], LR: 0.050000, SalLoss: 0.1566
2020-03-25 12:33:55.212347 Epoch [000/050], Step [0020/0153], LR: 0.050000, SalLoss: 0.0916
2020-03-25 12:34:09.397486 Epoch [000/050], Step [0030/0153], LR: 0.050000, SalLoss: 0.0698
2020-03-25 12:34:25.855525 Epoch [000/050], Step [0040/0153], LR: 0.050000, SalLoss: 0.0589
2020-03-25 12:34:41.922347 Epoch [000/050], Step [0050/0153], LR: 0.050000, SalLoss: 0.0258
2020-03-25 12:35:18.748896 Epoch [000/050], Step [0060/0153], LR: 0.050000, SalLoss: 0.0257
2020-03-25 12:35:34.836652 Epoch [000/050], Step [0070/0153], LR: 0.050000, SalLoss: 0.0253
2020-03-25 12:35:52.724182 Epoch [000/050], Step [0080/0153], LR: 0.050000, SalLoss: 0.0248
2020-03-25 12:36:15.114165 Epoch [000/050], Step [0090/0153], LR: 0.050000, SalLoss: 0.0252
2020-03-25 12:36:37.933407 Epoch [000/050], Step [0100/0153], LR: 0.050000, SalLoss: 0.0244
2020-03-25 12:36:53.546111 Epoch [000/050], Step [0110/0153], LR: 0.050000, SalLoss: 0.0243
2020-03-25 12:37:07.221244 Epoch [000/050], Step [0120/0153], LR: 0.050000, SalLoss: 0.0240
2020-03-25 12:37:28.535092 Epoch [000/050], Step [0130/0153], LR: 0.050000, SalLoss: 0.0234
2020-03-25 12:37:53.293732 Epoch [000/050], Step [0140/0153], LR: 0.050000, SalLoss: 0.0234
2020-03-25 12:38:13.798214 Epoch [000/050], Step [0150/0153], LR: 0.050000, SalLoss: 0.0227
2020-03-25 12:38:20.163013 Epoch [000/050], Step [0153/0153], LR: 0.050000, SalLoss: 0.0228
2020-03-25 12:38:44.117494 Epoch [001/050], Step [0010/0153], LR: 0.050000, SalLoss: 0.0222
2020-03-25 12:38:58.581553 Epoch [001/050], Step [0020/0153], LR: 0.050000, SalLoss: 0.0216
2020-03-25 12:39:21.539809 Epoch [001/050], Step [0030/0153], LR: 0.050000, SalLoss: 0.0222
2020-03-25 12:39:59.513556 Epoch [001/050], Step [0040/0153], LR: 0.050000, SalLoss: 0.0219
2020-03-25 12:40:16.714715 Epoch [001/050], Step [0050/0153], LR: 0.050000, SalLoss: 0.0221
2020-03-25 12:40:26.586396 Epoch [001/050], Step [0060/0153], LR: 0.050000, SalLoss: 0.0220
2020-03-25 12:40:40.235900 Epoch [001/050], Step [0070/0153], LR: 0.050000, SalLoss: 0.0216
2020-03-25 12:40:54.106285 Epoch [001/050], Step [0080/0153], LR: 0.050000, SalLoss: 0.0212
2020-03-25 12:41:08.084001 Epoch [001/050], Step [0090/0153], LR: 0.050000, SalLoss: 0.0208
2020-03-25 12:41:18.653287 Epoch [001/050], Step [0100/0153], LR: 0.050000, SalLoss: 0.0206
2020-03-25 12:41:27.597888 Epoch [001/050], Step [0110/0153], LR: 0.050000, SalLoss: 0.0203
2020-03-25 12:41:38.442955 Epoch [001/050], Step [0120/0153], LR: 0.050000, SalLoss: 0.0205
2020-03-25 12:41:51.861098 Epoch [001/050], Step [0130/0153], LR: 0.050000, SalLoss: 0.0202
2020-03-25 12:42:03.595310 Epoch [001/050], Step [0140/0153], LR: 0.050000, SalLoss: 0.0195
2020-03-25 12:42:12.183895 Epoch [001/050], Step [0150/0153], LR: 0.050000, SalLoss: 0.0193
2020-03-25 12:42:16.421399 Epoch [001/050], Step [0153/0153], LR: 0.050000, SalLoss: 0.0189
2020-03-25 12:42:32.165590 Epoch [002/050], Step [0010/0153], LR: 0.050000, SalLoss: 0.0199
2020-03-25 12:42:42.817905 Epoch [002/050], Step [0020/0153], LR: 0.050000, SalLoss: 0.0196
2020-03-25 12:42:56.354980 Epoch [002/050], Step [0030/0153], LR: 0.050000, SalLoss: 0.0203
2020-03-25 12:43:04.341597 Epoch [002/050], Step [0040/0153], LR: 0.050000, SalLoss: 0.0203
2020-03-25 12:43:18.365869 Epoch [002/050], Step [0050/0153], LR: 0.050000, SalLoss: 0.0197
2020-03-25 12:43:37.677404 Epoch [002/050], Step [0060/0153], LR: 0.050000, SalLoss: 0.0201
2020-03-25 12:44:27.346453 Epoch [002/050], Step [0070/0153], LR: 0.050000, SalLoss: 0.0192
2020-03-25 12:44:48.915346 Epoch [002/050], Step [0080/0153], LR: 0.050000, SalLoss: 0.0188
2020-03-25 12:45:08.087513 Epoch [002/050], Step [0090/0153], LR: 0.050000, SalLoss: 0.0189
2020-03-25 12:45:26.801893 Epoch [002/050], Step [0100/0153], LR: 0.050000, SalLoss: 0.0187
2020-03-25 12:45:40.645587 Epoch [002/050], Step [0110/0153], LR: 0.050000, SalLoss: 0.0191
2020-03-25 12:45:50.669263 Epoch [002/050], Step [0120/0153], LR: 0.050000, SalLoss: 0.0194
2020-03-25 12:45:58.625597 Epoch [002/050], Step [0130/0153], LR: 0.050000, SalLoss: 0.0193
2020-03-25 12:46:08.532953 Epoch [002/050], Step [0140/0153], LR: 0.050000, SalLoss: 0.0193
2020-03-25 12:46:29.382719 Epoch [002/050], Step [0150/0153], LR: 0.050000, SalLoss: 0.0190
2020-03-25 12:46:31.368004 Epoch [002/050], Step [0153/0153], LR: 0.050000, SalLoss: 0.0191
2020-03-25 12:46:43.800182 Epoch [003/050], Step [0010/0153], LR: 0.050000, SalLoss: 0.0188
2020-03-25 12:46:56.608490 Epoch [003/050], Step [0020/0153], LR: 0.050000, SalLoss: 0.0188
2020-03-25 12:47:12.866312 Epoch [003/050], Step [0030/0153], LR: 0.050000, SalLoss: 0.0185
2020-03-25 12:48:09.099192 Epoch [003/050], Step [0040/0153], LR: 0.050000, SalLoss: 0.0183
2020-03-25 12:48:16.901713 Epoch [003/050], Step [0050/0153], LR: 0.050000, SalLoss: 0.0187
2020-03-25 12:48:25.203942 Epoch [003/050], Step [0060/0153], LR: 0.050000, SalLoss: 0.0188
2020-03-25 12:48:34.707386 Epoch [003/050], Step [0070/0153], LR: 0.050000, SalLoss: 0.0185
2020-03-25 12:48:42.716519 Epoch [003/050], Step [0080/0153], LR: 0.050000, SalLoss: 0.0187
2020-03-25 12:48:51.935794 Epoch [003/050], Step [0090/0153], LR: 0.050000, SalLoss: 0.0180
2020-03-25 12:49:13.539257 Epoch [003/050], Step [0100/0153], LR: 0.050000, SalLoss: 0.0177
2020-03-25 12:49:31.471542 Epoch [003/050], Step [0110/0153], LR: 0.050000, SalLoss: 0.0178
2020-03-25 12:49:45.152802 Epoch [003/050], Step [0120/0153], LR: 0.050000, SalLoss: 0.0182
2020-03-25 12:49:56.381117 Epoch [003/050], Step [0130/0153], LR: 0.050000, SalLoss: 0.0189
2020-03-25 12:50:06.994986 Epoch [003/050], Step [0140/0153], LR: 0.050000, SalLoss: 0.0188
2020-03-25 12:50:27.138521 Epoch [003/050], Step [0150/0153], LR: 0.050000, SalLoss: 0.0188
2020-03-25 12:50:31.016354 Epoch [003/050], Step [0153/0153], LR: 0.050000, SalLoss: 0.0186
2020-03-25 12:50:40.999839 Epoch [004/050], Step [0010/0153], LR: 0.050000, SalLoss: 0.0183
2020-03-25 12:50:52.508106 Epoch [004/050], Step [0020/0153], LR: 0.050000, SalLoss: 0.0184
2020-03-25 12:51:10.742660 Epoch [004/050], Step [0030/0153], LR: 0.050000, SalLoss: 0.0181
2020-03-25 12:51:22.480293 Epoch [004/050], Step [0040/0153], LR: 0.050000, SalLoss: 0.0179
2020-03-25 12:51:30.740776 Epoch [004/050], Step [0050/0153], LR: 0.050000, SalLoss: 0.0177
2020-03-25 12:51:38.911521 Epoch [004/050], Step [0060/0153], LR: 0.050000, SalLoss: 0.0171
2020-03-25 12:51:57.769566 Epoch [004/050], Step [0070/0153], LR: 0.050000, SalLoss: 0.0175
2020-03-25 12:52:15.757639 Epoch [004/050], Step [0080/0153], LR: 0.050000, SalLoss: 0.0180
2020-03-25 12:52:34.137404 Epoch [004/050], Step [0090/0153], LR: 0.050000, SalLoss: 0.0180
2020-03-25 12:52:52.982371 Epoch [004/050], Step [0100/0153], LR: 0.050000, SalLoss: 0.0186
2020-03-25 12:53:08.414005 Epoch [004/050], Step [0110/0153], LR: 0.050000, SalLoss: 0.0183
2020-03-25 12:53:22.015571 Epoch [004/050], Step [0120/0153], LR: 0.050000, SalLoss: 0.0181
2020-03-25 12:53:40.229858 Epoch [004/050], Step [0130/0153], LR: 0.050000, SalLoss: 0.0182
2020-03-25 12:54:06.781796 Epoch [004/050], Step [0140/0153], LR: 0.050000, SalLoss: 0.0181
2020-03-25 12:54:22.383525 Epoch [004/050], Step [0150/0153], LR: 0.050000, SalLoss: 0.0178
2020-03-25 12:54:26.169471 Epoch [004/050], Step [0153/0153], LR: 0.050000, SalLoss: 0.0177
2020-03-25 12:54:51.960367 Epoch [005/050], Step [0010/0153], LR: 0.050000, SalLoss: 0.0179
2020-03-25 12:55:16.653043 Epoch [005/050], Step [0020/0153], LR: 0.050000, SalLoss: 0.0174
2020-03-25 12:55:58.853316 Epoch [005/050], Step [0030/0153], LR: 0.050000, SalLoss: 0.0178
2020-03-25 12:56:37.945916 Epoch [005/050], Step [0040/0153], LR: 0.050000, SalLoss: 0.0173
2020-03-25 12:56:57.159860 Epoch [005/050], Step [0050/0153], LR: 0.050000, SalLoss: 0.0170
2020-03-25 12:57:16.731987 Epoch [005/050], Step [0060/0153], LR: 0.050000, SalLoss: 0.0174
2020-03-25 12:57:35.357974 Epoch [005/050], Step [0070/0153], LR: 0.050000, SalLoss: 0.0168
2020-03-25 12:57:52.473491 Epoch [005/050], Step [0080/0153], LR: 0.050000, SalLoss: 0.0174
2020-03-25 12:58:19.007865 Epoch [005/050], Step [0090/0153], LR: 0.050000, SalLoss: 0.0177
2020-03-25 12:58:43.976410 Epoch [005/050], Step [0100/0153], LR: 0.050000, SalLoss: 0.0176
2020-03-25 12:58:57.320525 Epoch [005/050], Step [0110/0153], LR: 0.050000, SalLoss: 0.0176
2020-03-25 12:59:10.962711 Epoch [005/050], Step [0120/0153], LR: 0.050000, SalLoss: 0.0178
2020-03-25 12:59:23.924211 Epoch [005/050], Step [0130/0153], LR: 0.050000, SalLoss: 0.0175
2020-03-25 12:59:44.079153 Epoch [005/050], Step [0140/0153], LR: 0.050000, SalLoss: 0.0178
2020-03-25 13:00:06.315615 Epoch [005/050], Step [0150/0153], LR: 0.050000, SalLoss: 0.0184
2020-03-25 13:00:12.175955 Epoch [005/050], Step [0153/0153], LR: 0.050000, SalLoss: 0.0180
2020-03-25 13:00:30.579396 Epoch [006/050], Step [0010/0153], LR: 0.050000, SalLoss: 0.0182
2020-03-25 13:00:52.628625 Epoch [006/050], Step [0020/0153], LR: 0.050000, SalLoss: 0.0178
2020-03-25 13:01:16.842428 Epoch [006/050], Step [0030/0153], LR: 0.050000, SalLoss: 0.0180
2020-03-25 13:01:34.394222 Epoch [006/050], Step [0040/0153], LR: 0.050000, SalLoss: 0.0179
2020-03-25 13:01:48.091162 Epoch [006/050], Step [0050/0153], LR: 0.050000, SalLoss: 0.0173
2020-03-25 13:02:03.933572 Epoch [006/050], Step [0060/0153], LR: 0.050000, SalLoss: 0.0175
2020-03-25 13:02:26.708159 Epoch [006/050], Step [0070/0153], LR: 0.050000, SalLoss: 0.0172
2020-03-25 13:02:50.658850 Epoch [006/050], Step [0080/0153], LR: 0.050000, SalLoss: 0.0170
2020-03-25 13:03:05.020128 Epoch [006/050], Step [0090/0153], LR: 0.050000, SalLoss: 0.0176
2020-03-25 13:03:29.840106 Epoch [006/050], Step [0100/0153], LR: 0.050000, SalLoss: 0.0174
2020-03-25 13:03:50.385732 Epoch [006/050], Step [0110/0153], LR: 0.050000, SalLoss: 0.0175
2020-03-25 13:04:14.994375 Epoch [006/050], Step [0120/0153], LR: 0.050000, SalLoss: 0.0180
2020-03-25 13:04:33.468578 Epoch [006/050], Step [0130/0153], LR: 0.050000, SalLoss: 0.0176
2020-03-25 13:05:09.867561 Epoch [006/050], Step [0140/0153], LR: 0.050000, SalLoss: 0.0179
2020-03-25 13:05:35.818218 Epoch [006/050], Step [0150/0153], LR: 0.050000, SalLoss: 0.0175
2020-03-25 13:05:40.526294 Epoch [006/050], Step [0153/0153], LR: 0.050000, SalLoss: 0.0173
2020-03-25 13:06:00.294031 Epoch [007/050], Step [0010/0153], LR: 0.050000, SalLoss: 0.0172
2020-03-25 13:06:26.718169 Epoch [007/050], Step [0020/0153], LR: 0.050000, SalLoss: 0.0176
2020-03-25 13:06:44.102455 Epoch [007/050], Step [0030/0153], LR: 0.050000, SalLoss: 0.0178
2020-03-25 13:07:06.605280 Epoch [007/050], Step [0040/0153], LR: 0.050000, SalLoss: 0.0182
2020-03-25 13:07:27.830127 Epoch [007/050], Step [0050/0153], LR: 0.050000, SalLoss: 0.0179
2020-03-25 13:07:58.851938 Epoch [007/050], Step [0060/0153], LR: 0.050000, SalLoss: 0.0180
2020-03-25 13:08:38.700232 Epoch [007/050], Step [0070/0153], LR: 0.050000, SalLoss: 0.0175
2020-03-25 13:09:26.092191 Epoch [007/050], Step [0080/0153], LR: 0.050000, SalLoss: 0.0173
2020-03-25 13:10:07.421533 Epoch [007/050], Step [0090/0153], LR: 0.050000, SalLoss: 0.0173
2020-03-25 13:10:36.873507 Epoch [007/050], Step [0100/0153], LR: 0.050000, SalLoss: 0.0168
2020-03-25 13:10:59.763753 Epoch [007/050], Step [0110/0153], LR: 0.050000, SalLoss: 0.0166
2020-03-25 13:11:22.216616 Epoch [007/050], Step [0120/0153], LR: 0.050000, SalLoss: 0.0171
2020-03-25 13:11:44.294061 Epoch [007/050], Step [0130/0153], LR: 0.050000, SalLoss: 0.0170
2020-03-25 13:12:08.045952 Epoch [007/050], Step [0140/0153], LR: 0.050000, SalLoss: 0.0168
2020-03-25 13:12:30.896737 Epoch [007/050], Step [0150/0153], LR: 0.050000, SalLoss: 0.0172
2020-03-25 13:12:34.869247 Epoch [007/050], Step [0153/0153], LR: 0.050000, SalLoss: 0.0173
2020-03-25 13:12:57.591061 Epoch [008/050], Step [0010/0153], LR: 0.050000, SalLoss: 0.0167
2020-03-25 13:13:20.375248 Epoch [008/050], Step [0020/0153], LR: 0.050000, SalLoss: 0.0176
2020-03-25 13:13:46.878219 Epoch [008/050], Step [0030/0153], LR: 0.050000, SalLoss: 0.0177
2020-03-25 13:14:13.410030 Epoch [008/050], Step [0040/0153], LR: 0.050000, SalLoss: 0.0173
2020-03-25 13:14:33.354964 Epoch [008/050], Step [0050/0153], LR: 0.050000, SalLoss: 0.0175
2020-03-25 13:15:19.496641 Epoch [008/050], Step [0060/0153], LR: 0.050000, SalLoss: 0.0174
2020-03-25 13:15:42.221287 Epoch [008/050], Step [0070/0153], LR: 0.050000, SalLoss: 0.0172
2020-03-25 13:16:20.490123 Epoch [008/050], Step [0080/0153], LR: 0.050000, SalLoss: 0.0176
2020-03-25 13:16:54.175286 Epoch [008/050], Step [0090/0153], LR: 0.050000, SalLoss: 0.0177
2020-03-25 13:17:27.080476 Epoch [008/050], Step [0100/0153], LR: 0.050000, SalLoss: 0.0174
2020-03-25 13:17:47.567237 Epoch [008/050], Step [0110/0153], LR: 0.050000, SalLoss: 0.0180
2020-03-25 13:18:16.393947 Epoch [008/050], Step [0120/0153], LR: 0.050000, SalLoss: 0.0175
2020-03-25 13:18:44.563268 Epoch [008/050], Step [0130/0153], LR: 0.050000, SalLoss: 0.0169
2020-03-25 13:19:15.487805 Epoch [008/050], Step [0140/0153], LR: 0.050000, SalLoss: 0.0169
2020-03-25 13:19:30.847118 Epoch [008/050], Step [0150/0153], LR: 0.050000, SalLoss: 0.0163
2020-03-25 13:19:36.046276 Epoch [008/050], Step [0153/0153], LR: 0.050000, SalLoss: 0.0158
2020-03-25 13:20:00.755295 Epoch [009/050], Step [0010/0153], LR: 0.050000, SalLoss: 0.0161
2020-03-25 13:20:19.711178 Epoch [009/050], Step [0020/0153], LR: 0.050000, SalLoss: 0.0163
2020-03-25 13:20:40.256986 Epoch [009/050], Step [0030/0153], LR: 0.050000, SalLoss: 0.0158
2020-03-25 13:21:09.607435 Epoch [009/050], Step [0040/0153], LR: 0.050000, SalLoss: 0.0166
2020-03-25 13:21:34.373450 Epoch [009/050], Step [0050/0153], LR: 0.050000, SalLoss: 0.0166
2020-03-25 13:22:01.423441 Epoch [009/050], Step [0060/0153], LR: 0.050000, SalLoss: 0.0172
2020-03-25 13:22:28.023416 Epoch [009/050], Step [0070/0153], LR: 0.050000, SalLoss: 0.0174
2020-03-25 13:22:48.422357 Epoch [009/050], Step [0080/0153], LR: 0.050000, SalLoss: 0.0172
2020-03-25 13:23:06.555475 Epoch [009/050], Step [0090/0153], LR: 0.050000, SalLoss: 0.0175
2020-03-25 13:23:33.854234 Epoch [009/050], Step [0100/0153], LR: 0.050000, SalLoss: 0.0176
2020-03-25 13:23:51.295823 Epoch [009/050], Step [0110/0153], LR: 0.050000, SalLoss: 0.0175
2020-03-25 13:24:15.329682 Epoch [009/050], Step [0120/0153], LR: 0.050000, SalLoss: 0.0178
2020-03-25 13:24:58.322541 Epoch [009/050], Step [0130/0153], LR: 0.050000, SalLoss: 0.0173
2020-03-25 13:25:39.379640 Epoch [009/050], Step [0140/0153], LR: 0.050000, SalLoss: 0.0174
2020-03-25 13:26:04.084477 Epoch [009/050], Step [0150/0153], LR: 0.050000, SalLoss: 0.0172
2020-03-25 13:26:15.793090 Epoch [009/050], Step [0153/0153], LR: 0.050000, SalLoss: 0.0169
2020-03-25 13:26:42.289666 Epoch [010/050], Step [0010/0153], LR: 0.050000, SalLoss: 0.0167
2020-03-25 13:27:04.982037 Epoch [010/050], Step [0020/0153], LR: 0.050000, SalLoss: 0.0170
2020-03-25 13:27:33.006564 Epoch [010/050], Step [0030/0153], LR: 0.050000, SalLoss: 0.0173
2020-03-25 13:27:58.947711 Epoch [010/050], Step [0040/0153], LR: 0.050000, SalLoss: 0.0170
2020-03-25 13:28:31.414289 Epoch [010/050], Step [0050/0153], LR: 0.050000, SalLoss: 0.0174
2020-03-25 13:28:51.645893 Epoch [010/050], Step [0060/0153], LR: 0.050000, SalLoss: 0.0170
2020-03-25 13:29:15.558300 Epoch [010/050], Step [0070/0153], LR: 0.050000, SalLoss: 0.0162
2020-03-25 13:29:28.158986 Epoch [010/050], Step [0080/0153], LR: 0.050000, SalLoss: 0.0167
2020-03-25 13:29:45.899119 Epoch [010/050], Step [0090/0153], LR: 0.050000, SalLoss: 0.0166
2020-03-25 13:29:59.987377 Epoch [010/050], Step [0100/0153], LR: 0.050000, SalLoss: 0.0172
2020-03-25 13:30:13.781471 Epoch [010/050], Step [0110/0153], LR: 0.050000, SalLoss: 0.0174
2020-03-25 13:30:37.130343 Epoch [010/050], Step [0120/0153], LR: 0.050000, SalLoss: 0.0174
2020-03-25 13:30:54.174291 Epoch [010/050], Step [0130/0153], LR: 0.050000, SalLoss: 0.0174
2020-03-25 13:31:07.234375 Epoch [010/050], Step [0140/0153], LR: 0.050000, SalLoss: 0.0170
2020-03-25 13:31:22.616035 Epoch [010/050], Step [0150/0153], LR: 0.050000, SalLoss: 0.0174
2020-03-25 13:31:25.699648 Epoch [010/050], Step [0153/0153], LR: 0.050000, SalLoss: 0.0171
2020-03-25 13:31:39.714345 Epoch [011/050], Step [0010/0153], LR: 0.050000, SalLoss: 0.0171
2020-03-25 13:31:55.865634 Epoch [011/050], Step [0020/0153], LR: 0.050000, SalLoss: 0.0169
2020-03-25 13:32:13.871400 Epoch [011/050], Step [0030/0153], LR: 0.050000, SalLoss: 0.0165
2020-03-25 13:32:35.992402 Epoch [011/050], Step [0040/0153], LR: 0.050000, SalLoss: 0.0165
2020-03-25 13:32:50.652170 Epoch [011/050], Step [0050/0153], LR: 0.050000, SalLoss: 0.0168
2020-03-25 13:33:01.899640 Epoch [011/050], Step [0060/0153], LR: 0.050000, SalLoss: 0.0172
2020-03-25 13:33:17.642966 Epoch [011/050], Step [0070/0153], LR: 0.050000, SalLoss: 0.0173
2020-03-25 13:33:32.556688 Epoch [011/050], Step [0080/0153], LR: 0.050000, SalLoss: 0.0173
2020-03-25 13:33:51.418918 Epoch [011/050], Step [0090/0153], LR: 0.050000, SalLoss: 0.0179
2020-03-25 13:34:06.186265 Epoch [011/050], Step [0100/0153], LR: 0.050000, SalLoss: 0.0177
2020-03-25 13:34:17.033487 Epoch [011/050], Step [0110/0153], LR: 0.050000, SalLoss: 0.0175
2020-03-25 13:34:33.316697 Epoch [011/050], Step [0120/0153], LR: 0.050000, SalLoss: 0.0172
2020-03-25 13:34:57.127946 Epoch [011/050], Step [0130/0153], LR: 0.050000, SalLoss: 0.0164
2020-03-25 13:35:08.563216 Epoch [011/050], Step [0140/0153], LR: 0.050000, SalLoss: 0.0168
2020-03-25 13:35:19.759529 Epoch [011/050], Step [0150/0153], LR: 0.050000, SalLoss: 0.0172
2020-03-25 13:35:22.471429 Epoch [011/050], Step [0153/0153], LR: 0.050000, SalLoss: 0.0172
2020-03-25 13:35:35.793815 Epoch [012/050], Step [0010/0153], LR: 0.050000, SalLoss: 0.0175
2020-03-25 13:35:46.793260 Epoch [012/050], Step [0020/0153], LR: 0.050000, SalLoss: 0.0171
2020-03-25 13:36:01.408727 Epoch [012/050], Step [0030/0153], LR: 0.050000, SalLoss: 0.0169
2020-03-25 13:36:21.169539 Epoch [012/050], Step [0040/0153], LR: 0.050000, SalLoss: 0.0165
2020-03-25 13:36:38.284240 Epoch [012/050], Step [0050/0153], LR: 0.050000, SalLoss: 0.0160
2020-03-25 13:36:50.894523 Epoch [012/050], Step [0060/0153], LR: 0.050000, SalLoss: 0.0162
2020-03-25 13:37:02.501984 Epoch [012/050], Step [0070/0153], LR: 0.050000, SalLoss: 0.0165
2020-03-25 13:37:17.325709 Epoch [012/050], Step [0080/0153], LR: 0.050000, SalLoss: 0.0166
2020-03-25 13:37:32.344402 Epoch [012/050], Step [0090/0153], LR: 0.050000, SalLoss: 0.0170
2020-03-25 13:37:43.864652 Epoch [012/050], Step [0100/0153], LR: 0.050000, SalLoss: 0.0174
2020-03-25 13:37:56.314033 Epoch [012/050], Step [0110/0153], LR: 0.050000, SalLoss: 0.0172
2020-03-25 13:38:12.147723 Epoch [012/050], Step [0120/0153], LR: 0.050000, SalLoss: 0.0175
2020-03-25 13:38:27.290392 Epoch [012/050], Step [0130/0153], LR: 0.050000, SalLoss: 0.0179
2020-03-25 13:38:39.286818 Epoch [012/050], Step [0140/0153], LR: 0.050000, SalLoss: 0.0176
2020-03-25 13:38:54.165165 Epoch [012/050], Step [0150/0153], LR: 0.050000, SalLoss: 0.0177
2020-03-25 13:38:57.353280 Epoch [012/050], Step [0153/0153], LR: 0.050000, SalLoss: 0.0176
2020-03-25 13:39:14.652293 Epoch [013/050], Step [0010/0153], LR: 0.050000, SalLoss: 0.0178
2020-03-25 13:39:34.539161 Epoch [013/050], Step [0020/0153], LR: 0.050000, SalLoss: 0.0174
2020-03-25 13:39:56.899715 Epoch [013/050], Step [0030/0153], LR: 0.050000, SalLoss: 0.0175
2020-03-25 13:40:16.112644 Epoch [013/050], Step [0040/0153], LR: 0.050000, SalLoss: 0.0177
2020-03-25 13:40:42.991640 Epoch [013/050], Step [0050/0153], LR: 0.050000, SalLoss: 0.0176
2020-03-25 13:41:08.035882 Epoch [013/050], Step [0060/0153], LR: 0.050000, SalLoss: 0.0174
2020-03-25 13:41:20.268306 Epoch [013/050], Step [0070/0153], LR: 0.050000, SalLoss: 0.0172
2020-03-25 13:41:33.644376 Epoch [013/050], Step [0080/0153], LR: 0.050000, SalLoss: 0.0172
2020-03-25 13:41:52.059621 Epoch [013/050], Step [0090/0153], LR: 0.050000, SalLoss: 0.0168
2020-03-25 13:42:14.164216 Epoch [013/050], Step [0100/0153], LR: 0.050000, SalLoss: 0.0176
2020-03-25 13:42:25.934842 Epoch [013/050], Step [0110/0153], LR: 0.050000, SalLoss: 0.0171
2020-03-25 13:42:38.987056 Epoch [013/050], Step [0120/0153], LR: 0.050000, SalLoss: 0.0166
2020-03-25 13:42:59.732859 Epoch [013/050], Step [0130/0153], LR: 0.050000, SalLoss: 0.0171
2020-03-25 13:43:16.810783 Epoch [013/050], Step [0140/0153], LR: 0.050000, SalLoss: 0.0166
2020-03-25 13:43:38.574684 Epoch [013/050], Step [0150/0153], LR: 0.050000, SalLoss: 0.0170
2020-03-25 13:43:44.939899 Epoch [013/050], Step [0153/0153], LR: 0.050000, SalLoss: 0.0171
2020-03-25 13:44:10.457663 Epoch [014/050], Step [0010/0153], LR: 0.050000, SalLoss: 0.0178
2020-03-25 13:44:22.000718 Epoch [014/050], Step [0020/0153], LR: 0.050000, SalLoss: 0.0176
2020-03-25 13:44:35.538252 Epoch [014/050], Step [0030/0153], LR: 0.050000, SalLoss: 0.0173
2020-03-25 13:44:49.011561 Epoch [014/050], Step [0040/0153], LR: 0.050000, SalLoss: 0.0174
2020-03-25 13:45:06.256197 Epoch [014/050], Step [0050/0153], LR: 0.050000, SalLoss: 0.0177
2020-03-25 13:45:24.487481 Epoch [014/050], Step [0060/0153], LR: 0.050000, SalLoss: 0.0176
2020-03-25 13:45:36.927248 Epoch [014/050], Step [0070/0153], LR: 0.050000, SalLoss: 0.0174
2020-03-25 13:45:56.987849 Epoch [014/050], Step [0080/0153], LR: 0.050000, SalLoss: 0.0177
2020-03-25 13:46:21.543907 Epoch [014/050], Step [0090/0153], LR: 0.050000, SalLoss: 0.0172
2020-03-25 13:46:41.555804 Epoch [014/050], Step [0100/0153], LR: 0.050000, SalLoss: 0.0171
2020-03-25 13:46:57.939183 Epoch [014/050], Step [0110/0153], LR: 0.050000, SalLoss: 0.0170
2020-03-25 13:47:20.221433 Epoch [014/050], Step [0120/0153], LR: 0.050000, SalLoss: 0.0165
2020-03-25 13:47:41.439317 Epoch [014/050], Step [0130/0153], LR: 0.050000, SalLoss: 0.0166
2020-03-25 13:48:02.605460 Epoch [014/050], Step [0140/0153], LR: 0.050000, SalLoss: 0.0165
2020-03-25 13:48:24.873540 Epoch [014/050], Step [0150/0153], LR: 0.050000, SalLoss: 0.0167
2020-03-25 13:48:31.878988 Epoch [014/050], Step [0153/0153], LR: 0.050000, SalLoss: 0.0171
2020-03-25 13:48:48.018086 Epoch [015/050], Step [0010/0153], LR: 0.050000, SalLoss: 0.0172
2020-03-25 13:49:03.990467 Epoch [015/050], Step [0020/0153], LR: 0.050000, SalLoss: 0.0170
2020-03-25 13:49:19.449441 Epoch [015/050], Step [0030/0153], LR: 0.050000, SalLoss: 0.0172
2020-03-25 13:49:35.764202 Epoch [015/050], Step [0040/0153], LR: 0.050000, SalLoss: 0.0173
2020-03-25 13:49:50.993696 Epoch [015/050], Step [0050/0153], LR: 0.050000, SalLoss: 0.0170
2020-03-25 13:50:03.746433 Epoch [015/050], Step [0060/0153], LR: 0.050000, SalLoss: 0.0175
2020-03-25 13:50:22.530221 Epoch [015/050], Step [0070/0153], LR: 0.050000, SalLoss: 0.0175
2020-03-25 13:50:42.459418 Epoch [015/050], Step [0080/0153], LR: 0.050000, SalLoss: 0.0172
2020-03-25 13:50:59.979627 Epoch [015/050], Step [0090/0153], LR: 0.050000, SalLoss: 0.0177
2020-03-25 13:51:14.119459 Epoch [015/050], Step [0100/0153], LR: 0.050000, SalLoss: 0.0177
2020-03-25 13:51:35.190235 Epoch [015/050], Step [0110/0153], LR: 0.050000, SalLoss: 0.0170
2020-03-25 13:51:50.624480 Epoch [015/050], Step [0120/0153], LR: 0.050000, SalLoss: 0.0175
2020-03-25 13:52:09.248730 Epoch [015/050], Step [0130/0153], LR: 0.050000, SalLoss: 0.0172
2020-03-25 13:52:34.089330 Epoch [015/050], Step [0140/0153], LR: 0.050000, SalLoss: 0.0174
2020-03-25 13:52:54.277777 Epoch [015/050], Step [0150/0153], LR: 0.050000, SalLoss: 0.0173
2020-03-25 13:52:57.659896 Epoch [015/050], Step [0153/0153], LR: 0.050000, SalLoss: 0.0172
2020-03-25 13:53:15.057163 Epoch [016/050], Step [0010/0153], LR: 0.050000, SalLoss: 0.0173
2020-03-25 13:53:30.603176 Epoch [016/050], Step [0020/0153], LR: 0.050000, SalLoss: 0.0171
2020-03-25 13:53:41.932060 Epoch [016/050], Step [0030/0153], LR: 0.050000, SalLoss: 0.0171
2020-03-25 13:53:53.852320 Epoch [016/050], Step [0040/0153], LR: 0.050000, SalLoss: 0.0171
2020-03-25 13:54:08.675555 Epoch [016/050], Step [0050/0153], LR: 0.050000, SalLoss: 0.0171
2020-03-25 13:54:22.906120 Epoch [016/050], Step [0060/0153], LR: 0.050000, SalLoss: 0.0173
2020-03-25 13:54:42.030106 Epoch [016/050], Step [0070/0153], LR: 0.050000, SalLoss: 0.0171
2020-03-25 13:55:05.244606 Epoch [016/050], Step [0080/0153], LR: 0.050000, SalLoss: 0.0171
2020-03-25 13:55:24.771534 Epoch [016/050], Step [0090/0153], LR: 0.050000, SalLoss: 0.0167
2020-03-25 13:55:39.734419 Epoch [016/050], Step [0100/0153], LR: 0.050000, SalLoss: 0.0172
2020-03-25 13:56:08.374312 Epoch [016/050], Step [0110/0153], LR: 0.050000, SalLoss: 0.0170
2020-03-25 13:56:28.305656 Epoch [016/050], Step [0120/0153], LR: 0.050000, SalLoss: 0.0169
2020-03-25 13:56:51.268505 Epoch [016/050], Step [0130/0153], LR: 0.050000, SalLoss: 0.0169
2020-03-25 13:57:10.323441 Epoch [016/050], Step [0140/0153], LR: 0.050000, SalLoss: 0.0167
2020-03-25 13:57:32.177488 Epoch [016/050], Step [0150/0153], LR: 0.050000, SalLoss: 0.0170
2020-03-25 13:57:35.699505 Epoch [016/050], Step [0153/0153], LR: 0.050000, SalLoss: 0.0170
2020-03-25 13:57:53.149641 Epoch [017/050], Step [0010/0153], LR: 0.050000, SalLoss: 0.0169
2020-03-25 13:58:05.265013 Epoch [017/050], Step [0020/0153], LR: 0.050000, SalLoss: 0.0169
2020-03-25 13:58:18.031114 Epoch [017/050], Step [0030/0153], LR: 0.050000, SalLoss: 0.0171
2020-03-25 13:58:38.688064 Epoch [017/050], Step [0040/0153], LR: 0.050000, SalLoss: 0.0174
2020-03-25 13:58:52.100288 Epoch [017/050], Step [0050/0153], LR: 0.050000, SalLoss: 0.0175
2020-03-25 13:59:04.597754 Epoch [017/050], Step [0060/0153], LR: 0.050000, SalLoss: 0.0172
2020-03-25 13:59:20.864019 Epoch [017/050], Step [0070/0153], LR: 0.050000, SalLoss: 0.0169
2020-03-25 13:59:38.555643 Epoch [017/050], Step [0080/0153], LR: 0.050000, SalLoss: 0.0169
2020-03-25 13:59:54.880349 Epoch [017/050], Step [0090/0153], LR: 0.050000, SalLoss: 0.0172
2020-03-25 14:00:10.408435 Epoch [017/050], Step [0100/0153], LR: 0.050000, SalLoss: 0.0171
2020-03-25 14:00:24.206320 Epoch [017/050], Step [0110/0153], LR: 0.050000, SalLoss: 0.0169
2020-03-25 14:00:35.745380 Epoch [017/050], Step [0120/0153], LR: 0.050000, SalLoss: 0.0165
2020-03-25 14:00:47.788307 Epoch [017/050], Step [0130/0153], LR: 0.050000, SalLoss: 0.0163
2020-03-25 14:01:05.600378 Epoch [017/050], Step [0140/0153], LR: 0.050000, SalLoss: 0.0169
2020-03-25 14:01:21.539487 Epoch [017/050], Step [0150/0153], LR: 0.050000, SalLoss: 0.0172
2020-03-25 14:01:26.720574 Epoch [017/050], Step [0153/0153], LR: 0.050000, SalLoss: 0.0172
2020-03-25 14:01:43.638212 Epoch [018/050], Step [0010/0153], LR: 0.050000, SalLoss: 0.0172
2020-03-25 14:01:58.684981 Epoch [018/050], Step [0020/0153], LR: 0.050000, SalLoss: 0.0170
2020-03-25 14:02:14.361340 Epoch [018/050], Step [0030/0153], LR: 0.050000, SalLoss: 0.0171
2020-03-25 14:02:26.499072 Epoch [018/050], Step [0040/0153], LR: 0.050000, SalLoss: 0.0166
2020-03-25 14:02:40.857220 Epoch [018/050], Step [0050/0153], LR: 0.050000, SalLoss: 0.0162
2020-03-25 14:03:00.350223 Epoch [018/050], Step [0060/0153], LR: 0.050000, SalLoss: 0.0166
2020-03-25 14:03:15.588097 Epoch [018/050], Step [0070/0153], LR: 0.050000, SalLoss: 0.0167
2020-03-25 14:03:30.031742 Epoch [018/050], Step [0080/0153], LR: 0.050000, SalLoss: 0.0169
2020-03-25 14:03:48.958809 Epoch [018/050], Step [0090/0153], LR: 0.050000, SalLoss: 0.0174
2020-03-25 14:04:09.051468 Epoch [018/050], Step [0100/0153], LR: 0.050000, SalLoss: 0.0176
2020-03-25 14:04:22.853010 Epoch [018/050], Step [0110/0153], LR: 0.050000, SalLoss: 0.0173
2020-03-25 14:04:36.603137 Epoch [018/050], Step [0120/0153], LR: 0.050000, SalLoss: 0.0177
2020-03-25 14:04:49.747482 Epoch [018/050], Step [0130/0153], LR: 0.050000, SalLoss: 0.0177
2020-03-25 14:05:00.458311 Epoch [018/050], Step [0140/0153], LR: 0.050000, SalLoss: 0.0175
2020-03-25 14:05:07.941428 Epoch [018/050], Step [0150/0153], LR: 0.050000, SalLoss: 0.0178
2020-03-25 14:05:09.751129 Epoch [018/050], Step [0153/0153], LR: 0.050000, SalLoss: 0.0176
2020-03-25 14:05:30.064519 Epoch [019/050], Step [0010/0153], LR: 0.050000, SalLoss: 0.0175
2020-03-25 14:05:46.210022 Epoch [019/050], Step [0020/0153], LR: 0.050000, SalLoss: 0.0170
2020-03-25 14:05:59.304908 Epoch [019/050], Step [0030/0153], LR: 0.050000, SalLoss: 0.0167
2020-03-25 14:06:07.442438 Epoch [019/050], Step [0040/0153], LR: 0.050000, SalLoss: 0.0165
2020-03-25 14:06:16.529828 Epoch [019/050], Step [0050/0153], LR: 0.050000, SalLoss: 0.0167
2020-03-25 14:06:27.205172 Epoch [019/050], Step [0060/0153], LR: 0.050000, SalLoss: 0.0168
2020-03-25 14:06:39.887945 Epoch [019/050], Step [0070/0153], LR: 0.050000, SalLoss: 0.0174
2020-03-25 14:06:54.748831 Epoch [019/050], Step [0080/0153], LR: 0.050000, SalLoss: 0.0179
2020-03-25 14:07:02.776626 Epoch [019/050], Step [0090/0153], LR: 0.050000, SalLoss: 0.0173
2020-03-25 14:07:10.817753 Epoch [019/050], Step [0100/0153], LR: 0.050000, SalLoss: 0.0175
2020-03-25 14:07:24.398294 Epoch [019/050], Step [0110/0153], LR: 0.050000, SalLoss: 0.0171
2020-03-25 14:07:43.303027 Epoch [019/050], Step [0120/0153], LR: 0.050000, SalLoss: 0.0166
2020-03-25 14:07:51.106785 Epoch [019/050], Step [0130/0153], LR: 0.050000, SalLoss: 0.0168
2020-03-25 14:07:59.163554 Epoch [019/050], Step [0140/0153], LR: 0.050000, SalLoss: 0.0168
2020-03-25 14:08:09.955886 Epoch [019/050], Step [0150/0153], LR: 0.050000, SalLoss: 0.0169
2020-03-25 14:08:11.801148 Epoch [019/050], Step [0153/0153], LR: 0.050000, SalLoss: 0.0166
2020-03-25 14:08:34.596417 Epoch [020/050], Step [0010/0153], LR: 0.000500, SalLoss: 0.0169
2020-03-25 14:08:52.738675 Epoch [020/050], Step [0020/0153], LR: 0.000500, SalLoss: 0.0166
2020-03-25 14:09:07.375662 Epoch [020/050], Step [0030/0153], LR: 0.000500, SalLoss: 0.0167
2020-03-25 14:09:21.862451 Epoch [020/050], Step [0040/0153], LR: 0.000500, SalLoss: 0.0167
2020-03-25 14:09:35.782330 Epoch [020/050], Step [0050/0153], LR: 0.000500, SalLoss: 0.0161
2020-03-25 14:09:45.394865 Epoch [020/050], Step [0060/0153], LR: 0.000500, SalLoss: 0.0164
2020-03-25 14:09:57.960045 Epoch [020/050], Step [0070/0153], LR: 0.000500, SalLoss: 0.0158
2020-03-25 14:10:11.138918 Epoch [020/050], Step [0080/0153], LR: 0.000500, SalLoss: 0.0160
2020-03-25 14:10:23.120493 Epoch [020/050], Step [0090/0153], LR: 0.000500, SalLoss: 0.0158
2020-03-25 14:10:38.405733 Epoch [020/050], Step [0100/0153], LR: 0.000500, SalLoss: 0.0157
2020-03-25 14:10:51.306235 Epoch [020/050], Step [0110/0153], LR: 0.000500, SalLoss: 0.0163
2020-03-25 14:11:04.884699 Epoch [020/050], Step [0120/0153], LR: 0.000500, SalLoss: 0.0161
2020-03-25 14:11:12.804337 Epoch [020/050], Step [0130/0153], LR: 0.000500, SalLoss: 0.0165
2020-03-25 14:11:22.593063 Epoch [020/050], Step [0140/0153], LR: 0.000500, SalLoss: 0.0163
2020-03-25 14:11:35.611989 Epoch [020/050], Step [0150/0153], LR: 0.000500, SalLoss: 0.0161
2020-03-25 14:11:38.918702 Epoch [020/050], Step [0153/0153], LR: 0.000500, SalLoss: 0.0161
2020-03-25 14:11:49.016879 Epoch [021/050], Step [0010/0153], LR: 0.005000, SalLoss: 0.0160
2020-03-25 14:11:57.152591 Epoch [021/050], Step [0020/0153], LR: 0.005000, SalLoss: 0.0160
2020-03-25 14:12:17.193056 Epoch [021/050], Step [0030/0153], LR: 0.005000, SalLoss: 0.0160
2020-03-25 14:12:31.117109 Epoch [021/050], Step [0040/0153], LR: 0.005000, SalLoss: 0.0160
2020-03-25 14:12:40.945173 Epoch [021/050], Step [0050/0153], LR: 0.005000, SalLoss: 0.0160
2020-03-25 14:12:50.402297 Epoch [021/050], Step [0060/0153], LR: 0.005000, SalLoss: 0.0159
2020-03-25 14:13:09.467758 Epoch [021/050], Step [0070/0153], LR: 0.005000, SalLoss: 0.0156
2020-03-25 14:13:25.847868 Epoch [021/050], Step [0080/0153], LR: 0.005000, SalLoss: 0.0157
2020-03-25 14:13:44.968554 Epoch [021/050], Step [0090/0153], LR: 0.005000, SalLoss: 0.0156
2020-03-25 14:14:01.998130 Epoch [021/050], Step [0100/0153], LR: 0.005000, SalLoss: 0.0158
2020-03-25 14:14:20.624108 Epoch [021/050], Step [0110/0153], LR: 0.005000, SalLoss: 0.0164
2020-03-25 14:14:43.866424 Epoch [021/050], Step [0120/0153], LR: 0.005000, SalLoss: 0.0165
2020-03-25 14:14:53.941550 Epoch [021/050], Step [0130/0153], LR: 0.005000, SalLoss: 0.0167
2020-03-25 14:15:06.171212 Epoch [021/050], Step [0140/0153], LR: 0.005000, SalLoss: 0.0160
2020-03-25 14:15:17.733949 Epoch [021/050], Step [0150/0153], LR: 0.005000, SalLoss: 0.0156
2020-03-25 14:15:19.578910 Epoch [021/050], Step [0153/0153], LR: 0.005000, SalLoss: 0.0155
2020-03-25 14:15:36.969940 Epoch [022/050], Step [0010/0153], LR: 0.005000, SalLoss: 0.0152
2020-03-25 14:15:52.329625 Epoch [022/050], Step [0020/0153], LR: 0.005000, SalLoss: 0.0157
2020-03-25 14:16:05.998364 Epoch [022/050], Step [0030/0153], LR: 0.005000, SalLoss: 0.0163
2020-03-25 14:16:18.634675 Epoch [022/050], Step [0040/0153], LR: 0.005000, SalLoss: 0.0162
2020-03-25 14:16:28.598029 Epoch [022/050], Step [0050/0153], LR: 0.005000, SalLoss: 0.0164
2020-03-25 14:16:36.468098 Epoch [022/050], Step [0060/0153], LR: 0.005000, SalLoss: 0.0158
2020-03-25 14:16:47.272340 Epoch [022/050], Step [0070/0153], LR: 0.005000, SalLoss: 0.0155
2020-03-25 14:17:06.844984 Epoch [022/050], Step [0080/0153], LR: 0.005000, SalLoss: 0.0152
2020-03-25 14:17:20.831724 Epoch [022/050], Step [0090/0153], LR: 0.005000, SalLoss: 0.0153
2020-03-25 14:17:37.119317 Epoch [022/050], Step [0100/0153], LR: 0.005000, SalLoss: 0.0158
2020-03-25 14:17:54.965913 Epoch [022/050], Step [0110/0153], LR: 0.005000, SalLoss: 0.0159
2020-03-25 14:18:12.431544 Epoch [022/050], Step [0120/0153], LR: 0.005000, SalLoss: 0.0159
2020-03-25 14:18:26.719109 Epoch [022/050], Step [0130/0153], LR: 0.005000, SalLoss: 0.0157
2020-03-25 14:18:40.767310 Epoch [022/050], Step [0140/0153], LR: 0.005000, SalLoss: 0.0152
2020-03-25 14:18:59.716666 Epoch [022/050], Step [0150/0153], LR: 0.005000, SalLoss: 0.0158
2020-03-25 14:19:02.504820 Epoch [022/050], Step [0153/0153], LR: 0.005000, SalLoss: 0.0157
2020-03-25 14:19:14.866635 Epoch [023/050], Step [0010/0153], LR: 0.005000, SalLoss: 0.0160
2020-03-25 14:19:28.871703 Epoch [023/050], Step [0020/0153], LR: 0.005000, SalLoss: 0.0154
2020-03-25 14:19:44.296915 Epoch [023/050], Step [0030/0153], LR: 0.005000, SalLoss: 0.0152
2020-03-25 14:19:52.052886 Epoch [023/050], Step [0040/0153], LR: 0.005000, SalLoss: 0.0153
2020-03-25 14:20:00.009168 Epoch [023/050], Step [0050/0153], LR: 0.005000, SalLoss: 0.0152
2020-03-25 14:20:07.894287 Epoch [023/050], Step [0060/0153], LR: 0.005000, SalLoss: 0.0161
2020-03-25 14:20:20.680838 Epoch [023/050], Step [0070/0153], LR: 0.005000, SalLoss: 0.0160
2020-03-25 14:20:31.964672 Epoch [023/050], Step [0080/0153], LR: 0.005000, SalLoss: 0.0158
2020-03-25 14:20:39.912431 Epoch [023/050], Step [0090/0153], LR: 0.005000, SalLoss: 0.0157
2020-03-25 14:20:48.169818 Epoch [023/050], Step [0100/0153], LR: 0.005000, SalLoss: 0.0155
2020-03-25 14:20:58.372700 Epoch [023/050], Step [0110/0153], LR: 0.005000, SalLoss: 0.0155
2020-03-25 14:21:12.695427 Epoch [023/050], Step [0120/0153], LR: 0.005000, SalLoss: 0.0159
2020-03-25 14:21:25.849987 Epoch [023/050], Step [0130/0153], LR: 0.005000, SalLoss: 0.0160
2020-03-25 14:21:35.006697 Epoch [023/050], Step [0140/0153], LR: 0.005000, SalLoss: 0.0159
2020-03-25 14:21:47.585251 Epoch [023/050], Step [0150/0153], LR: 0.005000, SalLoss: 0.0164
2020-03-25 14:21:50.370117 Epoch [023/050], Step [0153/0153], LR: 0.005000, SalLoss: 0.0164
2020-03-25 14:22:06.242472 Epoch [024/050], Step [0010/0153], LR: 0.005000, SalLoss: 0.0159
2020-03-25 14:22:21.963945 Epoch [024/050], Step [0020/0153], LR: 0.005000, SalLoss: 0.0160
2020-03-25 14:22:34.139767 Epoch [024/050], Step [0030/0153], LR: 0.005000, SalLoss: 0.0157
2020-03-25 14:22:42.222670 Epoch [024/050], Step [0040/0153], LR: 0.005000, SalLoss: 0.0157
2020-03-25 14:22:50.138086 Epoch [024/050], Step [0050/0153], LR: 0.005000, SalLoss: 0.0158
2020-03-25 14:22:58.004907 Epoch [024/050], Step [0060/0153], LR: 0.005000, SalLoss: 0.0162
2020-03-25 14:23:07.496742 Epoch [024/050], Step [0070/0153], LR: 0.005000, SalLoss: 0.0167
2020-03-25 14:23:31.656209 Epoch [024/050], Step [0080/0153], LR: 0.005000, SalLoss: 0.0160
2020-03-25 14:23:50.105958 Epoch [024/050], Step [0090/0153], LR: 0.005000, SalLoss: 0.0162
2020-03-25 14:24:14.515200 Epoch [024/050], Step [0100/0153], LR: 0.005000, SalLoss: 0.0157
2020-03-25 14:24:31.971225 Epoch [024/050], Step [0110/0153], LR: 0.005000, SalLoss: 0.0156
2020-03-25 14:24:44.311978 Epoch [024/050], Step [0120/0153], LR: 0.005000, SalLoss: 0.0160
2020-03-25 14:25:01.985570 Epoch [024/050], Step [0130/0153], LR: 0.005000, SalLoss: 0.0155
2020-03-25 14:25:15.297256 Epoch [024/050], Step [0140/0153], LR: 0.005000, SalLoss: 0.0154
2020-03-25 14:25:31.956616 Epoch [024/050], Step [0150/0153], LR: 0.005000, SalLoss: 0.0153
2020-03-25 14:25:36.372750 Epoch [024/050], Step [0153/0153], LR: 0.005000, SalLoss: 0.0150
2020-03-25 14:25:53.091407 Epoch [025/050], Step [0010/0153], LR: 0.005000, SalLoss: 0.0155
2020-03-25 14:26:17.418750 Epoch [025/050], Step [0020/0153], LR: 0.005000, SalLoss: 0.0153
2020-03-25 14:26:32.938330 Epoch [025/050], Step [0030/0153], LR: 0.005000, SalLoss: 0.0153
2020-03-25 14:27:00.533808 Epoch [025/050], Step [0040/0153], LR: 0.005000, SalLoss: 0.0154
2020-03-25 14:27:14.482848 Epoch [025/050], Step [0050/0153], LR: 0.005000, SalLoss: 0.0154
2020-03-25 14:27:31.573684 Epoch [025/050], Step [0060/0153], LR: 0.005000, SalLoss: 0.0157
2020-03-25 14:28:00.696964 Epoch [025/050], Step [0070/0153], LR: 0.005000, SalLoss: 0.0162
2020-03-25 14:28:12.401621 Epoch [025/050], Step [0080/0153], LR: 0.005000, SalLoss: 0.0164
2020-03-25 14:28:26.645318 Epoch [025/050], Step [0090/0153], LR: 0.005000, SalLoss: 0.0159
2020-03-25 14:28:46.464264 Epoch [025/050], Step [0100/0153], LR: 0.005000, SalLoss: 0.0159
2020-03-25 14:29:02.141428 Epoch [025/050], Step [0110/0153], LR: 0.005000, SalLoss: 0.0155
2020-03-25 14:29:14.184527 Epoch [025/050], Step [0120/0153], LR: 0.005000, SalLoss: 0.0154
2020-03-25 14:29:30.450849 Epoch [025/050], Step [0130/0153], LR: 0.005000, SalLoss: 0.0153
2020-03-25 14:29:50.564880 Epoch [025/050], Step [0140/0153], LR: 0.005000, SalLoss: 0.0153
2020-03-25 14:30:20.630185 Epoch [025/050], Step [0150/0153], LR: 0.005000, SalLoss: 0.0154
2020-03-25 14:30:23.845639 Epoch [025/050], Step [0153/0153], LR: 0.005000, SalLoss: 0.0154
2020-03-25 14:30:38.846693 Epoch [026/050], Step [0010/0153], LR: 0.005000, SalLoss: 0.0157
2020-03-25 14:30:50.603851 Epoch [026/050], Step [0020/0153], LR: 0.005000, SalLoss: 0.0155
2020-03-25 14:31:05.813868 Epoch [026/050], Step [0030/0153], LR: 0.005000, SalLoss: 0.0152
2020-03-25 14:31:25.528912 Epoch [026/050], Step [0040/0153], LR: 0.005000, SalLoss: 0.0151
2020-03-25 14:31:44.017276 Epoch [026/050], Step [0050/0153], LR: 0.005000, SalLoss: 0.0147
2020-03-25 14:31:54.928365 Epoch [026/050], Step [0060/0153], LR: 0.005000, SalLoss: 0.0147
2020-03-25 14:32:08.293920 Epoch [026/050], Step [0070/0153], LR: 0.005000, SalLoss: 0.0149
2020-03-25 14:32:23.499495 Epoch [026/050], Step [0080/0153], LR: 0.005000, SalLoss: 0.0155
2020-03-25 14:32:34.855012 Epoch [026/050], Step [0090/0153], LR: 0.005000, SalLoss: 0.0161
2020-03-25 14:32:47.093450 Epoch [026/050], Step [0100/0153], LR: 0.005000, SalLoss: 0.0164
2020-03-25 14:33:06.939940 Epoch [026/050], Step [0110/0153], LR: 0.005000, SalLoss: 0.0163
2020-03-25 14:33:18.533209 Epoch [026/050], Step [0120/0153], LR: 0.005000, SalLoss: 0.0162
2020-03-25 14:33:34.134921 Epoch [026/050], Step [0130/0153], LR: 0.005000, SalLoss: 0.0161
2020-03-25 14:33:47.506826 Epoch [026/050], Step [0140/0153], LR: 0.005000, SalLoss: 0.0161
2020-03-25 14:33:58.456331 Epoch [026/050], Step [0150/0153], LR: 0.005000, SalLoss: 0.0163
2020-03-25 14:34:01.251678 Epoch [026/050], Step [0153/0153], LR: 0.005000, SalLoss: 0.0160
2020-03-25 14:34:14.920744 Epoch [027/050], Step [0010/0153], LR: 0.005000, SalLoss: 0.0160
2020-03-25 14:34:25.769715 Epoch [027/050], Step [0020/0153], LR: 0.005000, SalLoss: 0.0156
2020-03-25 14:34:37.963346 Epoch [027/050], Step [0030/0153], LR: 0.005000, SalLoss: 0.0156
2020-03-25 14:34:51.055032 Epoch [027/050], Step [0040/0153], LR: 0.005000, SalLoss: 0.0159
2020-03-25 14:35:04.038595 Epoch [027/050], Step [0050/0153], LR: 0.005000, SalLoss: 0.0157
2020-03-25 14:35:16.944942 Epoch [027/050], Step [0060/0153], LR: 0.005000, SalLoss: 0.0159
2020-03-25 14:35:29.432490 Epoch [027/050], Step [0070/0153], LR: 0.005000, SalLoss: 0.0155
2020-03-25 14:35:45.427448 Epoch [027/050], Step [0080/0153], LR: 0.005000, SalLoss: 0.0159
2020-03-25 14:36:02.096273 Epoch [027/050], Step [0090/0153], LR: 0.005000, SalLoss: 0.0160
2020-03-25 14:36:15.058922 Epoch [027/050], Step [0100/0153], LR: 0.005000, SalLoss: 0.0162
2020-03-25 14:36:30.419748 Epoch [027/050], Step [0110/0153], LR: 0.005000, SalLoss: 0.0165
2020-03-25 14:36:44.634458 Epoch [027/050], Step [0120/0153], LR: 0.005000, SalLoss: 0.0156
2020-03-25 14:36:57.846707 Epoch [027/050], Step [0130/0153], LR: 0.005000, SalLoss: 0.0156
2020-03-25 14:37:10.532982 Epoch [027/050], Step [0140/0153], LR: 0.005000, SalLoss: 0.0152
2020-03-25 14:37:24.455850 Epoch [027/050], Step [0150/0153], LR: 0.005000, SalLoss: 0.0153
2020-03-25 14:37:30.494642 Epoch [027/050], Step [0153/0153], LR: 0.005000, SalLoss: 0.0154
2020-03-25 14:37:49.481642 Epoch [028/050], Step [0010/0153], LR: 0.005000, SalLoss: 0.0156
2020-03-25 14:38:04.238714 Epoch [028/050], Step [0020/0153], LR: 0.005000, SalLoss: 0.0156
2020-03-25 14:38:22.984406 Epoch [028/050], Step [0030/0153], LR: 0.005000, SalLoss: 0.0159
2020-03-25 14:38:35.750190 Epoch [028/050], Step [0040/0153], LR: 0.005000, SalLoss: 0.0159
2020-03-25 14:38:48.381589 Epoch [028/050], Step [0050/0153], LR: 0.005000, SalLoss: 0.0156
2020-03-25 14:39:01.608464 Epoch [028/050], Step [0060/0153], LR: 0.005000, SalLoss: 0.0155
2020-03-25 14:39:14.837758 Epoch [028/050], Step [0070/0153], LR: 0.005000, SalLoss: 0.0155
2020-03-25 14:39:28.318648 Epoch [028/050], Step [0080/0153], LR: 0.005000, SalLoss: 0.0154
2020-03-25 14:39:41.032026 Epoch [028/050], Step [0090/0153], LR: 0.005000, SalLoss: 0.0153
2020-03-25 14:39:53.587148 Epoch [028/050], Step [0100/0153], LR: 0.005000, SalLoss: 0.0154
2020-03-25 14:40:08.233735 Epoch [028/050], Step [0110/0153], LR: 0.005000, SalLoss: 0.0152
2020-03-25 14:40:26.912149 Epoch [028/050], Step [0120/0153], LR: 0.005000, SalLoss: 0.0160
2020-03-25 14:40:40.112502 Epoch [028/050], Step [0130/0153], LR: 0.005000, SalLoss: 0.0159
2020-03-25 14:40:53.203254 Epoch [028/050], Step [0140/0153], LR: 0.005000, SalLoss: 0.0157
2020-03-25 14:41:10.383103 Epoch [028/050], Step [0150/0153], LR: 0.005000, SalLoss: 0.0157
2020-03-25 14:41:15.034915 Epoch [028/050], Step [0153/0153], LR: 0.005000, SalLoss: 0.0155
2020-03-25 14:41:33.563583 Epoch [029/050], Step [0010/0153], LR: 0.005000, SalLoss: 0.0153
2020-03-25 14:41:46.493002 Epoch [029/050], Step [0020/0153], LR: 0.005000, SalLoss: 0.0156
2020-03-25 14:41:59.228291 Epoch [029/050], Step [0030/0153], LR: 0.005000, SalLoss: 0.0157
2020-03-25 14:42:11.995452 Epoch [029/050], Step [0040/0153], LR: 0.005000, SalLoss: 0.0155
2020-03-25 14:42:23.822452 Epoch [029/050], Step [0050/0153], LR: 0.005000, SalLoss: 0.0156
2020-03-25 14:42:41.650069 Epoch [029/050], Step [0060/0153], LR: 0.005000, SalLoss: 0.0154
2020-03-25 14:42:58.809016 Epoch [029/050], Step [0070/0153], LR: 0.005000, SalLoss: 0.0155
2020-03-25 14:43:09.925838 Epoch [029/050], Step [0080/0153], LR: 0.005000, SalLoss: 0.0157
2020-03-25 14:43:20.526493 Epoch [029/050], Step [0090/0153], LR: 0.005000, SalLoss: 0.0157
2020-03-25 14:43:31.584118 Epoch [029/050], Step [0100/0153], LR: 0.005000, SalLoss: 0.0157
2020-03-25 14:43:47.257861 Epoch [029/050], Step [0110/0153], LR: 0.005000, SalLoss: 0.0155
2020-03-25 14:44:03.353810 Epoch [029/050], Step [0120/0153], LR: 0.005000, SalLoss: 0.0153
2020-03-25 14:44:19.030901 Epoch [029/050], Step [0130/0153], LR: 0.005000, SalLoss: 0.0156
2020-03-25 14:44:34.392236 Epoch [029/050], Step [0140/0153], LR: 0.005000, SalLoss: 0.0155
2020-03-25 14:44:47.087258 Epoch [029/050], Step [0150/0153], LR: 0.005000, SalLoss: 0.0156
2020-03-25 14:44:50.092081 Epoch [029/050], Step [0153/0153], LR: 0.005000, SalLoss: 0.0156
2020-03-25 14:45:03.051639 Epoch [030/050], Step [0010/0153], LR: 0.005000, SalLoss: 0.0156
2020-03-25 14:45:14.247538 Epoch [030/050], Step [0020/0153], LR: 0.005000, SalLoss: 0.0156
2020-03-25 14:45:25.960145 Epoch [030/050], Step [0030/0153], LR: 0.005000, SalLoss: 0.0154
2020-03-25 14:45:36.998383 Epoch [030/050], Step [0040/0153], LR: 0.005000, SalLoss: 0.0157
2020-03-25 14:45:47.753121 Epoch [030/050], Step [0050/0153], LR: 0.005000, SalLoss: 0.0161
2020-03-25 14:45:59.053285 Epoch [030/050], Step [0060/0153], LR: 0.005000, SalLoss: 0.0163
2020-03-25 14:46:10.474232 Epoch [030/050], Step [0070/0153], LR: 0.005000, SalLoss: 0.0165
2020-03-25 14:46:21.359174 Epoch [030/050], Step [0080/0153], LR: 0.005000, SalLoss: 0.0160
2020-03-25 14:46:32.387467 Epoch [030/050], Step [0090/0153], LR: 0.005000, SalLoss: 0.0158
2020-03-25 14:46:43.643003 Epoch [030/050], Step [0100/0153], LR: 0.005000, SalLoss: 0.0156
2020-03-25 14:46:56.274391 Epoch [030/050], Step [0110/0153], LR: 0.005000, SalLoss: 0.0151
2020-03-25 14:47:13.703783 Epoch [030/050], Step [0120/0153], LR: 0.005000, SalLoss: 0.0152
2020-03-25 14:47:24.475113 Epoch [030/050], Step [0130/0153], LR: 0.005000, SalLoss: 0.0148
2020-03-25 14:47:35.064894 Epoch [030/050], Step [0140/0153], LR: 0.005000, SalLoss: 0.0149
2020-03-25 14:47:45.838814 Epoch [030/050], Step [0150/0153], LR: 0.005000, SalLoss: 0.0152
2020-03-25 14:47:48.274769 Epoch [030/050], Step [0153/0153], LR: 0.005000, SalLoss: 0.0153
2020-03-25 14:48:07.775724 Epoch [031/050], Step [0010/0153], LR: 0.005000, SalLoss: 0.0153
2020-03-25 14:48:22.735368 Epoch [031/050], Step [0020/0153], LR: 0.005000, SalLoss: 0.0158
2020-03-25 14:48:34.549824 Epoch [031/050], Step [0030/0153], LR: 0.005000, SalLoss: 0.0157
2020-03-25 14:48:44.998993 Epoch [031/050], Step [0040/0153], LR: 0.005000, SalLoss: 0.0154
2020-03-25 14:48:56.160466 Epoch [031/050], Step [0050/0153], LR: 0.005000, SalLoss: 0.0157
2020-03-25 14:49:10.460587 Epoch [031/050], Step [0060/0153], LR: 0.005000, SalLoss: 0.0155
2020-03-25 14:49:26.324246 Epoch [031/050], Step [0070/0153], LR: 0.005000, SalLoss: 0.0155
2020-03-25 14:49:38.242015 Epoch [031/050], Step [0080/0153], LR: 0.005000, SalLoss: 0.0159
2020-03-25 14:49:50.419903 Epoch [031/050], Step [0090/0153], LR: 0.005000, SalLoss: 0.0159
2020-03-25 14:50:03.991324 Epoch [031/050], Step [0100/0153], LR: 0.005000, SalLoss: 0.0157
2020-03-25 14:50:15.314617 Epoch [031/050], Step [0110/0153], LR: 0.005000, SalLoss: 0.0154
2020-03-25 14:50:34.027266 Epoch [031/050], Step [0120/0153], LR: 0.005000, SalLoss: 0.0153
2020-03-25 14:50:55.765040 Epoch [031/050], Step [0130/0153], LR: 0.005000, SalLoss: 0.0151
2020-03-25 14:51:12.176278 Epoch [031/050], Step [0140/0153], LR: 0.005000, SalLoss: 0.0153
2020-03-25 14:51:23.497509 Epoch [031/050], Step [0150/0153], LR: 0.005000, SalLoss: 0.0157
2020-03-25 14:51:26.181809 Epoch [031/050], Step [0153/0153], LR: 0.005000, SalLoss: 0.0159
2020-03-25 14:51:44.446999 Epoch [032/050], Step [0010/0153], LR: 0.005000, SalLoss: 0.0162
2020-03-25 14:51:59.469847 Epoch [032/050], Step [0020/0153], LR: 0.005000, SalLoss: 0.0161
2020-03-25 14:52:16.091399 Epoch [032/050], Step [0030/0153], LR: 0.005000, SalLoss: 0.0165
2020-03-25 14:52:29.964233 Epoch [032/050], Step [0040/0153], LR: 0.005000, SalLoss: 0.0159
2020-03-25 14:52:44.709229 Epoch [032/050], Step [0050/0153], LR: 0.005000, SalLoss: 0.0162
2020-03-25 14:52:55.016210 Epoch [032/050], Step [0060/0153], LR: 0.005000, SalLoss: 0.0160
2020-03-25 14:53:03.326825 Epoch [032/050], Step [0070/0153], LR: 0.005000, SalLoss: 0.0155
2020-03-25 14:53:10.990398 Epoch [032/050], Step [0080/0153], LR: 0.005000, SalLoss: 0.0156
2020-03-25 14:53:19.217635 Epoch [032/050], Step [0090/0153], LR: 0.005000, SalLoss: 0.0150
2020-03-25 14:53:30.034346 Epoch [032/050], Step [0100/0153], LR: 0.005000, SalLoss: 0.0147
2020-03-25 14:53:44.489248 Epoch [032/050], Step [0110/0153], LR: 0.005000, SalLoss: 0.0147
2020-03-25 14:53:58.313959 Epoch [032/050], Step [0120/0153], LR: 0.005000, SalLoss: 0.0153
2020-03-25 14:54:11.818044 Epoch [032/050], Step [0130/0153], LR: 0.005000, SalLoss: 0.0156
2020-03-25 14:54:24.908375 Epoch [032/050], Step [0140/0153], LR: 0.005000, SalLoss: 0.0158
2020-03-25 14:54:39.543863 Epoch [032/050], Step [0150/0153], LR: 0.005000, SalLoss: 0.0159
2020-03-25 14:54:44.864870 Epoch [032/050], Step [0153/0153], LR: 0.005000, SalLoss: 0.0156
2020-03-25 14:54:59.802974 Epoch [033/050], Step [0010/0153], LR: 0.005000, SalLoss: 0.0152
2020-03-25 14:55:12.903767 Epoch [033/050], Step [0020/0153], LR: 0.005000, SalLoss: 0.0153
2020-03-25 14:55:25.454338 Epoch [033/050], Step [0030/0153], LR: 0.005000, SalLoss: 0.0158
2020-03-25 14:55:38.455054 Epoch [033/050], Step [0040/0153], LR: 0.005000, SalLoss: 0.0161
2020-03-25 14:55:46.879052 Epoch [033/050], Step [0050/0153], LR: 0.005000, SalLoss: 0.0162
2020-03-25 14:55:55.078769 Epoch [033/050], Step [0060/0153], LR: 0.005000, SalLoss: 0.0162
2020-03-25 14:56:03.074525 Epoch [033/050], Step [0070/0153], LR: 0.005000, SalLoss: 0.0157
2020-03-25 14:56:11.037253 Epoch [033/050], Step [0080/0153], LR: 0.005000, SalLoss: 0.0154
2020-03-25 14:56:18.750583 Epoch [033/050], Step [0090/0153], LR: 0.005000, SalLoss: 0.0153
2020-03-25 14:56:26.858676 Epoch [033/050], Step [0100/0153], LR: 0.005000, SalLoss: 0.0155
2020-03-25 14:56:34.932747 Epoch [033/050], Step [0110/0153], LR: 0.005000, SalLoss: 0.0151
2020-03-25 14:56:42.984367 Epoch [033/050], Step [0120/0153], LR: 0.005000, SalLoss: 0.0150
2020-03-25 14:56:50.900510 Epoch [033/050], Step [0130/0153], LR: 0.005000, SalLoss: 0.0155
2020-03-25 14:56:58.789461 Epoch [033/050], Step [0140/0153], LR: 0.005000, SalLoss: 0.0150
2020-03-25 14:57:06.343162 Epoch [033/050], Step [0150/0153], LR: 0.005000, SalLoss: 0.0152
2020-03-25 14:57:08.233845 Epoch [033/050], Step [0153/0153], LR: 0.005000, SalLoss: 0.0156
2020-03-25 14:57:18.104024 Epoch [034/050], Step [0010/0153], LR: 0.005000, SalLoss: 0.0159
2020-03-25 14:57:30.868815 Epoch [034/050], Step [0020/0153], LR: 0.005000, SalLoss: 0.0158
2020-03-25 14:57:43.005306 Epoch [034/050], Step [0030/0153], LR: 0.005000, SalLoss: 0.0160
2020-03-25 14:57:50.724367 Epoch [034/050], Step [0040/0153], LR: 0.005000, SalLoss: 0.0158
2020-03-25 14:57:58.737797 Epoch [034/050], Step [0050/0153], LR: 0.005000, SalLoss: 0.0157
2020-03-25 14:58:06.724794 Epoch [034/050], Step [0060/0153], LR: 0.005000, SalLoss: 0.0157
2020-03-25 14:58:14.592117 Epoch [034/050], Step [0070/0153], LR: 0.005000, SalLoss: 0.0158
2020-03-25 14:58:22.301446 Epoch [034/050], Step [0080/0153], LR: 0.005000, SalLoss: 0.0156
2020-03-25 14:58:30.027799 Epoch [034/050], Step [0090/0153], LR: 0.005000, SalLoss: 0.0151
2020-03-25 14:58:37.835431 Epoch [034/050], Step [0100/0153], LR: 0.005000, SalLoss: 0.0150
2020-03-25 14:58:45.737516 Epoch [034/050], Step [0110/0153], LR: 0.005000, SalLoss: 0.0151
2020-03-25 14:58:53.553747 Epoch [034/050], Step [0120/0153], LR: 0.005000, SalLoss: 0.0157
2020-03-25 14:59:01.484132 Epoch [034/050], Step [0130/0153], LR: 0.005000, SalLoss: 0.0160
2020-03-25 14:59:09.069229 Epoch [034/050], Step [0140/0153], LR: 0.005000, SalLoss: 0.0158
2020-03-25 14:59:16.622020 Epoch [034/050], Step [0150/0153], LR: 0.005000, SalLoss: 0.0156
2020-03-25 14:59:18.574948 Epoch [034/050], Step [0153/0153], LR: 0.005000, SalLoss: 0.0155
2020-03-25 14:59:28.435490 Epoch [035/050], Step [0010/0153], LR: 0.005000, SalLoss: 0.0157
2020-03-25 14:59:36.538067 Epoch [035/050], Step [0020/0153], LR: 0.005000, SalLoss: 0.0157
2020-03-25 14:59:46.159664 Epoch [035/050], Step [0030/0153], LR: 0.005000, SalLoss: 0.0153
2020-03-25 14:59:54.270425 Epoch [035/050], Step [0040/0153], LR: 0.005000, SalLoss: 0.0154
2020-03-25 15:00:02.064070 Epoch [035/050], Step [0050/0153], LR: 0.005000, SalLoss: 0.0148
2020-03-25 15:00:09.844808 Epoch [035/050], Step [0060/0153], LR: 0.005000, SalLoss: 0.0148
2020-03-25 15:00:19.168973 Epoch [035/050], Step [0070/0153], LR: 0.005000, SalLoss: 0.0155
2020-03-25 15:00:27.794811 Epoch [035/050], Step [0080/0153], LR: 0.005000, SalLoss: 0.0157
2020-03-25 15:00:35.339219 Epoch [035/050], Step [0090/0153], LR: 0.005000, SalLoss: 0.0162
2020-03-25 15:00:43.435039 Epoch [035/050], Step [0100/0153], LR: 0.005000, SalLoss: 0.0162
2020-03-25 15:00:51.098688 Epoch [035/050], Step [0110/0153], LR: 0.005000, SalLoss: 0.0158
2020-03-25 15:00:58.808770 Epoch [035/050], Step [0120/0153], LR: 0.005000, SalLoss: 0.0159
2020-03-25 15:01:06.686761 Epoch [035/050], Step [0130/0153], LR: 0.005000, SalLoss: 0.0155
2020-03-25 15:01:17.314190 Epoch [035/050], Step [0140/0153], LR: 0.005000, SalLoss: 0.0157
2020-03-25 15:01:29.980187 Epoch [035/050], Step [0150/0153], LR: 0.005000, SalLoss: 0.0156
2020-03-25 15:01:33.302391 Epoch [035/050], Step [0153/0153], LR: 0.005000, SalLoss: 0.0156
2020-03-25 15:01:49.802720 Epoch [036/050], Step [0010/0153], LR: 0.005000, SalLoss: 0.0156
2020-03-25 15:01:57.752814 Epoch [036/050], Step [0020/0153], LR: 0.005000, SalLoss: 0.0151
2020-03-25 15:02:05.553268 Epoch [036/050], Step [0030/0153], LR: 0.005000, SalLoss: 0.0161
2020-03-25 15:02:15.608542 Epoch [036/050], Step [0040/0153], LR: 0.005000, SalLoss: 0.0160
2020-03-25 15:02:25.141106 Epoch [036/050], Step [0050/0153], LR: 0.005000, SalLoss: 0.0160
2020-03-25 15:02:37.425618 Epoch [036/050], Step [0060/0153], LR: 0.005000, SalLoss: 0.0159
2020-03-25 15:02:49.103934 Epoch [036/050], Step [0070/0153], LR: 0.005000, SalLoss: 0.0154
2020-03-25 15:02:59.348316 Epoch [036/050], Step [0080/0153], LR: 0.005000, SalLoss: 0.0154
2020-03-25 15:03:07.093146 Epoch [036/050], Step [0090/0153], LR: 0.005000, SalLoss: 0.0151
2020-03-25 15:03:14.915670 Epoch [036/050], Step [0100/0153], LR: 0.005000, SalLoss: 0.0156
2020-03-25 15:03:22.702705 Epoch [036/050], Step [0110/0153], LR: 0.005000, SalLoss: 0.0153
2020-03-25 15:03:33.387457 Epoch [036/050], Step [0120/0153], LR: 0.005000, SalLoss: 0.0154
2020-03-25 15:03:46.294514 Epoch [036/050], Step [0130/0153], LR: 0.005000, SalLoss: 0.0156
2020-03-25 15:03:58.735840 Epoch [036/050], Step [0140/0153], LR: 0.005000, SalLoss: 0.0154
2020-03-25 15:04:11.702661 Epoch [036/050], Step [0150/0153], LR: 0.005000, SalLoss: 0.0152
2020-03-25 15:04:15.127644 Epoch [036/050], Step [0153/0153], LR: 0.005000, SalLoss: 0.0152
2020-03-25 15:04:32.255275 Epoch [037/050], Step [0010/0153], LR: 0.005000, SalLoss: 0.0152
2020-03-25 15:04:42.039467 Epoch [037/050], Step [0020/0153], LR: 0.005000, SalLoss: 0.0151
2020-03-25 15:04:49.809443 Epoch [037/050], Step [0030/0153], LR: 0.005000, SalLoss: 0.0150
2020-03-25 15:04:57.705815 Epoch [037/050], Step [0040/0153], LR: 0.005000, SalLoss: 0.0154
2020-03-25 15:05:05.514334 Epoch [037/050], Step [0050/0153], LR: 0.005000, SalLoss: 0.0158
2020-03-25 15:05:13.354225 Epoch [037/050], Step [0060/0153], LR: 0.005000, SalLoss: 0.0155
2020-03-25 15:05:20.908016 Epoch [037/050], Step [0070/0153], LR: 0.005000, SalLoss: 0.0154
2020-03-25 15:05:28.648267 Epoch [037/050], Step [0080/0153], LR: 0.005000, SalLoss: 0.0150
2020-03-25 15:05:36.369320 Epoch [037/050], Step [0090/0153], LR: 0.005000, SalLoss: 0.0148
2020-03-25 15:05:44.131118 Epoch [037/050], Step [0100/0153], LR: 0.005000, SalLoss: 0.0152
2020-03-25 15:05:51.858283 Epoch [037/050], Step [0110/0153], LR: 0.005000, SalLoss: 0.0153
2020-03-25 15:05:59.587983 Epoch [037/050], Step [0120/0153], LR: 0.005000, SalLoss: 0.0153
2020-03-25 15:06:11.594585 Epoch [037/050], Step [0130/0153], LR: 0.005000, SalLoss: 0.0156
2020-03-25 15:06:25.359201 Epoch [037/050], Step [0140/0153], LR: 0.005000, SalLoss: 0.0159
2020-03-25 15:06:35.843662 Epoch [037/050], Step [0150/0153], LR: 0.005000, SalLoss: 0.0161
2020-03-25 15:06:38.457593 Epoch [037/050], Step [0153/0153], LR: 0.005000, SalLoss: 0.0163
2020-03-25 15:06:48.669377 Epoch [038/050], Step [0010/0153], LR: 0.005000, SalLoss: 0.0166
2020-03-25 15:06:57.953395 Epoch [038/050], Step [0020/0153], LR: 0.005000, SalLoss: 0.0162
2020-03-25 15:07:20.044505 Epoch [038/050], Step [0030/0153], LR: 0.005000, SalLoss: 0.0162
2020-03-25 15:07:37.208143 Epoch [038/050], Step [0040/0153], LR: 0.005000, SalLoss: 0.0158
2020-03-25 15:07:57.562948 Epoch [038/050], Step [0050/0153], LR: 0.005000, SalLoss: 0.0155
2020-03-25 15:08:17.411847 Epoch [038/050], Step [0060/0153], LR: 0.005000, SalLoss: 0.0153
2020-03-25 15:08:26.803912 Epoch [038/050], Step [0070/0153], LR: 0.005000, SalLoss: 0.0150
2020-03-25 15:08:34.598308 Epoch [038/050], Step [0080/0153], LR: 0.005000, SalLoss: 0.0152
2020-03-25 15:08:46.385488 Epoch [038/050], Step [0090/0153], LR: 0.005000, SalLoss: 0.0149
2020-03-25 15:08:58.288385 Epoch [038/050], Step [0100/0153], LR: 0.005000, SalLoss: 0.0151
2020-03-25 15:09:11.361353 Epoch [038/050], Step [0110/0153], LR: 0.005000, SalLoss: 0.0156
2020-03-25 15:09:25.706792 Epoch [038/050], Step [0120/0153], LR: 0.005000, SalLoss: 0.0154
2020-03-25 15:09:42.271831 Epoch [038/050], Step [0130/0153], LR: 0.005000, SalLoss: 0.0156
2020-03-25 15:09:54.559248 Epoch [038/050], Step [0140/0153], LR: 0.005000, SalLoss: 0.0160
2020-03-25 15:10:07.261488 Epoch [038/050], Step [0150/0153], LR: 0.005000, SalLoss: 0.0159
2020-03-25 15:10:09.445734 Epoch [038/050], Step [0153/0153], LR: 0.005000, SalLoss: 0.0155
2020-03-25 15:10:19.582885 Epoch [039/050], Step [0010/0153], LR: 0.005000, SalLoss: 0.0156
2020-03-25 15:10:27.560444 Epoch [039/050], Step [0020/0153], LR: 0.005000, SalLoss: 0.0153
2020-03-25 15:10:43.701399 Epoch [039/050], Step [0030/0153], LR: 0.005000, SalLoss: 0.0151
2020-03-25 15:11:04.896600 Epoch [039/050], Step [0040/0153], LR: 0.005000, SalLoss: 0.0153
2020-03-25 15:11:19.661194 Epoch [039/050], Step [0050/0153], LR: 0.005000, SalLoss: 0.0158
2020-03-25 15:11:27.414206 Epoch [039/050], Step [0060/0153], LR: 0.005000, SalLoss: 0.0160
2020-03-25 15:11:35.160217 Epoch [039/050], Step [0070/0153], LR: 0.005000, SalLoss: 0.0163
2020-03-25 15:11:43.012788 Epoch [039/050], Step [0080/0153], LR: 0.005000, SalLoss: 0.0159
2020-03-25 15:11:52.411644 Epoch [039/050], Step [0090/0153], LR: 0.005000, SalLoss: 0.0158
2020-03-25 15:12:05.803330 Epoch [039/050], Step [0100/0153], LR: 0.005000, SalLoss: 0.0157
2020-03-25 15:12:18.915574 Epoch [039/050], Step [0110/0153], LR: 0.005000, SalLoss: 0.0154
2020-03-25 15:12:31.690615 Epoch [039/050], Step [0120/0153], LR: 0.005000, SalLoss: 0.0154
2020-03-25 15:12:48.082327 Epoch [039/050], Step [0130/0153], LR: 0.005000, SalLoss: 0.0151
2020-03-25 15:13:06.671161 Epoch [039/050], Step [0140/0153], LR: 0.005000, SalLoss: 0.0153
2020-03-25 15:13:20.687128 Epoch [039/050], Step [0150/0153], LR: 0.005000, SalLoss: 0.0152
2020-03-25 15:13:23.527373 Epoch [039/050], Step [0153/0153], LR: 0.005000, SalLoss: 0.0151
2020-03-25 15:13:38.072537 Epoch [040/050], Step [0010/0153], LR: 0.000050, SalLoss: 0.0152
2020-03-25 15:13:49.869951 Epoch [040/050], Step [0020/0153], LR: 0.000050, SalLoss: 0.0151
2020-03-25 15:14:01.727769 Epoch [040/050], Step [0030/0153], LR: 0.000050, SalLoss: 0.0151
2020-03-25 15:14:11.291957 Epoch [040/050], Step [0040/0153], LR: 0.000050, SalLoss: 0.0155
2020-03-25 15:14:19.154640 Epoch [040/050], Step [0050/0153], LR: 0.000050, SalLoss: 0.0158
2020-03-25 15:14:32.077467 Epoch [040/050], Step [0060/0153], LR: 0.000050, SalLoss: 0.0154
2020-03-25 15:14:43.608545 Epoch [040/050], Step [0070/0153], LR: 0.000050, SalLoss: 0.0152
2020-03-25 15:14:51.827101 Epoch [040/050], Step [0080/0153], LR: 0.000050, SalLoss: 0.0151
2020-03-25 15:15:00.281427 Epoch [040/050], Step [0090/0153], LR: 0.000050, SalLoss: 0.0148
2020-03-25 15:15:08.179064 Epoch [040/050], Step [0100/0153], LR: 0.000050, SalLoss: 0.0149
2020-03-25 15:15:15.977912 Epoch [040/050], Step [0110/0153], LR: 0.000050, SalLoss: 0.0153
2020-03-25 15:15:25.036973 Epoch [040/050], Step [0120/0153], LR: 0.000050, SalLoss: 0.0153
2020-03-25 15:15:37.837384 Epoch [040/050], Step [0130/0153], LR: 0.000050, SalLoss: 0.0152
2020-03-25 15:15:50.052309 Epoch [040/050], Step [0140/0153], LR: 0.000050, SalLoss: 0.0153
2020-03-25 15:16:01.928390 Epoch [040/050], Step [0150/0153], LR: 0.000050, SalLoss: 0.0149
2020-03-25 15:16:05.012816 Epoch [040/050], Step [0153/0153], LR: 0.000050, SalLoss: 0.0150
2020-03-25 15:16:19.766541 Epoch [041/050], Step [0010/0153], LR: 0.000500, SalLoss: 0.0154
2020-03-25 15:16:30.540161 Epoch [041/050], Step [0020/0153], LR: 0.000500, SalLoss: 0.0153
2020-03-25 15:16:38.224906 Epoch [041/050], Step [0030/0153], LR: 0.000500, SalLoss: 0.0150
2020-03-25 15:16:47.447373 Epoch [041/050], Step [0040/0153], LR: 0.000500, SalLoss: 0.0149
2020-03-25 15:16:55.392189 Epoch [041/050], Step [0050/0153], LR: 0.000500, SalLoss: 0.0149
2020-03-25 15:17:04.891873 Epoch [041/050], Step [0060/0153], LR: 0.000500, SalLoss: 0.0150
2020-03-25 15:17:16.875183 Epoch [041/050], Step [0070/0153], LR: 0.000500, SalLoss: 0.0156
2020-03-25 15:17:31.225456 Epoch [041/050], Step [0080/0153], LR: 0.000500, SalLoss: 0.0153
2020-03-25 15:17:46.893935 Epoch [041/050], Step [0090/0153], LR: 0.000500, SalLoss: 0.0152
2020-03-25 15:18:02.060163 Epoch [041/050], Step [0100/0153], LR: 0.000500, SalLoss: 0.0154
2020-03-25 15:18:10.663561 Epoch [041/050], Step [0110/0153], LR: 0.000500, SalLoss: 0.0151
2020-03-25 15:18:20.438592 Epoch [041/050], Step [0120/0153], LR: 0.000500, SalLoss: 0.0154
2020-03-25 15:18:28.340533 Epoch [041/050], Step [0130/0153], LR: 0.000500, SalLoss: 0.0157
2020-03-25 15:18:35.894516 Epoch [041/050], Step [0140/0153], LR: 0.000500, SalLoss: 0.0154
2020-03-25 15:18:43.402102 Epoch [041/050], Step [0150/0153], LR: 0.000500, SalLoss: 0.0153
2020-03-25 15:18:45.234207 Epoch [041/050], Step [0153/0153], LR: 0.000500, SalLoss: 0.0158
2020-03-25 15:18:55.193853 Epoch [042/050], Step [0010/0153], LR: 0.000500, SalLoss: 0.0157
2020-03-25 15:19:03.002603 Epoch [042/050], Step [0020/0153], LR: 0.000500, SalLoss: 0.0156
2020-03-25 15:19:18.735269 Epoch [042/050], Step [0030/0153], LR: 0.000500, SalLoss: 0.0162
2020-03-25 15:19:34.138157 Epoch [042/050], Step [0040/0153], LR: 0.000500, SalLoss: 0.0155
2020-03-25 15:19:44.473718 Epoch [042/050], Step [0050/0153], LR: 0.000500, SalLoss: 0.0155
2020-03-25 15:19:52.569230 Epoch [042/050], Step [0060/0153], LR: 0.000500, SalLoss: 0.0158
2020-03-25 15:20:08.925540 Epoch [042/050], Step [0070/0153], LR: 0.000500, SalLoss: 0.0153
2020-03-25 15:20:20.139300 Epoch [042/050], Step [0080/0153], LR: 0.000500, SalLoss: 0.0154
2020-03-25 15:20:31.842460 Epoch [042/050], Step [0090/0153], LR: 0.000500, SalLoss: 0.0151
2020-03-25 15:20:39.726526 Epoch [042/050], Step [0100/0153], LR: 0.000500, SalLoss: 0.0147
2020-03-25 15:20:47.794395 Epoch [042/050], Step [0110/0153], LR: 0.000500, SalLoss: 0.0150
2020-03-25 15:20:56.019297 Epoch [042/050], Step [0120/0153], LR: 0.000500, SalLoss: 0.0148
2020-03-25 15:21:09.579352 Epoch [042/050], Step [0130/0153], LR: 0.000500, SalLoss: 0.0149
2020-03-25 15:21:23.564582 Epoch [042/050], Step [0140/0153], LR: 0.000500, SalLoss: 0.0147
2020-03-25 15:21:37.578033 Epoch [042/050], Step [0150/0153], LR: 0.000500, SalLoss: 0.0150
2020-03-25 15:21:40.451712 Epoch [042/050], Step [0153/0153], LR: 0.000500, SalLoss: 0.0149
2020-03-25 15:21:56.259814 Epoch [043/050], Step [0010/0153], LR: 0.000500, SalLoss: 0.0152
2020-03-25 15:22:08.002653 Epoch [043/050], Step [0020/0153], LR: 0.000500, SalLoss: 0.0148
2020-03-25 15:22:22.014822 Epoch [043/050], Step [0030/0153], LR: 0.000500, SalLoss: 0.0145
2020-03-25 15:22:36.076783 Epoch [043/050], Step [0040/0153], LR: 0.000500, SalLoss: 0.0146
2020-03-25 15:22:48.978491 Epoch [043/050], Step [0050/0153], LR: 0.000500, SalLoss: 0.0147
2020-03-25 15:23:00.538458 Epoch [043/050], Step [0060/0153], LR: 0.000500, SalLoss: 0.0153
2020-03-25 15:23:12.468907 Epoch [043/050], Step [0070/0153], LR: 0.000500, SalLoss: 0.0157
2020-03-25 15:23:23.801890 Epoch [043/050], Step [0080/0153], LR: 0.000500, SalLoss: 0.0156
2020-03-25 15:23:35.640632 Epoch [043/050], Step [0090/0153], LR: 0.000500, SalLoss: 0.0153
2020-03-25 15:23:47.351292 Epoch [043/050], Step [0100/0153], LR: 0.000500, SalLoss: 0.0153
2020-03-25 15:23:56.358658 Epoch [043/050], Step [0110/0153], LR: 0.000500, SalLoss: 0.0152
2020-03-25 15:24:04.484433 Epoch [043/050], Step [0120/0153], LR: 0.000500, SalLoss: 0.0151
2020-03-25 15:24:12.660510 Epoch [043/050], Step [0130/0153], LR: 0.000500, SalLoss: 0.0156
2020-03-25 15:24:20.258566 Epoch [043/050], Step [0140/0153], LR: 0.000500, SalLoss: 0.0156
2020-03-25 15:24:36.512757 Epoch [043/050], Step [0150/0153], LR: 0.000500, SalLoss: 0.0154
2020-03-25 15:24:41.053717 Epoch [043/050], Step [0153/0153], LR: 0.000500, SalLoss: 0.0154
2020-03-25 15:24:51.059199 Epoch [044/050], Step [0010/0153], LR: 0.000500, SalLoss: 0.0153
2020-03-25 15:24:58.793413 Epoch [044/050], Step [0020/0153], LR: 0.000500, SalLoss: 0.0151
2020-03-25 15:25:06.555097 Epoch [044/050], Step [0030/0153], LR: 0.000500, SalLoss: 0.0149
2020-03-25 15:25:14.287548 Epoch [044/050], Step [0040/0153], LR: 0.000500, SalLoss: 0.0148
2020-03-25 15:25:22.006313 Epoch [044/050], Step [0050/0153], LR: 0.000500, SalLoss: 0.0150
2020-03-25 15:25:29.758019 Epoch [044/050], Step [0060/0153], LR: 0.000500, SalLoss: 0.0149
2020-03-25 15:25:37.542372 Epoch [044/050], Step [0070/0153], LR: 0.000500, SalLoss: 0.0150
2020-03-25 15:25:45.448384 Epoch [044/050], Step [0080/0153], LR: 0.000500, SalLoss: 0.0149
2020-03-25 15:25:56.032583 Epoch [044/050], Step [0090/0153], LR: 0.000500, SalLoss: 0.0150
2020-03-25 15:26:08.765373 Epoch [044/050], Step [0100/0153], LR: 0.000500, SalLoss: 0.0151
2020-03-25 15:26:20.672294 Epoch [044/050], Step [0110/0153], LR: 0.000500, SalLoss: 0.0156
2020-03-25 15:26:31.983767 Epoch [044/050], Step [0120/0153], LR: 0.000500, SalLoss: 0.0158
2020-03-25 15:26:44.459353 Epoch [044/050], Step [0130/0153], LR: 0.000500, SalLoss: 0.0153
2020-03-25 15:26:56.408750 Epoch [044/050], Step [0140/0153], LR: 0.000500, SalLoss: 0.0155
2020-03-25 15:27:03.838822 Epoch [044/050], Step [0150/0153], LR: 0.000500, SalLoss: 0.0155
2020-03-25 15:27:05.729764 Epoch [044/050], Step [0153/0153], LR: 0.000500, SalLoss: 0.0153
2020-03-25 15:27:15.528105 Epoch [045/050], Step [0010/0153], LR: 0.000500, SalLoss: 0.0156
2020-03-25 15:27:23.231197 Epoch [045/050], Step [0020/0153], LR: 0.000500, SalLoss: 0.0158
2020-03-25 15:27:30.936649 Epoch [045/050], Step [0030/0153], LR: 0.000500, SalLoss: 0.0156
2020-03-25 15:27:38.604293 Epoch [045/050], Step [0040/0153], LR: 0.000500, SalLoss: 0.0159
2020-03-25 15:27:47.283969 Epoch [045/050], Step [0050/0153], LR: 0.000500, SalLoss: 0.0158
2020-03-25 15:27:57.206392 Epoch [045/050], Step [0060/0153], LR: 0.000500, SalLoss: 0.0159
2020-03-25 15:28:04.846838 Epoch [045/050], Step [0070/0153], LR: 0.000500, SalLoss: 0.0152
2020-03-25 15:28:13.389374 Epoch [045/050], Step [0080/0153], LR: 0.000500, SalLoss: 0.0150
2020-03-25 15:28:22.449758 Epoch [045/050], Step [0090/0153], LR: 0.000500, SalLoss: 0.0152
2020-03-25 15:28:30.369451 Epoch [045/050], Step [0100/0153], LR: 0.000500, SalLoss: 0.0151
2020-03-25 15:28:38.144699 Epoch [045/050], Step [0110/0153], LR: 0.000500, SalLoss: 0.0153
2020-03-25 15:28:45.972818 Epoch [045/050], Step [0120/0153], LR: 0.000500, SalLoss: 0.0155
2020-03-25 15:28:53.783435 Epoch [045/050], Step [0130/0153], LR: 0.000500, SalLoss: 0.0150
2020-03-25 15:29:01.336436 Epoch [045/050], Step [0140/0153], LR: 0.000500, SalLoss: 0.0148
2020-03-25 15:29:08.786278 Epoch [045/050], Step [0150/0153], LR: 0.000500, SalLoss: 0.0147
2020-03-25 15:29:10.589037 Epoch [045/050], Step [0153/0153], LR: 0.000500, SalLoss: 0.0143
2020-03-25 15:29:20.816752 Epoch [046/050], Step [0010/0153], LR: 0.000500, SalLoss: 0.0140
2020-03-25 15:29:28.547294 Epoch [046/050], Step [0020/0153], LR: 0.000500, SalLoss: 0.0138
2020-03-25 15:29:36.352573 Epoch [046/050], Step [0030/0153], LR: 0.000500, SalLoss: 0.0144
2020-03-25 15:29:44.952936 Epoch [046/050], Step [0040/0153], LR: 0.000500, SalLoss: 0.0150
2020-03-25 15:29:53.253333 Epoch [046/050], Step [0050/0153], LR: 0.000500, SalLoss: 0.0152
2020-03-25 15:30:04.893757 Epoch [046/050], Step [0060/0153], LR: 0.000500, SalLoss: 0.0156
2020-03-25 15:30:18.950240 Epoch [046/050], Step [0070/0153], LR: 0.000500, SalLoss: 0.0152
2020-03-25 15:30:31.831840 Epoch [046/050], Step [0080/0153], LR: 0.000500, SalLoss: 0.0149
2020-03-25 15:30:42.239779 Epoch [046/050], Step [0090/0153], LR: 0.000500, SalLoss: 0.0151
2020-03-25 15:30:49.961666 Epoch [046/050], Step [0100/0153], LR: 0.000500, SalLoss: 0.0150
2020-03-25 15:30:57.621855 Epoch [046/050], Step [0110/0153], LR: 0.000500, SalLoss: 0.0148
2020-03-25 15:31:05.463618 Epoch [046/050], Step [0120/0153], LR: 0.000500, SalLoss: 0.0152
2020-03-25 15:31:13.166574 Epoch [046/050], Step [0130/0153], LR: 0.000500, SalLoss: 0.0155
2020-03-25 15:31:20.650536 Epoch [046/050], Step [0140/0153], LR: 0.000500, SalLoss: 0.0157
2020-03-25 15:31:29.121035 Epoch [046/050], Step [0150/0153], LR: 0.000500, SalLoss: 0.0159
2020-03-25 15:31:32.702235 Epoch [046/050], Step [0153/0153], LR: 0.000500, SalLoss: 0.0157
2020-03-25 15:31:47.665129 Epoch [047/050], Step [0010/0153], LR: 0.000500, SalLoss: 0.0154
2020-03-25 15:31:59.249781 Epoch [047/050], Step [0020/0153], LR: 0.000500, SalLoss: 0.0151
2020-03-25 15:32:10.662536 Epoch [047/050], Step [0030/0153], LR: 0.000500, SalLoss: 0.0148
2020-03-25 15:32:20.503777 Epoch [047/050], Step [0040/0153], LR: 0.000500, SalLoss: 0.0150
2020-03-25 15:32:28.752780 Epoch [047/050], Step [0050/0153], LR: 0.000500, SalLoss: 0.0152
2020-03-25 15:32:36.624874 Epoch [047/050], Step [0060/0153], LR: 0.000500, SalLoss: 0.0152
2020-03-25 15:32:44.552715 Epoch [047/050], Step [0070/0153], LR: 0.000500, SalLoss: 0.0150
2020-03-25 15:32:52.765807 Epoch [047/050], Step [0080/0153], LR: 0.000500, SalLoss: 0.0147
2020-03-25 15:33:04.547294 Epoch [047/050], Step [0090/0153], LR: 0.000500, SalLoss: 0.0146
2020-03-25 15:33:16.225562 Epoch [047/050], Step [0100/0153], LR: 0.000500, SalLoss: 0.0150
2020-03-25 15:33:27.369166 Epoch [047/050], Step [0110/0153], LR: 0.000500, SalLoss: 0.0153
2020-03-25 15:33:35.203129 Epoch [047/050], Step [0120/0153], LR: 0.000500, SalLoss: 0.0160
2020-03-25 15:33:47.696465 Epoch [047/050], Step [0130/0153], LR: 0.000500, SalLoss: 0.0159
2020-03-25 15:34:01.227345 Epoch [047/050], Step [0140/0153], LR: 0.000500, SalLoss: 0.0151
2020-03-25 15:34:19.007636 Epoch [047/050], Step [0150/0153], LR: 0.000500, SalLoss: 0.0153
2020-03-25 15:34:23.296253 Epoch [047/050], Step [0153/0153], LR: 0.000500, SalLoss: 0.0151
2020-03-25 15:34:44.572645 Epoch [048/050], Step [0010/0153], LR: 0.000500, SalLoss: 0.0150
2020-03-25 15:34:53.017767 Epoch [048/050], Step [0020/0153], LR: 0.000500, SalLoss: 0.0152
2020-03-25 15:35:00.847971 Epoch [048/050], Step [0030/0153], LR: 0.000500, SalLoss: 0.0154
2020-03-25 15:35:08.714697 Epoch [048/050], Step [0040/0153], LR: 0.000500, SalLoss: 0.0149
2020-03-25 15:35:17.118697 Epoch [048/050], Step [0050/0153], LR: 0.000500, SalLoss: 0.0148
2020-03-25 15:35:28.196233 Epoch [048/050], Step [0060/0153], LR: 0.000500, SalLoss: 0.0151
2020-03-25 15:35:39.916544 Epoch [048/050], Step [0070/0153], LR: 0.000500, SalLoss: 0.0149
2020-03-25 15:35:47.728122 Epoch [048/050], Step [0080/0153], LR: 0.000500, SalLoss: 0.0152
2020-03-25 15:35:55.410398 Epoch [048/050], Step [0090/0153], LR: 0.000500, SalLoss: 0.0151
2020-03-25 15:36:07.201841 Epoch [048/050], Step [0100/0153], LR: 0.000500, SalLoss: 0.0150
2020-03-25 15:36:32.173608 Epoch [048/050], Step [0110/0153], LR: 0.000500, SalLoss: 0.0155
2020-03-25 15:37:02.599075 Epoch [048/050], Step [0120/0153], LR: 0.000500, SalLoss: 0.0156
2020-03-25 15:37:20.948831 Epoch [048/050], Step [0130/0153], LR: 0.000500, SalLoss: 0.0154
2020-03-25 15:37:37.396227 Epoch [048/050], Step [0140/0153], LR: 0.000500, SalLoss: 0.0154
2020-03-25 15:37:51.461722 Epoch [048/050], Step [0150/0153], LR: 0.000500, SalLoss: 0.0154
2020-03-25 15:37:54.696015 Epoch [048/050], Step [0153/0153], LR: 0.000500, SalLoss: 0.0154
2020-03-25 15:38:27.770447 Epoch [049/050], Step [0010/0153], LR: 0.000500, SalLoss: 0.0155
2020-03-25 15:38:43.940591 Epoch [049/050], Step [0020/0153], LR: 0.000500, SalLoss: 0.0157
2020-03-25 15:38:55.144546 Epoch [049/050], Step [0030/0153], LR: 0.000500, SalLoss: 0.0163
2020-03-25 15:39:06.844571 Epoch [049/050], Step [0040/0153], LR: 0.000500, SalLoss: 0.0157
2020-03-25 15:39:18.475005 Epoch [049/050], Step [0050/0153], LR: 0.000500, SalLoss: 0.0152
2020-03-25 15:39:34.299338 Epoch [049/050], Step [0060/0153], LR: 0.000500, SalLoss: 0.0149
2020-03-25 15:39:47.516062 Epoch [049/050], Step [0070/0153], LR: 0.000500, SalLoss: 0.0145
2020-03-25 15:40:00.163487 Epoch [049/050], Step [0080/0153], LR: 0.000500, SalLoss: 0.0144
2020-03-25 15:40:12.619968 Epoch [049/050], Step [0090/0153], LR: 0.000500, SalLoss: 0.0145
2020-03-25 15:40:24.287488 Epoch [049/050], Step [0100/0153], LR: 0.000500, SalLoss: 0.0146
2020-03-25 15:40:32.305019 Epoch [049/050], Step [0110/0153], LR: 0.000500, SalLoss: 0.0150
2020-03-25 15:40:40.410690 Epoch [049/050], Step [0120/0153], LR: 0.000500, SalLoss: 0.0158
2020-03-25 15:40:48.461446 Epoch [049/050], Step [0130/0153], LR: 0.000500, SalLoss: 0.0158
2020-03-25 15:40:56.358792 Epoch [049/050], Step [0140/0153], LR: 0.000500, SalLoss: 0.0159
2020-03-25 15:41:04.204287 Epoch [049/050], Step [0150/0153], LR: 0.000500, SalLoss: 0.0154
2020-03-25 15:41:06.091875 Epoch [049/050], Step [0153/0153], LR: 0.000500, SalLoss: 0.0151
