Learning Rate: 0.05 ResNet: True Trainset: DUTS_TRAIN
initialize: conv1
initialize: bn1
initialize: conv2
initialize: bn2
initialize: conv3
initialize: bn3
initialize: relu
initialize: downsample
initialize: 0
initialize: 1
initialize: conv1
initialize: bn1
initialize: conv2
initialize: bn2
initialize: conv3
initialize: bn3
initialize: relu
initialize: conv1
initialize: bn1
initialize: conv2
initialize: bn2
initialize: conv3
initialize: bn3
initialize: relu
initialize: conv1
initialize: bn1
initialize: conv2
initialize: bn2
initialize: conv3
initialize: bn3
initialize: relu
initialize: downsample
initialize: 0
initialize: 1
initialize: conv1
initialize: bn1
initialize: conv2
initialize: bn2
initialize: conv3
initialize: bn3
initialize: relu
initialize: conv1
initialize: bn1
initialize: conv2
initialize: bn2
initialize: conv3
initialize: bn3
initialize: relu
initialize: conv1
initialize: bn1
initialize: conv2
initialize: bn2
initialize: conv3
initialize: bn3
initialize: relu
initialize: conv1
initialize: bn1
initialize: conv2
initialize: bn2
initialize: conv3
initialize: bn3
initialize: relu
initialize: downsample
initialize: 0
initialize: 1
initialize: conv1
initialize: bn1
initialize: conv2
initialize: bn2
initialize: conv3
initialize: bn3
initialize: relu
initialize: conv1
initialize: bn1
initialize: conv2
initialize: bn2
initialize: conv3
initialize: bn3
initialize: relu
initialize: conv1
initialize: bn1
initialize: conv2
initialize: bn2
initialize: conv3
initialize: bn3
initialize: relu
initialize: conv1
initialize: bn1
initialize: conv2
initialize: bn2
initialize: conv3
initialize: bn3
initialize: relu
initialize: conv1
initialize: bn1
initialize: conv2
initialize: bn2
initialize: conv3
initialize: bn3
initialize: relu
initialize: conv1
initialize: bn1
initialize: conv2
initialize: bn2
initialize: conv3
initialize: bn3
initialize: relu
initialize: downsample
initialize: 0
initialize: 1
initialize: conv1
initialize: bn1
initialize: conv2
initialize: bn2
initialize: conv3
initialize: bn3
initialize: relu
initialize: conv1
initialize: bn1
initialize: conv2
initialize: bn2
initialize: conv3
initialize: bn3
initialize: relu
initialize: conv_bn
initialize: 0
initialize: 1
initialize: conv_bn
initialize: 0
initialize: 1
initialize: conv_bn
initialize: 0
initialize: 1
initialize: reduce
initialize: 0
initialize: 1
initialize: 2
initialize: 3
initialize: conv_bn
initialize: 0
initialize: 1
initialize: conv_bn
initialize: 0
initialize: 1
initialize: conv_bn
initialize: 0
initialize: 1
initialize: reduce
initialize: 0
initialize: 1
initialize: 2
initialize: 3
initialize: conv_bn
initialize: 0
initialize: 1
initialize: conv_bn
initialize: 0
initialize: 1
initialize: conv_bn
initialize: 0
initialize: 1
initialize: reduce
initialize: 0
initialize: 1
initialize: 2
initialize: 3
initialize: conv_bn
initialize: 0
initialize: 1
initialize: conv_bn
initialize: 0
initialize: 1
initialize: conv_bn
initialize: 0
initialize: 1
initialize: reduce
initialize: 0
initialize: 1
initialize: 2
initialize: 3
initialize: conv_bn
initialize: 0
initialize: 1
initialize: conv_bn
initialize: 0
initialize: 1
initialize: conv_bn
initialize: 0
initialize: 1
initialize: conv_bn
initialize: 0
initialize: 1
initialize: conv_bn
initialize: 0
initialize: 1
initialize: convs
initialize: cat
initialize: conv_bn
initialize: 0
initialize: 1
initialize: conv_bn
initialize: 0
initialize: 1
initialize: conv_bn
initialize: 0
initialize: 1
initialize: conv_bn
initialize: 0
initialize: 1
initialize: conv_bn
initialize: 0
initialize: 1
initialize: conv_bn
initialize: 0
initialize: 1
initialize: conv_bn
initialize: 0
initialize: 1
initialize: conv_bn
initialize: 0
initialize: 1
initialize: conv_bn
initialize: 0
initialize: 1
initialize: conv_bn
initialize: 0
initialize: 1
initialize: upsample
initialize: conv_upsample1
initialize: conv_upsample2
initialize: conv_upsample3
initialize: conv_cat1
initialize: 0
initialize: 1
initialize: conv_cat2
initialize: 0
initialize: 1
initialize: conv_cat3
initialize: 0
initialize: 1
initialize: output
initialize: 0
initialize: 1
initialize: resnet
initialize: reduce_s1
initialize: reduce_s2
initialize: reduce_s3
initialize: reduce_s4
initialize: ppm
initialize: output_s
Time to witness the mirracle!
/home/LAB/penghao/anaconda3/lib/python3.6/site-packages/torch/nn/functional.py:2416: UserWarning: nn.functional.upsample is deprecated. Use nn.functional.interpolate instead.
  warnings.warn("nn.functional.upsample is deprecated. Use nn.functional.interpolate instead.")
/home/LAB/penghao/anaconda3/lib/python3.6/site-packages/imageio/core/util.py:78: UserWarning: Lossy conversion from float32 to uint8, range [0, 1]
  dtype_str, out_type.__name__))
2020-03-25 15:55:57.973637 Epoch [000/050], Step [0010/0153], LR: 0.050000, SalLoss: 0.1482
2020-03-25 15:56:04.954601 Epoch [000/050], Step [0020/0153], LR: 0.050000, SalLoss: 0.0873
2020-03-25 15:56:12.584930 Epoch [000/050], Step [0030/0153], LR: 0.050000, SalLoss: 0.0669
2020-03-25 15:56:20.423895 Epoch [000/050], Step [0040/0153], LR: 0.050000, SalLoss: 0.0568
2020-03-25 15:56:30.151069 Epoch [000/050], Step [0050/0153], LR: 0.050000, SalLoss: 0.0259
2020-03-25 15:56:43.116719 Epoch [000/050], Step [0060/0153], LR: 0.050000, SalLoss: 0.0259
2020-03-25 15:56:57.104174 Epoch [000/050], Step [0070/0153], LR: 0.050000, SalLoss: 0.0255
2020-03-25 15:57:07.138584 Epoch [000/050], Step [0080/0153], LR: 0.050000, SalLoss: 0.0250
2020-03-25 15:57:14.855597 Epoch [000/050], Step [0090/0153], LR: 0.050000, SalLoss: 0.0253
2020-03-25 15:57:22.739744 Epoch [000/050], Step [0100/0153], LR: 0.050000, SalLoss: 0.0244
2020-03-25 15:57:30.589851 Epoch [000/050], Step [0110/0153], LR: 0.050000, SalLoss: 0.0243
2020-03-25 15:57:45.467485 Epoch [000/050], Step [0120/0153], LR: 0.050000, SalLoss: 0.0239
2020-03-25 15:58:05.637446 Epoch [000/050], Step [0130/0153], LR: 0.050000, SalLoss: 0.0233
2020-03-25 15:58:24.500145 Epoch [000/050], Step [0140/0153], LR: 0.050000, SalLoss: 0.0232
2020-03-25 15:58:32.335643 Epoch [000/050], Step [0150/0153], LR: 0.050000, SalLoss: 0.0225
2020-03-25 15:58:34.328431 Epoch [000/050], Step [0153/0153], LR: 0.050000, SalLoss: 0.0226
2020-03-25 15:58:44.394064 Epoch [001/050], Step [0010/0153], LR: 0.050000, SalLoss: 0.0220
2020-03-25 15:58:52.656050 Epoch [001/050], Step [0020/0153], LR: 0.050000, SalLoss: 0.0215
2020-03-25 15:59:05.031966 Epoch [001/050], Step [0030/0153], LR: 0.050000, SalLoss: 0.0221
2020-03-25 15:59:16.581789 Epoch [001/050], Step [0040/0153], LR: 0.050000, SalLoss: 0.0218
2020-03-25 15:59:33.632486 Epoch [001/050], Step [0050/0153], LR: 0.050000, SalLoss: 0.0220
2020-03-25 15:59:53.702492 Epoch [001/050], Step [0060/0153], LR: 0.050000, SalLoss: 0.0219
2020-03-25 16:00:15.434299 Epoch [001/050], Step [0070/0153], LR: 0.050000, SalLoss: 0.0215
2020-03-25 16:00:25.228457 Epoch [001/050], Step [0080/0153], LR: 0.050000, SalLoss: 0.0211
2020-03-25 16:00:36.858467 Epoch [001/050], Step [0090/0153], LR: 0.050000, SalLoss: 0.0207
2020-03-25 16:00:50.706207 Epoch [001/050], Step [0100/0153], LR: 0.050000, SalLoss: 0.0206
2020-03-25 16:01:04.308803 Epoch [001/050], Step [0110/0153], LR: 0.050000, SalLoss: 0.0203
2020-03-25 16:01:24.929735 Epoch [001/050], Step [0120/0153], LR: 0.050000, SalLoss: 0.0204
2020-03-25 16:01:43.107943 Epoch [001/050], Step [0130/0153], LR: 0.050000, SalLoss: 0.0202
2020-03-25 16:01:52.479503 Epoch [001/050], Step [0140/0153], LR: 0.050000, SalLoss: 0.0194
2020-03-25 16:01:59.932169 Epoch [001/050], Step [0150/0153], LR: 0.050000, SalLoss: 0.0192
2020-03-25 16:02:02.569469 Epoch [001/050], Step [0153/0153], LR: 0.050000, SalLoss: 0.0188
2020-03-25 16:02:21.888116 Epoch [002/050], Step [0010/0153], LR: 0.050000, SalLoss: 0.0196
2020-03-25 16:02:44.799470 Epoch [002/050], Step [0020/0153], LR: 0.050000, SalLoss: 0.0193
2020-03-25 16:03:01.182187 Epoch [002/050], Step [0030/0153], LR: 0.050000, SalLoss: 0.0200
2020-03-25 16:03:14.627302 Epoch [002/050], Step [0040/0153], LR: 0.050000, SalLoss: 0.0200
2020-03-25 16:03:24.785714 Epoch [002/050], Step [0050/0153], LR: 0.050000, SalLoss: 0.0194
2020-03-25 16:03:32.588039 Epoch [002/050], Step [0060/0153], LR: 0.050000, SalLoss: 0.0199
2020-03-25 16:03:40.235700 Epoch [002/050], Step [0070/0153], LR: 0.050000, SalLoss: 0.0190
2020-03-25 16:03:48.084512 Epoch [002/050], Step [0080/0153], LR: 0.050000, SalLoss: 0.0187
2020-03-25 16:03:55.784617 Epoch [002/050], Step [0090/0153], LR: 0.050000, SalLoss: 0.0188
2020-03-25 16:04:04.262879 Epoch [002/050], Step [0100/0153], LR: 0.050000, SalLoss: 0.0187
2020-03-25 16:04:13.288353 Epoch [002/050], Step [0110/0153], LR: 0.050000, SalLoss: 0.0190
2020-03-25 16:04:21.029934 Epoch [002/050], Step [0120/0153], LR: 0.050000, SalLoss: 0.0192
2020-03-25 16:04:32.496065 Epoch [002/050], Step [0130/0153], LR: 0.050000, SalLoss: 0.0190
2020-03-25 16:04:47.162861 Epoch [002/050], Step [0140/0153], LR: 0.050000, SalLoss: 0.0190
2020-03-25 16:04:59.799450 Epoch [002/050], Step [0150/0153], LR: 0.050000, SalLoss: 0.0188
2020-03-25 16:05:02.736221 Epoch [002/050], Step [0153/0153], LR: 0.050000, SalLoss: 0.0189
2020-03-25 16:05:16.434144 Epoch [003/050], Step [0010/0153], LR: 0.050000, SalLoss: 0.0187
2020-03-25 16:05:28.979347 Epoch [003/050], Step [0020/0153], LR: 0.050000, SalLoss: 0.0186
2020-03-25 16:05:38.787102 Epoch [003/050], Step [0030/0153], LR: 0.050000, SalLoss: 0.0183
2020-03-25 16:05:46.841649 Epoch [003/050], Step [0040/0153], LR: 0.050000, SalLoss: 0.0180
2020-03-25 16:05:54.667411 Epoch [003/050], Step [0050/0153], LR: 0.050000, SalLoss: 0.0185
2020-03-25 16:06:04.281926 Epoch [003/050], Step [0060/0153], LR: 0.050000, SalLoss: 0.0186
2020-03-25 16:06:12.796859 Epoch [003/050], Step [0070/0153], LR: 0.050000, SalLoss: 0.0183
2020-03-25 16:06:20.739471 Epoch [003/050], Step [0080/0153], LR: 0.050000, SalLoss: 0.0185
2020-03-25 16:06:31.299040 Epoch [003/050], Step [0090/0153], LR: 0.050000, SalLoss: 0.0178
2020-03-25 16:06:40.649002 Epoch [003/050], Step [0100/0153], LR: 0.050000, SalLoss: 0.0175
2020-03-25 16:06:53.377000 Epoch [003/050], Step [0110/0153], LR: 0.050000, SalLoss: 0.0176
2020-03-25 16:07:12.854436 Epoch [003/050], Step [0120/0153], LR: 0.050000, SalLoss: 0.0180
2020-03-25 16:07:26.790960 Epoch [003/050], Step [0130/0153], LR: 0.050000, SalLoss: 0.0188
2020-03-25 16:07:37.460058 Epoch [003/050], Step [0140/0153], LR: 0.050000, SalLoss: 0.0187
2020-03-25 16:07:57.786218 Epoch [003/050], Step [0150/0153], LR: 0.050000, SalLoss: 0.0186
2020-03-25 16:08:04.281246 Epoch [003/050], Step [0153/0153], LR: 0.050000, SalLoss: 0.0184
2020-03-25 16:08:27.484682 Epoch [004/050], Step [0010/0153], LR: 0.050000, SalLoss: 0.0181
2020-03-25 16:08:45.479342 Epoch [004/050], Step [0020/0153], LR: 0.050000, SalLoss: 0.0183
2020-03-25 16:08:55.157355 Epoch [004/050], Step [0030/0153], LR: 0.050000, SalLoss: 0.0180
2020-03-25 16:09:04.321601 Epoch [004/050], Step [0040/0153], LR: 0.050000, SalLoss: 0.0178
2020-03-25 16:09:13.375998 Epoch [004/050], Step [0050/0153], LR: 0.050000, SalLoss: 0.0176
2020-03-25 16:09:24.190334 Epoch [004/050], Step [0060/0153], LR: 0.050000, SalLoss: 0.0170
2020-03-25 16:09:34.597223 Epoch [004/050], Step [0070/0153], LR: 0.050000, SalLoss: 0.0174
2020-03-25 16:09:43.705211 Epoch [004/050], Step [0080/0153], LR: 0.050000, SalLoss: 0.0179
2020-03-25 16:10:01.662261 Epoch [004/050], Step [0090/0153], LR: 0.050000, SalLoss: 0.0178
2020-03-25 16:10:19.637968 Epoch [004/050], Step [0100/0153], LR: 0.050000, SalLoss: 0.0184
2020-03-25 16:10:34.960929 Epoch [004/050], Step [0110/0153], LR: 0.050000, SalLoss: 0.0182
2020-03-25 16:10:42.753648 Epoch [004/050], Step [0120/0153], LR: 0.050000, SalLoss: 0.0179
2020-03-25 16:10:50.680103 Epoch [004/050], Step [0130/0153], LR: 0.050000, SalLoss: 0.0180
2020-03-25 16:10:58.409384 Epoch [004/050], Step [0140/0153], LR: 0.050000, SalLoss: 0.0179
2020-03-25 16:11:05.904804 Epoch [004/050], Step [0150/0153], LR: 0.050000, SalLoss: 0.0175
2020-03-25 16:11:07.897207 Epoch [004/050], Step [0153/0153], LR: 0.050000, SalLoss: 0.0174
2020-03-25 16:11:17.783884 Epoch [005/050], Step [0010/0153], LR: 0.050000, SalLoss: 0.0177
2020-03-25 16:11:27.049698 Epoch [005/050], Step [0020/0153], LR: 0.050000, SalLoss: 0.0172
2020-03-25 16:11:34.883700 Epoch [005/050], Step [0030/0153], LR: 0.050000, SalLoss: 0.0177
2020-03-25 16:11:42.626996 Epoch [005/050], Step [0040/0153], LR: 0.050000, SalLoss: 0.0171
2020-03-25 16:11:52.199389 Epoch [005/050], Step [0050/0153], LR: 0.050000, SalLoss: 0.0169
2020-03-25 16:12:02.388289 Epoch [005/050], Step [0060/0153], LR: 0.050000, SalLoss: 0.0174
2020-03-25 16:12:10.444728 Epoch [005/050], Step [0070/0153], LR: 0.050000, SalLoss: 0.0167
2020-03-25 16:12:22.540662 Epoch [005/050], Step [0080/0153], LR: 0.050000, SalLoss: 0.0173
2020-03-25 16:12:35.836076 Epoch [005/050], Step [0090/0153], LR: 0.050000, SalLoss: 0.0176
2020-03-25 16:12:46.340069 Epoch [005/050], Step [0100/0153], LR: 0.050000, SalLoss: 0.0176
2020-03-25 16:12:57.991959 Epoch [005/050], Step [0110/0153], LR: 0.050000, SalLoss: 0.0176
2020-03-25 16:13:09.655902 Epoch [005/050], Step [0120/0153], LR: 0.050000, SalLoss: 0.0179
2020-03-25 16:13:21.963837 Epoch [005/050], Step [0130/0153], LR: 0.050000, SalLoss: 0.0176
2020-03-25 16:13:29.615239 Epoch [005/050], Step [0140/0153], LR: 0.050000, SalLoss: 0.0178
2020-03-25 16:13:37.197681 Epoch [005/050], Step [0150/0153], LR: 0.050000, SalLoss: 0.0184
2020-03-25 16:13:39.353001 Epoch [005/050], Step [0153/0153], LR: 0.050000, SalLoss: 0.0180
2020-03-25 16:13:52.179126 Epoch [006/050], Step [0010/0153], LR: 0.050000, SalLoss: 0.0181
2020-03-25 16:14:05.942647 Epoch [006/050], Step [0020/0153], LR: 0.050000, SalLoss: 0.0178
2020-03-25 16:14:18.045215 Epoch [006/050], Step [0030/0153], LR: 0.050000, SalLoss: 0.0181
2020-03-25 16:14:32.148537 Epoch [006/050], Step [0040/0153], LR: 0.050000, SalLoss: 0.0181
2020-03-25 16:14:41.531455 Epoch [006/050], Step [0050/0153], LR: 0.050000, SalLoss: 0.0175
2020-03-25 16:14:49.393075 Epoch [006/050], Step [0060/0153], LR: 0.050000, SalLoss: 0.0177
2020-03-25 16:14:58.916715 Epoch [006/050], Step [0070/0153], LR: 0.050000, SalLoss: 0.0172
2020-03-25 16:15:11.376250 Epoch [006/050], Step [0080/0153], LR: 0.050000, SalLoss: 0.0169
2020-03-25 16:15:24.343432 Epoch [006/050], Step [0090/0153], LR: 0.050000, SalLoss: 0.0175
2020-03-25 16:15:37.504356 Epoch [006/050], Step [0100/0153], LR: 0.050000, SalLoss: 0.0174
2020-03-25 16:15:54.437633 Epoch [006/050], Step [0110/0153], LR: 0.050000, SalLoss: 0.0176
2020-03-25 16:16:06.092649 Epoch [006/050], Step [0120/0153], LR: 0.050000, SalLoss: 0.0180
2020-03-25 16:16:15.449798 Epoch [006/050], Step [0130/0153], LR: 0.050000, SalLoss: 0.0177
2020-03-25 16:16:23.206992 Epoch [006/050], Step [0140/0153], LR: 0.050000, SalLoss: 0.0179
2020-03-25 16:16:31.040046 Epoch [006/050], Step [0150/0153], LR: 0.050000, SalLoss: 0.0175
2020-03-25 16:16:32.927993 Epoch [006/050], Step [0153/0153], LR: 0.050000, SalLoss: 0.0173
2020-03-25 16:16:45.521806 Epoch [007/050], Step [0010/0153], LR: 0.050000, SalLoss: 0.0172
2020-03-25 16:17:07.543585 Epoch [007/050], Step [0020/0153], LR: 0.050000, SalLoss: 0.0175
2020-03-25 16:17:18.830468 Epoch [007/050], Step [0030/0153], LR: 0.050000, SalLoss: 0.0178
2020-03-25 16:17:34.013337 Epoch [007/050], Step [0040/0153], LR: 0.050000, SalLoss: 0.0182
2020-03-25 16:17:41.818247 Epoch [007/050], Step [0050/0153], LR: 0.050000, SalLoss: 0.0179
2020-03-25 16:17:49.911769 Epoch [007/050], Step [0060/0153], LR: 0.050000, SalLoss: 0.0180
2020-03-25 16:17:57.936643 Epoch [007/050], Step [0070/0153], LR: 0.050000, SalLoss: 0.0176
2020-03-25 16:18:13.425659 Epoch [007/050], Step [0080/0153], LR: 0.050000, SalLoss: 0.0173
2020-03-25 16:18:28.452816 Epoch [007/050], Step [0090/0153], LR: 0.050000, SalLoss: 0.0173
2020-03-25 16:18:46.405413 Epoch [007/050], Step [0100/0153], LR: 0.050000, SalLoss: 0.0168
2020-03-25 16:19:00.785847 Epoch [007/050], Step [0110/0153], LR: 0.050000, SalLoss: 0.0167
2020-03-25 16:19:20.872314 Epoch [007/050], Step [0120/0153], LR: 0.050000, SalLoss: 0.0171
2020-03-25 16:19:35.547547 Epoch [007/050], Step [0130/0153], LR: 0.050000, SalLoss: 0.0170
2020-03-25 16:19:47.088305 Epoch [007/050], Step [0140/0153], LR: 0.050000, SalLoss: 0.0168
2020-03-25 16:19:58.378005 Epoch [007/050], Step [0150/0153], LR: 0.050000, SalLoss: 0.0172
2020-03-25 16:20:01.559310 Epoch [007/050], Step [0153/0153], LR: 0.050000, SalLoss: 0.0173
2020-03-25 16:20:14.640187 Epoch [008/050], Step [0010/0153], LR: 0.050000, SalLoss: 0.0167
2020-03-25 16:20:28.661920 Epoch [008/050], Step [0020/0153], LR: 0.050000, SalLoss: 0.0176
2020-03-25 16:20:44.778240 Epoch [008/050], Step [0030/0153], LR: 0.050000, SalLoss: 0.0177
2020-03-25 16:21:02.859779 Epoch [008/050], Step [0040/0153], LR: 0.050000, SalLoss: 0.0173
2020-03-25 16:21:17.498542 Epoch [008/050], Step [0050/0153], LR: 0.050000, SalLoss: 0.0174
2020-03-25 16:21:28.768210 Epoch [008/050], Step [0060/0153], LR: 0.050000, SalLoss: 0.0173
2020-03-25 16:21:41.098775 Epoch [008/050], Step [0070/0153], LR: 0.050000, SalLoss: 0.0173
2020-03-25 16:21:52.923728 Epoch [008/050], Step [0080/0153], LR: 0.050000, SalLoss: 0.0177
2020-03-25 16:22:04.152499 Epoch [008/050], Step [0090/0153], LR: 0.050000, SalLoss: 0.0178
2020-03-25 16:22:16.560966 Epoch [008/050], Step [0100/0153], LR: 0.050000, SalLoss: 0.0175
2020-03-25 16:22:31.858872 Epoch [008/050], Step [0110/0153], LR: 0.050000, SalLoss: 0.0179
2020-03-25 16:22:45.671553 Epoch [008/050], Step [0120/0153], LR: 0.050000, SalLoss: 0.0175
2020-03-25 16:23:05.488731 Epoch [008/050], Step [0130/0153], LR: 0.050000, SalLoss: 0.0169
2020-03-25 16:23:17.854214 Epoch [008/050], Step [0140/0153], LR: 0.050000, SalLoss: 0.0169
2020-03-25 16:23:31.955178 Epoch [008/050], Step [0150/0153], LR: 0.050000, SalLoss: 0.0164
2020-03-25 16:23:36.554847 Epoch [008/050], Step [0153/0153], LR: 0.050000, SalLoss: 0.0159
2020-03-25 16:23:51.951193 Epoch [009/050], Step [0010/0153], LR: 0.050000, SalLoss: 0.0161
2020-03-25 16:24:03.382216 Epoch [009/050], Step [0020/0153], LR: 0.050000, SalLoss: 0.0163
2020-03-25 16:24:17.512155 Epoch [009/050], Step [0030/0153], LR: 0.050000, SalLoss: 0.0158
2020-03-25 16:24:41.758267 Epoch [009/050], Step [0040/0153], LR: 0.050000, SalLoss: 0.0165
2020-03-25 16:25:06.434071 Epoch [009/050], Step [0050/0153], LR: 0.050000, SalLoss: 0.0166
2020-03-25 16:25:28.430062 Epoch [009/050], Step [0060/0153], LR: 0.050000, SalLoss: 0.0172
2020-03-25 16:25:41.231336 Epoch [009/050], Step [0070/0153], LR: 0.050000, SalLoss: 0.0174
2020-03-25 16:25:52.225088 Epoch [009/050], Step [0080/0153], LR: 0.050000, SalLoss: 0.0173
2020-03-25 16:26:07.652799 Epoch [009/050], Step [0090/0153], LR: 0.050000, SalLoss: 0.0175
2020-03-25 16:26:23.453508 Epoch [009/050], Step [0100/0153], LR: 0.050000, SalLoss: 0.0177
2020-03-25 16:26:37.230628 Epoch [009/050], Step [0110/0153], LR: 0.050000, SalLoss: 0.0177
2020-03-25 16:26:53.592783 Epoch [009/050], Step [0120/0153], LR: 0.050000, SalLoss: 0.0179
2020-03-25 16:27:10.511992 Epoch [009/050], Step [0130/0153], LR: 0.050000, SalLoss: 0.0174
2020-03-25 16:27:22.961844 Epoch [009/050], Step [0140/0153], LR: 0.050000, SalLoss: 0.0174
2020-03-25 16:27:36.802100 Epoch [009/050], Step [0150/0153], LR: 0.050000, SalLoss: 0.0173
2020-03-25 16:27:40.132885 Epoch [009/050], Step [0153/0153], LR: 0.050000, SalLoss: 0.0170
2020-03-25 16:28:01.143373 Epoch [010/050], Step [0010/0153], LR: 0.050000, SalLoss: 0.0169
2020-03-25 16:28:23.603915 Epoch [010/050], Step [0020/0153], LR: 0.050000, SalLoss: 0.0171
2020-03-25 16:28:37.287386 Epoch [010/050], Step [0030/0153], LR: 0.050000, SalLoss: 0.0175
2020-03-25 16:28:49.623461 Epoch [010/050], Step [0040/0153], LR: 0.050000, SalLoss: 0.0171
2020-03-25 16:29:05.638307 Epoch [010/050], Step [0050/0153], LR: 0.050000, SalLoss: 0.0175
2020-03-25 16:29:24.161625 Epoch [010/050], Step [0060/0153], LR: 0.050000, SalLoss: 0.0171
2020-03-25 16:29:43.834076 Epoch [010/050], Step [0070/0153], LR: 0.050000, SalLoss: 0.0162
2020-03-25 16:29:57.554993 Epoch [010/050], Step [0080/0153], LR: 0.050000, SalLoss: 0.0168
2020-03-25 16:30:11.286148 Epoch [010/050], Step [0090/0153], LR: 0.050000, SalLoss: 0.0166
2020-03-25 16:30:22.856192 Epoch [010/050], Step [0100/0153], LR: 0.050000, SalLoss: 0.0171
2020-03-25 16:30:38.129214 Epoch [010/050], Step [0110/0153], LR: 0.050000, SalLoss: 0.0173
2020-03-25 16:30:55.657348 Epoch [010/050], Step [0120/0153], LR: 0.050000, SalLoss: 0.0174
2020-03-25 16:31:11.736215 Epoch [010/050], Step [0130/0153], LR: 0.050000, SalLoss: 0.0174
2020-03-25 16:31:27.703764 Epoch [010/050], Step [0140/0153], LR: 0.050000, SalLoss: 0.0170
2020-03-25 16:31:42.111782 Epoch [010/050], Step [0150/0153], LR: 0.050000, SalLoss: 0.0175
2020-03-25 16:31:45.048471 Epoch [010/050], Step [0153/0153], LR: 0.050000, SalLoss: 0.0172
2020-03-25 16:32:00.749390 Epoch [011/050], Step [0010/0153], LR: 0.050000, SalLoss: 0.0171
2020-03-25 16:32:19.184282 Epoch [011/050], Step [0020/0153], LR: 0.050000, SalLoss: 0.0169
2020-03-25 16:32:34.645326 Epoch [011/050], Step [0030/0153], LR: 0.050000, SalLoss: 0.0165
2020-03-25 16:32:53.637606 Epoch [011/050], Step [0040/0153], LR: 0.050000, SalLoss: 0.0164
2020-03-25 16:33:09.419455 Epoch [011/050], Step [0050/0153], LR: 0.050000, SalLoss: 0.0167
2020-03-25 16:33:27.743835 Epoch [011/050], Step [0060/0153], LR: 0.050000, SalLoss: 0.0171
2020-03-25 16:33:48.551271 Epoch [011/050], Step [0070/0153], LR: 0.050000, SalLoss: 0.0171
2020-03-25 16:34:01.331227 Epoch [011/050], Step [0080/0153], LR: 0.050000, SalLoss: 0.0172
2020-03-25 16:34:12.809052 Epoch [011/050], Step [0090/0153], LR: 0.050000, SalLoss: 0.0177
2020-03-25 16:34:24.970142 Epoch [011/050], Step [0100/0153], LR: 0.050000, SalLoss: 0.0176
2020-03-25 16:34:43.344833 Epoch [011/050], Step [0110/0153], LR: 0.050000, SalLoss: 0.0174
2020-03-25 16:35:03.991507 Epoch [011/050], Step [0120/0153], LR: 0.050000, SalLoss: 0.0171
2020-03-25 16:35:17.493958 Epoch [011/050], Step [0130/0153], LR: 0.050000, SalLoss: 0.0164
2020-03-25 16:35:38.575840 Epoch [011/050], Step [0140/0153], LR: 0.050000, SalLoss: 0.0167
2020-03-25 16:35:53.640484 Epoch [011/050], Step [0150/0153], LR: 0.050000, SalLoss: 0.0172
2020-03-25 16:35:55.736325 Epoch [011/050], Step [0153/0153], LR: 0.050000, SalLoss: 0.0172
2020-03-25 16:36:11.620554 Epoch [012/050], Step [0010/0153], LR: 0.050000, SalLoss: 0.0175
2020-03-25 16:36:21.312204 Epoch [012/050], Step [0020/0153], LR: 0.050000, SalLoss: 0.0170
2020-03-25 16:36:29.034170 Epoch [012/050], Step [0030/0153], LR: 0.050000, SalLoss: 0.0169
2020-03-25 16:36:36.900839 Epoch [012/050], Step [0040/0153], LR: 0.050000, SalLoss: 0.0164
2020-03-25 16:36:49.656574 Epoch [012/050], Step [0050/0153], LR: 0.050000, SalLoss: 0.0159
2020-03-25 16:37:02.377102 Epoch [012/050], Step [0060/0153], LR: 0.050000, SalLoss: 0.0162
2020-03-25 16:37:15.553741 Epoch [012/050], Step [0070/0153], LR: 0.050000, SalLoss: 0.0165
2020-03-25 16:37:27.030123 Epoch [012/050], Step [0080/0153], LR: 0.050000, SalLoss: 0.0167
2020-03-25 16:37:45.413810 Epoch [012/050], Step [0090/0153], LR: 0.050000, SalLoss: 0.0170
2020-03-25 16:37:55.513911 Epoch [012/050], Step [0100/0153], LR: 0.050000, SalLoss: 0.0174
2020-03-25 16:38:03.456665 Epoch [012/050], Step [0110/0153], LR: 0.050000, SalLoss: 0.0172
2020-03-25 16:38:20.781442 Epoch [012/050], Step [0120/0153], LR: 0.050000, SalLoss: 0.0174
2020-03-25 16:38:35.608013 Epoch [012/050], Step [0130/0153], LR: 0.050000, SalLoss: 0.0178
2020-03-25 16:38:56.734304 Epoch [012/050], Step [0140/0153], LR: 0.050000, SalLoss: 0.0175
2020-03-25 16:39:19.690645 Epoch [012/050], Step [0150/0153], LR: 0.050000, SalLoss: 0.0176
2020-03-25 16:39:24.580246 Epoch [012/050], Step [0153/0153], LR: 0.050000, SalLoss: 0.0176
2020-03-25 16:39:43.183611 Epoch [013/050], Step [0010/0153], LR: 0.050000, SalLoss: 0.0178
2020-03-25 16:39:55.324516 Epoch [013/050], Step [0020/0153], LR: 0.050000, SalLoss: 0.0174
2020-03-25 16:40:06.866506 Epoch [013/050], Step [0030/0153], LR: 0.050000, SalLoss: 0.0175
2020-03-25 16:40:25.684437 Epoch [013/050], Step [0040/0153], LR: 0.050000, SalLoss: 0.0178
2020-03-25 16:40:49.729117 Epoch [013/050], Step [0050/0153], LR: 0.050000, SalLoss: 0.0177
2020-03-25 16:41:11.998475 Epoch [013/050], Step [0060/0153], LR: 0.050000, SalLoss: 0.0174
2020-03-25 16:41:43.524192 Epoch [013/050], Step [0070/0153], LR: 0.050000, SalLoss: 0.0173
2020-03-25 16:42:02.542921 Epoch [013/050], Step [0080/0153], LR: 0.050000, SalLoss: 0.0171
2020-03-25 16:42:22.343935 Epoch [013/050], Step [0090/0153], LR: 0.050000, SalLoss: 0.0168
2020-03-25 16:42:41.675004 Epoch [013/050], Step [0100/0153], LR: 0.050000, SalLoss: 0.0175
2020-03-25 16:43:02.263061 Epoch [013/050], Step [0110/0153], LR: 0.050000, SalLoss: 0.0170
2020-03-25 16:43:19.464837 Epoch [013/050], Step [0120/0153], LR: 0.050000, SalLoss: 0.0166
2020-03-25 16:43:33.883364 Epoch [013/050], Step [0130/0153], LR: 0.050000, SalLoss: 0.0170
2020-03-25 16:43:45.661329 Epoch [013/050], Step [0140/0153], LR: 0.050000, SalLoss: 0.0166
2020-03-25 16:43:56.154848 Epoch [013/050], Step [0150/0153], LR: 0.050000, SalLoss: 0.0170
2020-03-25 16:43:59.148454 Epoch [013/050], Step [0153/0153], LR: 0.050000, SalLoss: 0.0172
2020-03-25 16:44:11.977906 Epoch [014/050], Step [0010/0153], LR: 0.050000, SalLoss: 0.0178
2020-03-25 16:44:24.104854 Epoch [014/050], Step [0020/0153], LR: 0.050000, SalLoss: 0.0176
2020-03-25 16:44:38.890495 Epoch [014/050], Step [0030/0153], LR: 0.050000, SalLoss: 0.0173
2020-03-25 16:44:53.091103 Epoch [014/050], Step [0040/0153], LR: 0.050000, SalLoss: 0.0173
2020-03-25 16:45:15.770509 Epoch [014/050], Step [0050/0153], LR: 0.050000, SalLoss: 0.0176
2020-03-25 16:45:33.975917 Epoch [014/050], Step [0060/0153], LR: 0.050000, SalLoss: 0.0176
2020-03-25 16:45:50.773868 Epoch [014/050], Step [0070/0153], LR: 0.050000, SalLoss: 0.0174
2020-03-25 16:46:02.775567 Epoch [014/050], Step [0080/0153], LR: 0.050000, SalLoss: 0.0177
2020-03-25 16:46:14.610603 Epoch [014/050], Step [0090/0153], LR: 0.050000, SalLoss: 0.0172
2020-03-25 16:46:25.619586 Epoch [014/050], Step [0100/0153], LR: 0.050000, SalLoss: 0.0171
2020-03-25 16:46:38.816773 Epoch [014/050], Step [0110/0153], LR: 0.050000, SalLoss: 0.0169
2020-03-25 16:46:55.562063 Epoch [014/050], Step [0120/0153], LR: 0.050000, SalLoss: 0.0164
2020-03-25 16:47:17.782055 Epoch [014/050], Step [0130/0153], LR: 0.050000, SalLoss: 0.0166
2020-03-25 16:47:34.557881 Epoch [014/050], Step [0140/0153], LR: 0.050000, SalLoss: 0.0165
2020-03-25 16:47:50.023949 Epoch [014/050], Step [0150/0153], LR: 0.050000, SalLoss: 0.0167
2020-03-25 16:47:54.651995 Epoch [014/050], Step [0153/0153], LR: 0.050000, SalLoss: 0.0171
2020-03-25 16:48:09.182420 Epoch [015/050], Step [0010/0153], LR: 0.050000, SalLoss: 0.0172
2020-03-25 16:48:20.189843 Epoch [015/050], Step [0020/0153], LR: 0.050000, SalLoss: 0.0168
2020-03-25 16:48:31.843060 Epoch [015/050], Step [0030/0153], LR: 0.050000, SalLoss: 0.0171
2020-03-25 16:48:42.726507 Epoch [015/050], Step [0040/0153], LR: 0.050000, SalLoss: 0.0173
2020-03-25 16:48:57.604399 Epoch [015/050], Step [0050/0153], LR: 0.050000, SalLoss: 0.0169
2020-03-25 16:49:12.546499 Epoch [015/050], Step [0060/0153], LR: 0.050000, SalLoss: 0.0176
2020-03-25 16:49:26.251349 Epoch [015/050], Step [0070/0153], LR: 0.050000, SalLoss: 0.0176
2020-03-25 16:49:37.178841 Epoch [015/050], Step [0080/0153], LR: 0.050000, SalLoss: 0.0173
2020-03-25 16:49:48.860647 Epoch [015/050], Step [0090/0153], LR: 0.050000, SalLoss: 0.0178
2020-03-25 16:49:59.952031 Epoch [015/050], Step [0100/0153], LR: 0.050000, SalLoss: 0.0177
2020-03-25 16:50:10.730673 Epoch [015/050], Step [0110/0153], LR: 0.050000, SalLoss: 0.0171
2020-03-25 16:50:25.530334 Epoch [015/050], Step [0120/0153], LR: 0.050000, SalLoss: 0.0176
2020-03-25 16:50:43.264728 Epoch [015/050], Step [0130/0153], LR: 0.050000, SalLoss: 0.0172
2020-03-25 16:50:59.744757 Epoch [015/050], Step [0140/0153], LR: 0.050000, SalLoss: 0.0174
2020-03-25 16:51:12.399110 Epoch [015/050], Step [0150/0153], LR: 0.050000, SalLoss: 0.0172
2020-03-25 16:51:15.430143 Epoch [015/050], Step [0153/0153], LR: 0.050000, SalLoss: 0.0171
2020-03-25 16:51:27.862550 Epoch [016/050], Step [0010/0153], LR: 0.050000, SalLoss: 0.0171
2020-03-25 16:51:42.630258 Epoch [016/050], Step [0020/0153], LR: 0.050000, SalLoss: 0.0169
2020-03-25 16:51:55.901982 Epoch [016/050], Step [0030/0153], LR: 0.050000, SalLoss: 0.0170
2020-03-25 16:52:07.077491 Epoch [016/050], Step [0040/0153], LR: 0.050000, SalLoss: 0.0170
2020-03-25 16:52:28.366019 Epoch [016/050], Step [0050/0153], LR: 0.050000, SalLoss: 0.0171
2020-03-25 16:52:44.656897 Epoch [016/050], Step [0060/0153], LR: 0.050000, SalLoss: 0.0174
2020-03-25 16:53:00.421694 Epoch [016/050], Step [0070/0153], LR: 0.050000, SalLoss: 0.0173
2020-03-25 16:53:15.920521 Epoch [016/050], Step [0080/0153], LR: 0.050000, SalLoss: 0.0172
2020-03-25 16:53:33.478795 Epoch [016/050], Step [0090/0153], LR: 0.050000, SalLoss: 0.0167
2020-03-25 16:53:47.808297 Epoch [016/050], Step [0100/0153], LR: 0.050000, SalLoss: 0.0172
2020-03-25 16:54:00.989323 Epoch [016/050], Step [0110/0153], LR: 0.050000, SalLoss: 0.0170
2020-03-25 16:54:22.242710 Epoch [016/050], Step [0120/0153], LR: 0.050000, SalLoss: 0.0169
2020-03-25 16:54:43.432979 Epoch [016/050], Step [0130/0153], LR: 0.050000, SalLoss: 0.0170
2020-03-25 16:54:54.099156 Epoch [016/050], Step [0140/0153], LR: 0.050000, SalLoss: 0.0167
2020-03-25 16:55:04.635687 Epoch [016/050], Step [0150/0153], LR: 0.050000, SalLoss: 0.0170
2020-03-25 16:55:07.729086 Epoch [016/050], Step [0153/0153], LR: 0.050000, SalLoss: 0.0170
2020-03-25 16:55:27.223643 Epoch [017/050], Step [0010/0153], LR: 0.050000, SalLoss: 0.0170
2020-03-25 16:55:39.028142 Epoch [017/050], Step [0020/0153], LR: 0.050000, SalLoss: 0.0170
2020-03-25 16:55:49.872017 Epoch [017/050], Step [0030/0153], LR: 0.050000, SalLoss: 0.0171
2020-03-25 16:56:05.015312 Epoch [017/050], Step [0040/0153], LR: 0.050000, SalLoss: 0.0174
2020-03-25 16:56:20.852286 Epoch [017/050], Step [0050/0153], LR: 0.050000, SalLoss: 0.0174
2020-03-25 16:56:33.562145 Epoch [017/050], Step [0060/0153], LR: 0.050000, SalLoss: 0.0171
2020-03-25 16:56:44.050954 Epoch [017/050], Step [0070/0153], LR: 0.050000, SalLoss: 0.0168
2020-03-25 16:56:54.736809 Epoch [017/050], Step [0080/0153], LR: 0.050000, SalLoss: 0.0169
2020-03-25 16:57:08.612101 Epoch [017/050], Step [0090/0153], LR: 0.050000, SalLoss: 0.0172
2020-03-25 16:57:24.856737 Epoch [017/050], Step [0100/0153], LR: 0.050000, SalLoss: 0.0172
2020-03-25 16:57:45.093286 Epoch [017/050], Step [0110/0153], LR: 0.050000, SalLoss: 0.0170
2020-03-25 16:58:11.470095 Epoch [017/050], Step [0120/0153], LR: 0.050000, SalLoss: 0.0166
2020-03-25 16:58:29.746410 Epoch [017/050], Step [0130/0153], LR: 0.050000, SalLoss: 0.0164
2020-03-25 16:58:46.024195 Epoch [017/050], Step [0140/0153], LR: 0.050000, SalLoss: 0.0169
2020-03-25 16:59:06.705524 Epoch [017/050], Step [0150/0153], LR: 0.050000, SalLoss: 0.0171
2020-03-25 16:59:12.422680 Epoch [017/050], Step [0153/0153], LR: 0.050000, SalLoss: 0.0172
2020-03-25 16:59:32.497837 Epoch [018/050], Step [0010/0153], LR: 0.050000, SalLoss: 0.0172
2020-03-25 16:59:50.469746 Epoch [018/050], Step [0020/0153], LR: 0.050000, SalLoss: 0.0170
2020-03-25 17:00:09.311233 Epoch [018/050], Step [0030/0153], LR: 0.050000, SalLoss: 0.0172
2020-03-25 17:00:25.722607 Epoch [018/050], Step [0040/0153], LR: 0.050000, SalLoss: 0.0168
2020-03-25 17:00:42.953349 Epoch [018/050], Step [0050/0153], LR: 0.050000, SalLoss: 0.0163
2020-03-25 17:01:00.813938 Epoch [018/050], Step [0060/0153], LR: 0.050000, SalLoss: 0.0167
2020-03-25 17:01:17.891618 Epoch [018/050], Step [0070/0153], LR: 0.050000, SalLoss: 0.0168
2020-03-25 17:01:41.933442 Epoch [018/050], Step [0080/0153], LR: 0.050000, SalLoss: 0.0169
2020-03-25 17:02:08.396973 Epoch [018/050], Step [0090/0153], LR: 0.050000, SalLoss: 0.0174
2020-03-25 17:02:32.019362 Epoch [018/050], Step [0100/0153], LR: 0.050000, SalLoss: 0.0176
2020-03-25 17:02:45.864629 Epoch [018/050], Step [0110/0153], LR: 0.050000, SalLoss: 0.0174
2020-03-25 17:02:59.035346 Epoch [018/050], Step [0120/0153], LR: 0.050000, SalLoss: 0.0178
2020-03-25 17:03:12.868284 Epoch [018/050], Step [0130/0153], LR: 0.050000, SalLoss: 0.0178
2020-03-25 17:03:25.775098 Epoch [018/050], Step [0140/0153], LR: 0.050000, SalLoss: 0.0176
2020-03-25 17:03:39.120307 Epoch [018/050], Step [0150/0153], LR: 0.050000, SalLoss: 0.0179
2020-03-25 17:03:42.713631 Epoch [018/050], Step [0153/0153], LR: 0.050000, SalLoss: 0.0177
2020-03-25 17:03:58.060947 Epoch [019/050], Step [0010/0153], LR: 0.050000, SalLoss: 0.0176
2020-03-25 17:04:11.472961 Epoch [019/050], Step [0020/0153], LR: 0.050000, SalLoss: 0.0171
2020-03-25 17:04:25.218574 Epoch [019/050], Step [0030/0153], LR: 0.050000, SalLoss: 0.0167
2020-03-25 17:04:40.220309 Epoch [019/050], Step [0040/0153], LR: 0.050000, SalLoss: 0.0165
2020-03-25 17:04:59.258850 Epoch [019/050], Step [0050/0153], LR: 0.050000, SalLoss: 0.0167
2020-03-25 17:05:19.753764 Epoch [019/050], Step [0060/0153], LR: 0.050000, SalLoss: 0.0167
2020-03-25 17:05:41.027510 Epoch [019/050], Step [0070/0153], LR: 0.050000, SalLoss: 0.0174
2020-03-25 17:06:00.792802 Epoch [019/050], Step [0080/0153], LR: 0.050000, SalLoss: 0.0178
2020-03-25 17:06:19.047389 Epoch [019/050], Step [0090/0153], LR: 0.050000, SalLoss: 0.0172
2020-03-25 17:06:40.625416 Epoch [019/050], Step [0100/0153], LR: 0.050000, SalLoss: 0.0175
2020-03-25 17:07:07.554587 Epoch [019/050], Step [0110/0153], LR: 0.050000, SalLoss: 0.0170
2020-03-25 17:07:32.872842 Epoch [019/050], Step [0120/0153], LR: 0.050000, SalLoss: 0.0165
2020-03-25 17:07:54.234050 Epoch [019/050], Step [0130/0153], LR: 0.050000, SalLoss: 0.0168
2020-03-25 17:08:07.485350 Epoch [019/050], Step [0140/0153], LR: 0.050000, SalLoss: 0.0168
2020-03-25 17:08:21.225709 Epoch [019/050], Step [0150/0153], LR: 0.050000, SalLoss: 0.0170
2020-03-25 17:08:25.352766 Epoch [019/050], Step [0153/0153], LR: 0.050000, SalLoss: 0.0167
2020-03-25 17:08:46.505659 Epoch [020/050], Step [0010/0153], LR: 0.000500, SalLoss: 0.0168
2020-03-25 17:09:04.485572 Epoch [020/050], Step [0020/0153], LR: 0.000500, SalLoss: 0.0164
2020-03-25 17:09:24.725749 Epoch [020/050], Step [0030/0153], LR: 0.000500, SalLoss: 0.0164
2020-03-25 17:09:44.753301 Epoch [020/050], Step [0040/0153], LR: 0.000500, SalLoss: 0.0163
2020-03-25 17:10:03.195909 Epoch [020/050], Step [0050/0153], LR: 0.000500, SalLoss: 0.0160
2020-03-25 17:10:20.177584 Epoch [020/050], Step [0060/0153], LR: 0.000500, SalLoss: 0.0163
2020-03-25 17:10:34.357289 Epoch [020/050], Step [0070/0153], LR: 0.000500, SalLoss: 0.0157
2020-03-25 17:10:50.168810 Epoch [020/050], Step [0080/0153], LR: 0.000500, SalLoss: 0.0160
2020-03-25 17:11:10.468957 Epoch [020/050], Step [0090/0153], LR: 0.000500, SalLoss: 0.0157
2020-03-25 17:11:29.875009 Epoch [020/050], Step [0100/0153], LR: 0.000500, SalLoss: 0.0157
2020-03-25 17:11:51.219482 Epoch [020/050], Step [0110/0153], LR: 0.000500, SalLoss: 0.0163
2020-03-25 17:12:07.871314 Epoch [020/050], Step [0120/0153], LR: 0.000500, SalLoss: 0.0160
2020-03-25 17:12:22.730163 Epoch [020/050], Step [0130/0153], LR: 0.000500, SalLoss: 0.0165
2020-03-25 17:12:36.653123 Epoch [020/050], Step [0140/0153], LR: 0.000500, SalLoss: 0.0163
2020-03-25 17:12:58.673446 Epoch [020/050], Step [0150/0153], LR: 0.000500, SalLoss: 0.0161
2020-03-25 17:13:02.265621 Epoch [020/050], Step [0153/0153], LR: 0.000500, SalLoss: 0.0161
2020-03-25 17:13:18.667024 Epoch [021/050], Step [0010/0153], LR: 0.005000, SalLoss: 0.0160
2020-03-25 17:13:32.750725 Epoch [021/050], Step [0020/0153], LR: 0.005000, SalLoss: 0.0160
2020-03-25 17:13:46.833133 Epoch [021/050], Step [0030/0153], LR: 0.005000, SalLoss: 0.0159
2020-03-25 17:14:04.401654 Epoch [021/050], Step [0040/0153], LR: 0.005000, SalLoss: 0.0160
2020-03-25 17:14:29.411670 Epoch [021/050], Step [0050/0153], LR: 0.005000, SalLoss: 0.0160
2020-03-25 17:14:46.970134 Epoch [021/050], Step [0060/0153], LR: 0.005000, SalLoss: 0.0158
2020-03-25 17:15:12.412594 Epoch [021/050], Step [0070/0153], LR: 0.005000, SalLoss: 0.0156
2020-03-25 17:15:35.460288 Epoch [021/050], Step [0080/0153], LR: 0.005000, SalLoss: 0.0157
2020-03-25 17:15:51.891417 Epoch [021/050], Step [0090/0153], LR: 0.005000, SalLoss: 0.0155
2020-03-25 17:16:06.779571 Epoch [021/050], Step [0100/0153], LR: 0.005000, SalLoss: 0.0158
2020-03-25 17:16:26.904282 Epoch [021/050], Step [0110/0153], LR: 0.005000, SalLoss: 0.0164
2020-03-25 17:16:52.942372 Epoch [021/050], Step [0120/0153], LR: 0.005000, SalLoss: 0.0165
2020-03-25 17:17:30.710059 Epoch [021/050], Step [0130/0153], LR: 0.005000, SalLoss: 0.0167
2020-03-25 17:17:48.247486 Epoch [021/050], Step [0140/0153], LR: 0.005000, SalLoss: 0.0160
2020-03-25 17:18:07.468031 Epoch [021/050], Step [0150/0153], LR: 0.005000, SalLoss: 0.0156
2020-03-25 17:18:12.018582 Epoch [021/050], Step [0153/0153], LR: 0.005000, SalLoss: 0.0155
2020-03-25 17:18:37.009783 Epoch [022/050], Step [0010/0153], LR: 0.005000, SalLoss: 0.0152
2020-03-25 17:18:54.982198 Epoch [022/050], Step [0020/0153], LR: 0.005000, SalLoss: 0.0157
2020-03-25 17:19:12.071138 Epoch [022/050], Step [0030/0153], LR: 0.005000, SalLoss: 0.0163
2020-03-25 17:19:25.043379 Epoch [022/050], Step [0040/0153], LR: 0.005000, SalLoss: 0.0162
2020-03-25 17:19:47.582644 Epoch [022/050], Step [0050/0153], LR: 0.005000, SalLoss: 0.0164
2020-03-25 17:20:04.205171 Epoch [022/050], Step [0060/0153], LR: 0.005000, SalLoss: 0.0158
2020-03-25 17:20:18.296178 Epoch [022/050], Step [0070/0153], LR: 0.005000, SalLoss: 0.0155
2020-03-25 17:20:36.615348 Epoch [022/050], Step [0080/0153], LR: 0.005000, SalLoss: 0.0151
2020-03-25 17:20:54.692461 Epoch [022/050], Step [0090/0153], LR: 0.005000, SalLoss: 0.0152
2020-03-25 17:21:10.693596 Epoch [022/050], Step [0100/0153], LR: 0.005000, SalLoss: 0.0158
2020-03-25 17:21:22.590938 Epoch [022/050], Step [0110/0153], LR: 0.005000, SalLoss: 0.0158
2020-03-25 17:21:34.362091 Epoch [022/050], Step [0120/0153], LR: 0.005000, SalLoss: 0.0159
2020-03-25 17:21:46.473678 Epoch [022/050], Step [0130/0153], LR: 0.005000, SalLoss: 0.0157
2020-03-25 17:21:58.266714 Epoch [022/050], Step [0140/0153], LR: 0.005000, SalLoss: 0.0152
2020-03-25 17:22:09.596969 Epoch [022/050], Step [0150/0153], LR: 0.005000, SalLoss: 0.0158
2020-03-25 17:22:12.545125 Epoch [022/050], Step [0153/0153], LR: 0.005000, SalLoss: 0.0157
2020-03-25 17:22:25.939992 Epoch [023/050], Step [0010/0153], LR: 0.005000, SalLoss: 0.0160
2020-03-25 17:22:37.240150 Epoch [023/050], Step [0020/0153], LR: 0.005000, SalLoss: 0.0153
2020-03-25 17:22:48.919587 Epoch [023/050], Step [0030/0153], LR: 0.005000, SalLoss: 0.0152
2020-03-25 17:22:59.915917 Epoch [023/050], Step [0040/0153], LR: 0.005000, SalLoss: 0.0153
2020-03-25 17:23:11.207370 Epoch [023/050], Step [0050/0153], LR: 0.005000, SalLoss: 0.0151
2020-03-25 17:23:22.103217 Epoch [023/050], Step [0060/0153], LR: 0.005000, SalLoss: 0.0161
2020-03-25 17:23:37.491616 Epoch [023/050], Step [0070/0153], LR: 0.005000, SalLoss: 0.0160
2020-03-25 17:24:03.256399 Epoch [023/050], Step [0080/0153], LR: 0.005000, SalLoss: 0.0158
2020-03-25 17:24:16.717670 Epoch [023/050], Step [0090/0153], LR: 0.005000, SalLoss: 0.0157
2020-03-25 17:24:30.263902 Epoch [023/050], Step [0100/0153], LR: 0.005000, SalLoss: 0.0154
2020-03-25 17:24:43.868852 Epoch [023/050], Step [0110/0153], LR: 0.005000, SalLoss: 0.0155
2020-03-25 17:24:58.115105 Epoch [023/050], Step [0120/0153], LR: 0.005000, SalLoss: 0.0158
2020-03-25 17:25:11.269180 Epoch [023/050], Step [0130/0153], LR: 0.005000, SalLoss: 0.0159
2020-03-25 17:25:27.384094 Epoch [023/050], Step [0140/0153], LR: 0.005000, SalLoss: 0.0159
2020-03-25 17:25:44.138714 Epoch [023/050], Step [0150/0153], LR: 0.005000, SalLoss: 0.0164
2020-03-25 17:25:49.022179 Epoch [023/050], Step [0153/0153], LR: 0.005000, SalLoss: 0.0163
2020-03-25 17:26:08.894801 Epoch [024/050], Step [0010/0153], LR: 0.005000, SalLoss: 0.0159
2020-03-25 17:26:31.271940 Epoch [024/050], Step [0020/0153], LR: 0.005000, SalLoss: 0.0160
2020-03-25 17:27:00.289577 Epoch [024/050], Step [0030/0153], LR: 0.005000, SalLoss: 0.0157
2020-03-25 17:27:12.937083 Epoch [024/050], Step [0040/0153], LR: 0.005000, SalLoss: 0.0156
2020-03-25 17:27:30.863023 Epoch [024/050], Step [0050/0153], LR: 0.005000, SalLoss: 0.0158
2020-03-25 17:27:47.840404 Epoch [024/050], Step [0060/0153], LR: 0.005000, SalLoss: 0.0162
2020-03-25 17:28:10.666350 Epoch [024/050], Step [0070/0153], LR: 0.005000, SalLoss: 0.0167
2020-03-25 17:28:34.836036 Epoch [024/050], Step [0080/0153], LR: 0.005000, SalLoss: 0.0160
2020-03-25 17:28:59.445037 Epoch [024/050], Step [0090/0153], LR: 0.005000, SalLoss: 0.0162
2020-03-25 17:29:12.897140 Epoch [024/050], Step [0100/0153], LR: 0.005000, SalLoss: 0.0157
2020-03-25 17:29:35.027182 Epoch [024/050], Step [0110/0153], LR: 0.005000, SalLoss: 0.0156
2020-03-25 17:29:48.047242 Epoch [024/050], Step [0120/0153], LR: 0.005000, SalLoss: 0.0160
2020-03-25 17:30:13.056208 Epoch [024/050], Step [0130/0153], LR: 0.005000, SalLoss: 0.0155
2020-03-25 17:30:25.844421 Epoch [024/050], Step [0140/0153], LR: 0.005000, SalLoss: 0.0153
2020-03-25 17:30:41.743554 Epoch [024/050], Step [0150/0153], LR: 0.005000, SalLoss: 0.0153
2020-03-25 17:30:45.719629 Epoch [024/050], Step [0153/0153], LR: 0.005000, SalLoss: 0.0150
2020-03-25 17:31:00.966671 Epoch [025/050], Step [0010/0153], LR: 0.005000, SalLoss: 0.0155
2020-03-25 17:31:14.720401 Epoch [025/050], Step [0020/0153], LR: 0.005000, SalLoss: 0.0153
2020-03-25 17:31:36.936676 Epoch [025/050], Step [0030/0153], LR: 0.005000, SalLoss: 0.0153
2020-03-25 17:31:58.724048 Epoch [025/050], Step [0040/0153], LR: 0.005000, SalLoss: 0.0154
2020-03-25 17:32:15.794617 Epoch [025/050], Step [0050/0153], LR: 0.005000, SalLoss: 0.0154
2020-03-25 17:32:38.171947 Epoch [025/050], Step [0060/0153], LR: 0.005000, SalLoss: 0.0157
2020-03-25 17:33:07.322303 Epoch [025/050], Step [0070/0153], LR: 0.005000, SalLoss: 0.0162
2020-03-25 17:33:20.674961 Epoch [025/050], Step [0080/0153], LR: 0.005000, SalLoss: 0.0163
2020-03-25 17:33:33.461296 Epoch [025/050], Step [0090/0153], LR: 0.005000, SalLoss: 0.0159
2020-03-25 17:33:51.024646 Epoch [025/050], Step [0100/0153], LR: 0.005000, SalLoss: 0.0159
2020-03-25 17:34:04.243470 Epoch [025/050], Step [0110/0153], LR: 0.005000, SalLoss: 0.0155
2020-03-25 17:34:18.182672 Epoch [025/050], Step [0120/0153], LR: 0.005000, SalLoss: 0.0154
2020-03-25 17:34:45.122551 Epoch [025/050], Step [0130/0153], LR: 0.005000, SalLoss: 0.0152
2020-03-25 17:35:12.245709 Epoch [025/050], Step [0140/0153], LR: 0.005000, SalLoss: 0.0152
2020-03-25 17:35:31.983517 Epoch [025/050], Step [0150/0153], LR: 0.005000, SalLoss: 0.0153
2020-03-25 17:35:35.391760 Epoch [025/050], Step [0153/0153], LR: 0.005000, SalLoss: 0.0153
2020-03-25 17:35:56.101275 Epoch [026/050], Step [0010/0153], LR: 0.005000, SalLoss: 0.0156
2020-03-25 17:36:14.624398 Epoch [026/050], Step [0020/0153], LR: 0.005000, SalLoss: 0.0154
2020-03-25 17:36:37.679177 Epoch [026/050], Step [0030/0153], LR: 0.005000, SalLoss: 0.0151
2020-03-25 17:37:00.936385 Epoch [026/050], Step [0040/0153], LR: 0.005000, SalLoss: 0.0151
2020-03-25 17:37:20.897786 Epoch [026/050], Step [0050/0153], LR: 0.005000, SalLoss: 0.0147
2020-03-25 17:37:42.873123 Epoch [026/050], Step [0060/0153], LR: 0.005000, SalLoss: 0.0147
2020-03-25 17:38:06.454675 Epoch [026/050], Step [0070/0153], LR: 0.005000, SalLoss: 0.0149
2020-03-25 17:38:21.605577 Epoch [026/050], Step [0080/0153], LR: 0.005000, SalLoss: 0.0155
2020-03-25 17:38:35.058251 Epoch [026/050], Step [0090/0153], LR: 0.005000, SalLoss: 0.0161
2020-03-25 17:38:53.381572 Epoch [026/050], Step [0100/0153], LR: 0.005000, SalLoss: 0.0164
2020-03-25 17:39:11.929168 Epoch [026/050], Step [0110/0153], LR: 0.005000, SalLoss: 0.0162
2020-03-25 17:39:26.647193 Epoch [026/050], Step [0120/0153], LR: 0.005000, SalLoss: 0.0161
2020-03-25 17:39:38.654507 Epoch [026/050], Step [0130/0153], LR: 0.005000, SalLoss: 0.0161
2020-03-25 17:39:50.065916 Epoch [026/050], Step [0140/0153], LR: 0.005000, SalLoss: 0.0162
2020-03-25 17:40:02.792725 Epoch [026/050], Step [0150/0153], LR: 0.005000, SalLoss: 0.0163
2020-03-25 17:40:07.022544 Epoch [026/050], Step [0153/0153], LR: 0.005000, SalLoss: 0.0160
2020-03-25 17:40:27.808470 Epoch [027/050], Step [0010/0153], LR: 0.005000, SalLoss: 0.0160
2020-03-25 17:40:45.647391 Epoch [027/050], Step [0020/0153], LR: 0.005000, SalLoss: 0.0156
2020-03-25 17:40:58.776802 Epoch [027/050], Step [0030/0153], LR: 0.005000, SalLoss: 0.0156
2020-03-25 17:41:16.393429 Epoch [027/050], Step [0040/0153], LR: 0.005000, SalLoss: 0.0159
2020-03-25 17:41:37.979497 Epoch [027/050], Step [0050/0153], LR: 0.005000, SalLoss: 0.0157
2020-03-25 17:41:48.641160 Epoch [027/050], Step [0060/0153], LR: 0.005000, SalLoss: 0.0159
2020-03-25 17:42:00.298248 Epoch [027/050], Step [0070/0153], LR: 0.005000, SalLoss: 0.0155
2020-03-25 17:42:14.460298 Epoch [027/050], Step [0080/0153], LR: 0.005000, SalLoss: 0.0158
2020-03-25 17:42:29.784367 Epoch [027/050], Step [0090/0153], LR: 0.005000, SalLoss: 0.0160
2020-03-25 17:42:48.874983 Epoch [027/050], Step [0100/0153], LR: 0.005000, SalLoss: 0.0162
2020-03-25 17:43:08.883627 Epoch [027/050], Step [0110/0153], LR: 0.005000, SalLoss: 0.0165
2020-03-25 17:43:21.084880 Epoch [027/050], Step [0120/0153], LR: 0.005000, SalLoss: 0.0156
2020-03-25 17:43:40.880850 Epoch [027/050], Step [0130/0153], LR: 0.005000, SalLoss: 0.0156
2020-03-25 17:44:02.749984 Epoch [027/050], Step [0140/0153], LR: 0.005000, SalLoss: 0.0152
2020-03-25 17:44:25.394909 Epoch [027/050], Step [0150/0153], LR: 0.005000, SalLoss: 0.0153
2020-03-25 17:44:27.668287 Epoch [027/050], Step [0153/0153], LR: 0.005000, SalLoss: 0.0154
2020-03-25 17:44:39.270342 Epoch [028/050], Step [0010/0153], LR: 0.005000, SalLoss: 0.0155
2020-03-25 17:44:51.604768 Epoch [028/050], Step [0020/0153], LR: 0.005000, SalLoss: 0.0155
2020-03-25 17:45:06.846561 Epoch [028/050], Step [0030/0153], LR: 0.005000, SalLoss: 0.0159
2020-03-25 17:45:24.448502 Epoch [028/050], Step [0040/0153], LR: 0.005000, SalLoss: 0.0159
2020-03-25 17:45:50.706609 Epoch [028/050], Step [0050/0153], LR: 0.005000, SalLoss: 0.0156
2020-03-25 17:46:01.812114 Epoch [028/050], Step [0060/0153], LR: 0.005000, SalLoss: 0.0155
2020-03-25 17:46:13.735607 Epoch [028/050], Step [0070/0153], LR: 0.005000, SalLoss: 0.0155
2020-03-25 17:46:27.781182 Epoch [028/050], Step [0080/0153], LR: 0.005000, SalLoss: 0.0154
2020-03-25 17:46:41.022964 Epoch [028/050], Step [0090/0153], LR: 0.005000, SalLoss: 0.0153
2020-03-25 17:46:50.686230 Epoch [028/050], Step [0100/0153], LR: 0.005000, SalLoss: 0.0154
2020-03-25 17:47:06.850248 Epoch [028/050], Step [0110/0153], LR: 0.005000, SalLoss: 0.0152
2020-03-25 17:47:20.541606 Epoch [028/050], Step [0120/0153], LR: 0.005000, SalLoss: 0.0160
2020-03-25 17:47:36.354407 Epoch [028/050], Step [0130/0153], LR: 0.005000, SalLoss: 0.0159
2020-03-25 17:47:47.175786 Epoch [028/050], Step [0140/0153], LR: 0.005000, SalLoss: 0.0157
2020-03-25 17:48:03.817431 Epoch [028/050], Step [0150/0153], LR: 0.005000, SalLoss: 0.0157
2020-03-25 17:48:06.655281 Epoch [028/050], Step [0153/0153], LR: 0.005000, SalLoss: 0.0155
2020-03-25 17:48:29.793102 Epoch [029/050], Step [0010/0153], LR: 0.005000, SalLoss: 0.0153
2020-03-25 17:49:18.054658 Epoch [029/050], Step [0020/0153], LR: 0.005000, SalLoss: 0.0156
2020-03-25 17:49:54.134115 Epoch [029/050], Step [0030/0153], LR: 0.005000, SalLoss: 0.0157
2020-03-25 17:50:11.289252 Epoch [029/050], Step [0040/0153], LR: 0.005000, SalLoss: 0.0155
2020-03-25 17:50:23.038887 Epoch [029/050], Step [0050/0153], LR: 0.005000, SalLoss: 0.0156
2020-03-25 17:50:34.838713 Epoch [029/050], Step [0060/0153], LR: 0.005000, SalLoss: 0.0154
2020-03-25 17:50:52.102174 Epoch [029/050], Step [0070/0153], LR: 0.005000, SalLoss: 0.0155
2020-03-25 17:51:03.334326 Epoch [029/050], Step [0080/0153], LR: 0.005000, SalLoss: 0.0157
2020-03-25 17:51:16.890735 Epoch [029/050], Step [0090/0153], LR: 0.005000, SalLoss: 0.0157
2020-03-25 17:51:38.999497 Epoch [029/050], Step [0100/0153], LR: 0.005000, SalLoss: 0.0157
2020-03-25 17:52:01.235392 Epoch [029/050], Step [0110/0153], LR: 0.005000, SalLoss: 0.0155
2020-03-25 17:52:14.400906 Epoch [029/050], Step [0120/0153], LR: 0.005000, SalLoss: 0.0153
2020-03-25 17:52:29.548169 Epoch [029/050], Step [0130/0153], LR: 0.005000, SalLoss: 0.0156
2020-03-25 17:52:43.754486 Epoch [029/050], Step [0140/0153], LR: 0.005000, SalLoss: 0.0155
2020-03-25 17:52:55.672766 Epoch [029/050], Step [0150/0153], LR: 0.005000, SalLoss: 0.0156
2020-03-25 17:52:59.142322 Epoch [029/050], Step [0153/0153], LR: 0.005000, SalLoss: 0.0156
2020-03-25 17:53:13.812381 Epoch [030/050], Step [0010/0153], LR: 0.005000, SalLoss: 0.0156
2020-03-25 17:53:24.349027 Epoch [030/050], Step [0020/0153], LR: 0.005000, SalLoss: 0.0156
2020-03-25 17:53:41.760316 Epoch [030/050], Step [0030/0153], LR: 0.005000, SalLoss: 0.0154
2020-03-25 17:53:52.518920 Epoch [030/050], Step [0040/0153], LR: 0.005000, SalLoss: 0.0157
2020-03-25 17:54:08.571293 Epoch [030/050], Step [0050/0153], LR: 0.005000, SalLoss: 0.0161
2020-03-25 17:54:28.150118 Epoch [030/050], Step [0060/0153], LR: 0.005000, SalLoss: 0.0163
2020-03-25 17:54:39.997242 Epoch [030/050], Step [0070/0153], LR: 0.005000, SalLoss: 0.0165
2020-03-25 17:55:02.742225 Epoch [030/050], Step [0080/0153], LR: 0.005000, SalLoss: 0.0160
2020-03-25 17:55:13.860807 Epoch [030/050], Step [0090/0153], LR: 0.005000, SalLoss: 0.0158
2020-03-25 17:55:22.007091 Epoch [030/050], Step [0100/0153], LR: 0.005000, SalLoss: 0.0156
2020-03-25 17:55:33.292291 Epoch [030/050], Step [0110/0153], LR: 0.005000, SalLoss: 0.0151
2020-03-25 17:55:43.201498 Epoch [030/050], Step [0120/0153], LR: 0.005000, SalLoss: 0.0152
2020-03-25 17:55:56.159995 Epoch [030/050], Step [0130/0153], LR: 0.005000, SalLoss: 0.0148
2020-03-25 17:56:14.224103 Epoch [030/050], Step [0140/0153], LR: 0.005000, SalLoss: 0.0149
2020-03-25 17:56:29.339240 Epoch [030/050], Step [0150/0153], LR: 0.005000, SalLoss: 0.0152
2020-03-25 17:56:34.123132 Epoch [030/050], Step [0153/0153], LR: 0.005000, SalLoss: 0.0153
2020-03-25 17:56:56.283775 Epoch [031/050], Step [0010/0153], LR: 0.005000, SalLoss: 0.0153
2020-03-25 17:57:14.070187 Epoch [031/050], Step [0020/0153], LR: 0.005000, SalLoss: 0.0157
2020-03-25 17:57:32.421115 Epoch [031/050], Step [0030/0153], LR: 0.005000, SalLoss: 0.0157
2020-03-25 17:57:53.238984 Epoch [031/050], Step [0040/0153], LR: 0.005000, SalLoss: 0.0154
2020-03-25 17:58:08.018356 Epoch [031/050], Step [0050/0153], LR: 0.005000, SalLoss: 0.0157
2020-03-25 17:58:31.013402 Epoch [031/050], Step [0060/0153], LR: 0.005000, SalLoss: 0.0155
2020-03-25 17:58:52.532456 Epoch [031/050], Step [0070/0153], LR: 0.005000, SalLoss: 0.0155
2020-03-25 17:59:12.070346 Epoch [031/050], Step [0080/0153], LR: 0.005000, SalLoss: 0.0159
2020-03-25 17:59:31.389387 Epoch [031/050], Step [0090/0153], LR: 0.005000, SalLoss: 0.0159
2020-03-25 17:59:45.778504 Epoch [031/050], Step [0100/0153], LR: 0.005000, SalLoss: 0.0157
2020-03-25 18:00:00.519379 Epoch [031/050], Step [0110/0153], LR: 0.005000, SalLoss: 0.0154
2020-03-25 18:00:15.588595 Epoch [031/050], Step [0120/0153], LR: 0.005000, SalLoss: 0.0153
2020-03-25 18:00:31.839853 Epoch [031/050], Step [0130/0153], LR: 0.005000, SalLoss: 0.0151
2020-03-25 18:00:46.940030 Epoch [031/050], Step [0140/0153], LR: 0.005000, SalLoss: 0.0153
2020-03-25 18:01:00.076958 Epoch [031/050], Step [0150/0153], LR: 0.005000, SalLoss: 0.0157
2020-03-25 18:01:03.144924 Epoch [031/050], Step [0153/0153], LR: 0.005000, SalLoss: 0.0158
2020-03-25 18:01:17.958877 Epoch [032/050], Step [0010/0153], LR: 0.005000, SalLoss: 0.0162
2020-03-25 18:01:29.619779 Epoch [032/050], Step [0020/0153], LR: 0.005000, SalLoss: 0.0161
2020-03-25 18:01:40.957776 Epoch [032/050], Step [0030/0153], LR: 0.005000, SalLoss: 0.0165
2020-03-25 18:01:52.569794 Epoch [032/050], Step [0040/0153], LR: 0.005000, SalLoss: 0.0159
2020-03-25 18:02:04.331999 Epoch [032/050], Step [0050/0153], LR: 0.005000, SalLoss: 0.0162
2020-03-25 18:02:16.975589 Epoch [032/050], Step [0060/0153], LR: 0.005000, SalLoss: 0.0161
2020-03-25 18:02:29.999629 Epoch [032/050], Step [0070/0153], LR: 0.005000, SalLoss: 0.0155
2020-03-25 18:02:46.103964 Epoch [032/050], Step [0080/0153], LR: 0.005000, SalLoss: 0.0156
2020-03-25 18:03:01.247023 Epoch [032/050], Step [0090/0153], LR: 0.005000, SalLoss: 0.0150
2020-03-25 18:03:15.564305 Epoch [032/050], Step [0100/0153], LR: 0.005000, SalLoss: 0.0147
2020-03-25 18:03:32.000116 Epoch [032/050], Step [0110/0153], LR: 0.005000, SalLoss: 0.0147
2020-03-25 18:03:48.192054 Epoch [032/050], Step [0120/0153], LR: 0.005000, SalLoss: 0.0153
2020-03-25 18:03:59.946064 Epoch [032/050], Step [0130/0153], LR: 0.005000, SalLoss: 0.0155
2020-03-25 18:04:12.586733 Epoch [032/050], Step [0140/0153], LR: 0.005000, SalLoss: 0.0158
2020-03-25 18:04:24.831495 Epoch [032/050], Step [0150/0153], LR: 0.005000, SalLoss: 0.0159
2020-03-25 18:04:28.305522 Epoch [032/050], Step [0153/0153], LR: 0.005000, SalLoss: 0.0156
2020-03-25 18:04:43.153135 Epoch [033/050], Step [0010/0153], LR: 0.005000, SalLoss: 0.0152
2020-03-25 18:04:56.750520 Epoch [033/050], Step [0020/0153], LR: 0.005000, SalLoss: 0.0153
2020-03-25 18:05:12.078297 Epoch [033/050], Step [0030/0153], LR: 0.005000, SalLoss: 0.0158
2020-03-25 18:05:27.488312 Epoch [033/050], Step [0040/0153], LR: 0.005000, SalLoss: 0.0161
2020-03-25 18:05:46.346405 Epoch [033/050], Step [0050/0153], LR: 0.005000, SalLoss: 0.0162
2020-03-25 18:06:08.495681 Epoch [033/050], Step [0060/0153], LR: 0.005000, SalLoss: 0.0161
2020-03-25 18:06:23.863758 Epoch [033/050], Step [0070/0153], LR: 0.005000, SalLoss: 0.0157
2020-03-25 18:06:34.494593 Epoch [033/050], Step [0080/0153], LR: 0.005000, SalLoss: 0.0154
2020-03-25 18:06:46.187582 Epoch [033/050], Step [0090/0153], LR: 0.005000, SalLoss: 0.0153
2020-03-25 18:06:58.717988 Epoch [033/050], Step [0100/0153], LR: 0.005000, SalLoss: 0.0154
2020-03-25 18:07:10.087050 Epoch [033/050], Step [0110/0153], LR: 0.005000, SalLoss: 0.0151
2020-03-25 18:07:22.492641 Epoch [033/050], Step [0120/0153], LR: 0.005000, SalLoss: 0.0150
2020-03-25 18:07:39.012163 Epoch [033/050], Step [0130/0153], LR: 0.005000, SalLoss: 0.0155
2020-03-25 18:07:58.069470 Epoch [033/050], Step [0140/0153], LR: 0.005000, SalLoss: 0.0149
2020-03-25 18:08:19.042402 Epoch [033/050], Step [0150/0153], LR: 0.005000, SalLoss: 0.0152
2020-03-25 18:08:24.011124 Epoch [033/050], Step [0153/0153], LR: 0.005000, SalLoss: 0.0155
2020-03-25 18:08:43.974685 Epoch [034/050], Step [0010/0153], LR: 0.005000, SalLoss: 0.0159
2020-03-25 18:09:02.787300 Epoch [034/050], Step [0020/0153], LR: 0.005000, SalLoss: 0.0158
2020-03-25 18:09:19.565403 Epoch [034/050], Step [0030/0153], LR: 0.005000, SalLoss: 0.0159
2020-03-25 18:09:43.139654 Epoch [034/050], Step [0040/0153], LR: 0.005000, SalLoss: 0.0158
2020-03-25 18:10:03.755007 Epoch [034/050], Step [0050/0153], LR: 0.005000, SalLoss: 0.0157
2020-03-25 18:10:18.635446 Epoch [034/050], Step [0060/0153], LR: 0.005000, SalLoss: 0.0157
2020-03-25 18:10:33.455851 Epoch [034/050], Step [0070/0153], LR: 0.005000, SalLoss: 0.0158
2020-03-25 18:10:46.063667 Epoch [034/050], Step [0080/0153], LR: 0.005000, SalLoss: 0.0156
2020-03-25 18:10:59.400459 Epoch [034/050], Step [0090/0153], LR: 0.005000, SalLoss: 0.0151
2020-03-25 18:11:12.920834 Epoch [034/050], Step [0100/0153], LR: 0.005000, SalLoss: 0.0150
2020-03-25 18:11:32.129245 Epoch [034/050], Step [0110/0153], LR: 0.005000, SalLoss: 0.0151
2020-03-25 18:11:49.329465 Epoch [034/050], Step [0120/0153], LR: 0.005000, SalLoss: 0.0157
2020-03-25 18:12:04.898393 Epoch [034/050], Step [0130/0153], LR: 0.005000, SalLoss: 0.0160
2020-03-25 18:12:15.844293 Epoch [034/050], Step [0140/0153], LR: 0.005000, SalLoss: 0.0158
2020-03-25 18:12:26.741612 Epoch [034/050], Step [0150/0153], LR: 0.005000, SalLoss: 0.0156
2020-03-25 18:12:29.325875 Epoch [034/050], Step [0153/0153], LR: 0.005000, SalLoss: 0.0155
2020-03-25 18:12:43.476897 Epoch [035/050], Step [0010/0153], LR: 0.005000, SalLoss: 0.0157
2020-03-25 18:12:55.131485 Epoch [035/050], Step [0020/0153], LR: 0.005000, SalLoss: 0.0157
2020-03-25 18:13:06.601378 Epoch [035/050], Step [0030/0153], LR: 0.005000, SalLoss: 0.0153
2020-03-25 18:13:18.834719 Epoch [035/050], Step [0040/0153], LR: 0.005000, SalLoss: 0.0154
2020-03-25 18:13:34.030331 Epoch [035/050], Step [0050/0153], LR: 0.005000, SalLoss: 0.0147
2020-03-25 18:13:50.628242 Epoch [035/050], Step [0060/0153], LR: 0.005000, SalLoss: 0.0148
2020-03-25 18:14:03.357384 Epoch [035/050], Step [0070/0153], LR: 0.005000, SalLoss: 0.0154
2020-03-25 18:14:11.400369 Epoch [035/050], Step [0080/0153], LR: 0.005000, SalLoss: 0.0156
2020-03-25 18:14:18.963694 Epoch [035/050], Step [0090/0153], LR: 0.005000, SalLoss: 0.0162
2020-03-25 18:14:26.866628 Epoch [035/050], Step [0100/0153], LR: 0.005000, SalLoss: 0.0162
2020-03-25 18:14:34.616482 Epoch [035/050], Step [0110/0153], LR: 0.005000, SalLoss: 0.0158
2020-03-25 18:14:43.170449 Epoch [035/050], Step [0120/0153], LR: 0.005000, SalLoss: 0.0159
2020-03-25 18:14:53.695256 Epoch [035/050], Step [0130/0153], LR: 0.005000, SalLoss: 0.0155
2020-03-25 18:15:04.684947 Epoch [035/050], Step [0140/0153], LR: 0.005000, SalLoss: 0.0157
2020-03-25 18:15:13.879192 Epoch [035/050], Step [0150/0153], LR: 0.005000, SalLoss: 0.0155
2020-03-25 18:15:15.713687 Epoch [035/050], Step [0153/0153], LR: 0.005000, SalLoss: 0.0156
2020-03-25 18:15:25.605805 Epoch [036/050], Step [0010/0153], LR: 0.005000, SalLoss: 0.0156
2020-03-25 18:15:33.423277 Epoch [036/050], Step [0020/0153], LR: 0.005000, SalLoss: 0.0150
2020-03-25 18:15:41.506187 Epoch [036/050], Step [0030/0153], LR: 0.005000, SalLoss: 0.0160
2020-03-25 18:15:51.831984 Epoch [036/050], Step [0040/0153], LR: 0.005000, SalLoss: 0.0159
2020-03-25 18:16:02.209942 Epoch [036/050], Step [0050/0153], LR: 0.005000, SalLoss: 0.0160
2020-03-25 18:16:11.312973 Epoch [036/050], Step [0060/0153], LR: 0.005000, SalLoss: 0.0159
2020-03-25 18:16:29.479508 Epoch [036/050], Step [0070/0153], LR: 0.005000, SalLoss: 0.0154
2020-03-25 18:16:41.115455 Epoch [036/050], Step [0080/0153], LR: 0.005000, SalLoss: 0.0154
2020-03-25 18:16:54.783235 Epoch [036/050], Step [0090/0153], LR: 0.005000, SalLoss: 0.0151
2020-03-25 18:17:12.127135 Epoch [036/050], Step [0100/0153], LR: 0.005000, SalLoss: 0.0156
2020-03-25 18:17:25.187493 Epoch [036/050], Step [0110/0153], LR: 0.005000, SalLoss: 0.0153
2020-03-25 18:17:37.913837 Epoch [036/050], Step [0120/0153], LR: 0.005000, SalLoss: 0.0154
2020-03-25 18:17:57.864793 Epoch [036/050], Step [0130/0153], LR: 0.005000, SalLoss: 0.0156
2020-03-25 18:18:22.508675 Epoch [036/050], Step [0140/0153], LR: 0.005000, SalLoss: 0.0154
2020-03-25 18:18:34.054798 Epoch [036/050], Step [0150/0153], LR: 0.005000, SalLoss: 0.0152
2020-03-25 18:18:37.072666 Epoch [036/050], Step [0153/0153], LR: 0.005000, SalLoss: 0.0152
2020-03-25 18:18:51.212580 Epoch [037/050], Step [0010/0153], LR: 0.005000, SalLoss: 0.0152
2020-03-25 18:19:04.100855 Epoch [037/050], Step [0020/0153], LR: 0.005000, SalLoss: 0.0151
2020-03-25 18:19:16.891776 Epoch [037/050], Step [0030/0153], LR: 0.005000, SalLoss: 0.0150
2020-03-25 18:19:28.721986 Epoch [037/050], Step [0040/0153], LR: 0.005000, SalLoss: 0.0154
2020-03-25 18:19:43.045885 Epoch [037/050], Step [0050/0153], LR: 0.005000, SalLoss: 0.0158
2020-03-25 18:20:00.366987 Epoch [037/050], Step [0060/0153], LR: 0.005000, SalLoss: 0.0155
2020-03-25 18:20:16.429841 Epoch [037/050], Step [0070/0153], LR: 0.005000, SalLoss: 0.0154
2020-03-25 18:20:34.787083 Epoch [037/050], Step [0080/0153], LR: 0.005000, SalLoss: 0.0150
2020-03-25 18:20:53.635779 Epoch [037/050], Step [0090/0153], LR: 0.005000, SalLoss: 0.0148
2020-03-25 18:21:09.309363 Epoch [037/050], Step [0100/0153], LR: 0.005000, SalLoss: 0.0151
2020-03-25 18:21:22.326874 Epoch [037/050], Step [0110/0153], LR: 0.005000, SalLoss: 0.0152
2020-03-25 18:21:35.440089 Epoch [037/050], Step [0120/0153], LR: 0.005000, SalLoss: 0.0153
2020-03-25 18:21:45.515673 Epoch [037/050], Step [0130/0153], LR: 0.005000, SalLoss: 0.0156
2020-03-25 18:21:54.400418 Epoch [037/050], Step [0140/0153], LR: 0.005000, SalLoss: 0.0159
2020-03-25 18:22:03.851071 Epoch [037/050], Step [0150/0153], LR: 0.005000, SalLoss: 0.0161
2020-03-25 18:22:06.137426 Epoch [037/050], Step [0153/0153], LR: 0.005000, SalLoss: 0.0164
2020-03-25 18:22:16.586239 Epoch [038/050], Step [0010/0153], LR: 0.005000, SalLoss: 0.0166
2020-03-25 18:22:24.391214 Epoch [038/050], Step [0020/0153], LR: 0.005000, SalLoss: 0.0162
2020-03-25 18:22:32.139783 Epoch [038/050], Step [0030/0153], LR: 0.005000, SalLoss: 0.0162
2020-03-25 18:22:39.903138 Epoch [038/050], Step [0040/0153], LR: 0.005000, SalLoss: 0.0157
2020-03-25 18:22:47.940791 Epoch [038/050], Step [0050/0153], LR: 0.005000, SalLoss: 0.0155
2020-03-25 18:22:55.715078 Epoch [038/050], Step [0060/0153], LR: 0.005000, SalLoss: 0.0153
2020-03-25 18:23:10.494240 Epoch [038/050], Step [0070/0153], LR: 0.005000, SalLoss: 0.0150
2020-03-25 18:23:24.293218 Epoch [038/050], Step [0080/0153], LR: 0.005000, SalLoss: 0.0152
2020-03-25 18:23:37.900370 Epoch [038/050], Step [0090/0153], LR: 0.005000, SalLoss: 0.0149
2020-03-25 18:23:48.159963 Epoch [038/050], Step [0100/0153], LR: 0.005000, SalLoss: 0.0151
2020-03-25 18:23:56.003059 Epoch [038/050], Step [0110/0153], LR: 0.005000, SalLoss: 0.0155
2020-03-25 18:24:03.968554 Epoch [038/050], Step [0120/0153], LR: 0.005000, SalLoss: 0.0154
2020-03-25 18:24:11.779995 Epoch [038/050], Step [0130/0153], LR: 0.005000, SalLoss: 0.0156
2020-03-25 18:24:19.441297 Epoch [038/050], Step [0140/0153], LR: 0.005000, SalLoss: 0.0160
2020-03-25 18:24:28.211141 Epoch [038/050], Step [0150/0153], LR: 0.005000, SalLoss: 0.0159
2020-03-25 18:24:31.426892 Epoch [038/050], Step [0153/0153], LR: 0.005000, SalLoss: 0.0155
2020-03-25 18:24:50.319264 Epoch [039/050], Step [0010/0153], LR: 0.005000, SalLoss: 0.0156
2020-03-25 18:25:01.904166 Epoch [039/050], Step [0020/0153], LR: 0.005000, SalLoss: 0.0153
2020-03-25 18:25:14.713407 Epoch [039/050], Step [0030/0153], LR: 0.005000, SalLoss: 0.0151
2020-03-25 18:25:23.074636 Epoch [039/050], Step [0040/0153], LR: 0.005000, SalLoss: 0.0153
2020-03-25 18:25:30.841740 Epoch [039/050], Step [0050/0153], LR: 0.005000, SalLoss: 0.0158
2020-03-25 18:25:39.114832 Epoch [039/050], Step [0060/0153], LR: 0.005000, SalLoss: 0.0160
2020-03-25 18:25:47.806385 Epoch [039/050], Step [0070/0153], LR: 0.005000, SalLoss: 0.0163
2020-03-25 18:25:56.372524 Epoch [039/050], Step [0080/0153], LR: 0.005000, SalLoss: 0.0159
2020-03-25 18:26:05.985166 Epoch [039/050], Step [0090/0153], LR: 0.005000, SalLoss: 0.0158
2020-03-25 18:26:14.574048 Epoch [039/050], Step [0100/0153], LR: 0.005000, SalLoss: 0.0157
2020-03-25 18:26:24.006869 Epoch [039/050], Step [0110/0153], LR: 0.005000, SalLoss: 0.0154
2020-03-25 18:26:34.747063 Epoch [039/050], Step [0120/0153], LR: 0.005000, SalLoss: 0.0153
2020-03-25 18:26:44.957870 Epoch [039/050], Step [0130/0153], LR: 0.005000, SalLoss: 0.0150
2020-03-25 18:26:56.240593 Epoch [039/050], Step [0140/0153], LR: 0.005000, SalLoss: 0.0153
2020-03-25 18:27:06.186089 Epoch [039/050], Step [0150/0153], LR: 0.005000, SalLoss: 0.0151
2020-03-25 18:27:09.261066 Epoch [039/050], Step [0153/0153], LR: 0.005000, SalLoss: 0.0151
2020-03-25 18:27:20.548506 Epoch [040/050], Step [0010/0153], LR: 0.000050, SalLoss: 0.0152
2020-03-25 18:27:30.689410 Epoch [040/050], Step [0020/0153], LR: 0.000050, SalLoss: 0.0151
2020-03-25 18:27:38.737120 Epoch [040/050], Step [0030/0153], LR: 0.000050, SalLoss: 0.0151
2020-03-25 18:27:46.557225 Epoch [040/050], Step [0040/0153], LR: 0.000050, SalLoss: 0.0155
2020-03-25 18:27:54.548271 Epoch [040/050], Step [0050/0153], LR: 0.000050, SalLoss: 0.0158
2020-03-25 18:28:02.442807 Epoch [040/050], Step [0060/0153], LR: 0.000050, SalLoss: 0.0154
2020-03-25 18:28:10.247843 Epoch [040/050], Step [0070/0153], LR: 0.000050, SalLoss: 0.0152
2020-03-25 18:28:18.008762 Epoch [040/050], Step [0080/0153], LR: 0.000050, SalLoss: 0.0150
2020-03-25 18:28:25.982477 Epoch [040/050], Step [0090/0153], LR: 0.000050, SalLoss: 0.0148
2020-03-25 18:28:38.816317 Epoch [040/050], Step [0100/0153], LR: 0.000050, SalLoss: 0.0149
2020-03-25 18:28:46.716089 Epoch [040/050], Step [0110/0153], LR: 0.000050, SalLoss: 0.0153
2020-03-25 18:28:54.539683 Epoch [040/050], Step [0120/0153], LR: 0.000050, SalLoss: 0.0153
2020-03-25 18:29:06.132025 Epoch [040/050], Step [0130/0153], LR: 0.000050, SalLoss: 0.0152
2020-03-25 18:29:18.052013 Epoch [040/050], Step [0140/0153], LR: 0.000050, SalLoss: 0.0153
2020-03-25 18:29:29.591141 Epoch [040/050], Step [0150/0153], LR: 0.000050, SalLoss: 0.0149
2020-03-25 18:29:32.877232 Epoch [040/050], Step [0153/0153], LR: 0.000050, SalLoss: 0.0150
2020-03-25 18:29:48.243892 Epoch [041/050], Step [0010/0153], LR: 0.000500, SalLoss: 0.0154
2020-03-25 18:29:59.938323 Epoch [041/050], Step [0020/0153], LR: 0.000500, SalLoss: 0.0153
2020-03-25 18:30:11.971758 Epoch [041/050], Step [0030/0153], LR: 0.000500, SalLoss: 0.0149
2020-03-25 18:30:26.220999 Epoch [041/050], Step [0040/0153], LR: 0.000500, SalLoss: 0.0149
2020-03-25 18:30:41.015526 Epoch [041/050], Step [0050/0153], LR: 0.000500, SalLoss: 0.0149
2020-03-25 18:30:58.691999 Epoch [041/050], Step [0060/0153], LR: 0.000500, SalLoss: 0.0149
2020-03-25 18:31:16.070105 Epoch [041/050], Step [0070/0153], LR: 0.000500, SalLoss: 0.0156
2020-03-25 18:31:29.963596 Epoch [041/050], Step [0080/0153], LR: 0.000500, SalLoss: 0.0153
2020-03-25 18:31:44.896781 Epoch [041/050], Step [0090/0153], LR: 0.000500, SalLoss: 0.0152
2020-03-25 18:31:57.894398 Epoch [041/050], Step [0100/0153], LR: 0.000500, SalLoss: 0.0154
2020-03-25 18:32:09.987248 Epoch [041/050], Step [0110/0153], LR: 0.000500, SalLoss: 0.0151
2020-03-25 18:32:22.312798 Epoch [041/050], Step [0120/0153], LR: 0.000500, SalLoss: 0.0154
2020-03-25 18:32:34.718264 Epoch [041/050], Step [0130/0153], LR: 0.000500, SalLoss: 0.0157
2020-03-25 18:32:45.894538 Epoch [041/050], Step [0140/0153], LR: 0.000500, SalLoss: 0.0154
2020-03-25 18:32:57.921286 Epoch [041/050], Step [0150/0153], LR: 0.000500, SalLoss: 0.0153
2020-03-25 18:33:01.112438 Epoch [041/050], Step [0153/0153], LR: 0.000500, SalLoss: 0.0158
2020-03-25 18:33:19.200984 Epoch [042/050], Step [0010/0153], LR: 0.000500, SalLoss: 0.0156
2020-03-25 18:33:30.937122 Epoch [042/050], Step [0020/0153], LR: 0.000500, SalLoss: 0.0156
2020-03-25 18:33:45.360597 Epoch [042/050], Step [0030/0153], LR: 0.000500, SalLoss: 0.0162
2020-03-25 18:33:58.630067 Epoch [042/050], Step [0040/0153], LR: 0.000500, SalLoss: 0.0155
2020-03-25 18:34:12.068713 Epoch [042/050], Step [0050/0153], LR: 0.000500, SalLoss: 0.0155
2020-03-25 18:34:24.240227 Epoch [042/050], Step [0060/0153], LR: 0.000500, SalLoss: 0.0158
2020-03-25 18:34:35.925050 Epoch [042/050], Step [0070/0153], LR: 0.000500, SalLoss: 0.0153
2020-03-25 18:34:49.643908 Epoch [042/050], Step [0080/0153], LR: 0.000500, SalLoss: 0.0154
2020-03-25 18:34:57.374253 Epoch [042/050], Step [0090/0153], LR: 0.000500, SalLoss: 0.0151
2020-03-25 18:35:05.166389 Epoch [042/050], Step [0100/0153], LR: 0.000500, SalLoss: 0.0147
2020-03-25 18:35:13.348486 Epoch [042/050], Step [0110/0153], LR: 0.000500, SalLoss: 0.0150
2020-03-25 18:35:23.198258 Epoch [042/050], Step [0120/0153], LR: 0.000500, SalLoss: 0.0147
2020-03-25 18:35:33.682736 Epoch [042/050], Step [0130/0153], LR: 0.000500, SalLoss: 0.0149
2020-03-25 18:35:44.682363 Epoch [042/050], Step [0140/0153], LR: 0.000500, SalLoss: 0.0147
2020-03-25 18:35:53.929663 Epoch [042/050], Step [0150/0153], LR: 0.000500, SalLoss: 0.0150
2020-03-25 18:35:55.798570 Epoch [042/050], Step [0153/0153], LR: 0.000500, SalLoss: 0.0149
2020-03-25 18:36:05.629893 Epoch [043/050], Step [0010/0153], LR: 0.000500, SalLoss: 0.0152
2020-03-25 18:36:16.683300 Epoch [043/050], Step [0020/0153], LR: 0.000500, SalLoss: 0.0148
2020-03-25 18:36:30.446019 Epoch [043/050], Step [0030/0153], LR: 0.000500, SalLoss: 0.0144
2020-03-25 18:36:43.453891 Epoch [043/050], Step [0040/0153], LR: 0.000500, SalLoss: 0.0145
2020-03-25 18:36:58.337802 Epoch [043/050], Step [0050/0153], LR: 0.000500, SalLoss: 0.0147
2020-03-25 18:37:14.364552 Epoch [043/050], Step [0060/0153], LR: 0.000500, SalLoss: 0.0153
2020-03-25 18:37:30.348232 Epoch [043/050], Step [0070/0153], LR: 0.000500, SalLoss: 0.0157
2020-03-25 18:37:46.426372 Epoch [043/050], Step [0080/0153], LR: 0.000500, SalLoss: 0.0156
2020-03-25 18:38:03.360787 Epoch [043/050], Step [0090/0153], LR: 0.000500, SalLoss: 0.0153
2020-03-25 18:38:19.538023 Epoch [043/050], Step [0100/0153], LR: 0.000500, SalLoss: 0.0153
2020-03-25 18:38:39.738935 Epoch [043/050], Step [0110/0153], LR: 0.000500, SalLoss: 0.0152
2020-03-25 18:38:59.995582 Epoch [043/050], Step [0120/0153], LR: 0.000500, SalLoss: 0.0151
2020-03-25 18:39:17.484641 Epoch [043/050], Step [0130/0153], LR: 0.000500, SalLoss: 0.0156
2020-03-25 18:39:33.487386 Epoch [043/050], Step [0140/0153], LR: 0.000500, SalLoss: 0.0156
2020-03-25 18:39:53.660732 Epoch [043/050], Step [0150/0153], LR: 0.000500, SalLoss: 0.0154
2020-03-25 18:40:00.128002 Epoch [043/050], Step [0153/0153], LR: 0.000500, SalLoss: 0.0154
2020-03-25 18:40:22.610502 Epoch [044/050], Step [0010/0153], LR: 0.000500, SalLoss: 0.0153
2020-03-25 18:40:42.255906 Epoch [044/050], Step [0020/0153], LR: 0.000500, SalLoss: 0.0151
2020-03-25 18:41:03.236065 Epoch [044/050], Step [0030/0153], LR: 0.000500, SalLoss: 0.0149
2020-03-25 18:41:26.225672 Epoch [044/050], Step [0040/0153], LR: 0.000500, SalLoss: 0.0148
2020-03-25 18:41:42.916421 Epoch [044/050], Step [0050/0153], LR: 0.000500, SalLoss: 0.0150
2020-03-25 18:42:00.287632 Epoch [044/050], Step [0060/0153], LR: 0.000500, SalLoss: 0.0149
2020-03-25 18:42:19.290179 Epoch [044/050], Step [0070/0153], LR: 0.000500, SalLoss: 0.0149
2020-03-25 18:42:39.288590 Epoch [044/050], Step [0080/0153], LR: 0.000500, SalLoss: 0.0149
2020-03-25 18:42:59.079541 Epoch [044/050], Step [0090/0153], LR: 0.000500, SalLoss: 0.0150
2020-03-25 18:43:14.999433 Epoch [044/050], Step [0100/0153], LR: 0.000500, SalLoss: 0.0151
2020-03-25 18:43:31.540247 Epoch [044/050], Step [0110/0153], LR: 0.000500, SalLoss: 0.0156
2020-03-25 18:43:47.910719 Epoch [044/050], Step [0120/0153], LR: 0.000500, SalLoss: 0.0158
2020-03-25 18:44:04.850432 Epoch [044/050], Step [0130/0153], LR: 0.000500, SalLoss: 0.0153
2020-03-25 18:44:24.960191 Epoch [044/050], Step [0140/0153], LR: 0.000500, SalLoss: 0.0155
2020-03-25 18:44:44.437603 Epoch [044/050], Step [0150/0153], LR: 0.000500, SalLoss: 0.0155
2020-03-25 18:44:48.963773 Epoch [044/050], Step [0153/0153], LR: 0.000500, SalLoss: 0.0153
2020-03-25 18:45:04.651290 Epoch [045/050], Step [0010/0153], LR: 0.000500, SalLoss: 0.0156
2020-03-25 18:45:19.033683 Epoch [045/050], Step [0020/0153], LR: 0.000500, SalLoss: 0.0158
2020-03-25 18:45:36.388507 Epoch [045/050], Step [0030/0153], LR: 0.000500, SalLoss: 0.0156
2020-03-25 18:45:55.470962 Epoch [045/050], Step [0040/0153], LR: 0.000500, SalLoss: 0.0159
2020-03-25 18:46:14.884354 Epoch [045/050], Step [0050/0153], LR: 0.000500, SalLoss: 0.0158
2020-03-25 18:46:33.451916 Epoch [045/050], Step [0060/0153], LR: 0.000500, SalLoss: 0.0159
2020-03-25 18:46:52.385695 Epoch [045/050], Step [0070/0153], LR: 0.000500, SalLoss: 0.0152
2020-03-25 18:47:10.258301 Epoch [045/050], Step [0080/0153], LR: 0.000500, SalLoss: 0.0150
2020-03-25 18:47:32.878848 Epoch [045/050], Step [0090/0153], LR: 0.000500, SalLoss: 0.0152
2020-03-25 18:47:55.777325 Epoch [045/050], Step [0100/0153], LR: 0.000500, SalLoss: 0.0151
2020-03-25 18:48:14.052397 Epoch [045/050], Step [0110/0153], LR: 0.000500, SalLoss: 0.0153
2020-03-25 18:48:30.360207 Epoch [045/050], Step [0120/0153], LR: 0.000500, SalLoss: 0.0155
2020-03-25 18:48:47.330832 Epoch [045/050], Step [0130/0153], LR: 0.000500, SalLoss: 0.0150
2020-03-25 18:49:06.637788 Epoch [045/050], Step [0140/0153], LR: 0.000500, SalLoss: 0.0148
2020-03-25 18:49:26.635715 Epoch [045/050], Step [0150/0153], LR: 0.000500, SalLoss: 0.0147
2020-03-25 18:49:31.921330 Epoch [045/050], Step [0153/0153], LR: 0.000500, SalLoss: 0.0143
2020-03-25 18:49:52.135468 Epoch [046/050], Step [0010/0153], LR: 0.000500, SalLoss: 0.0140
2020-03-25 18:50:08.537223 Epoch [046/050], Step [0020/0153], LR: 0.000500, SalLoss: 0.0138
2020-03-25 18:50:30.687940 Epoch [046/050], Step [0030/0153], LR: 0.000500, SalLoss: 0.0143
2020-03-25 18:50:52.129548 Epoch [046/050], Step [0040/0153], LR: 0.000500, SalLoss: 0.0150
2020-03-25 18:51:13.550018 Epoch [046/050], Step [0050/0153], LR: 0.000500, SalLoss: 0.0152
2020-03-25 18:51:29.244187 Epoch [046/050], Step [0060/0153], LR: 0.000500, SalLoss: 0.0156
2020-03-25 18:51:48.806986 Epoch [046/050], Step [0070/0153], LR: 0.000500, SalLoss: 0.0152
2020-03-25 18:52:06.540990 Epoch [046/050], Step [0080/0153], LR: 0.000500, SalLoss: 0.0149
2020-03-25 18:52:25.493891 Epoch [046/050], Step [0090/0153], LR: 0.000500, SalLoss: 0.0151
2020-03-25 18:52:45.616191 Epoch [046/050], Step [0100/0153], LR: 0.000500, SalLoss: 0.0149
2020-03-25 18:53:06.894366 Epoch [046/050], Step [0110/0153], LR: 0.000500, SalLoss: 0.0148
2020-03-25 18:53:28.533715 Epoch [046/050], Step [0120/0153], LR: 0.000500, SalLoss: 0.0152
2020-03-25 18:53:47.992557 Epoch [046/050], Step [0130/0153], LR: 0.000500, SalLoss: 0.0155
2020-03-25 18:54:09.502103 Epoch [046/050], Step [0140/0153], LR: 0.000500, SalLoss: 0.0157
2020-03-25 18:54:34.668604 Epoch [046/050], Step [0150/0153], LR: 0.000500, SalLoss: 0.0158
2020-03-25 18:54:41.238459 Epoch [046/050], Step [0153/0153], LR: 0.000500, SalLoss: 0.0156
2020-03-25 18:55:02.976771 Epoch [047/050], Step [0010/0153], LR: 0.000500, SalLoss: 0.0153
2020-03-25 18:55:19.912596 Epoch [047/050], Step [0020/0153], LR: 0.000500, SalLoss: 0.0150
2020-03-25 18:55:30.719996 Epoch [047/050], Step [0030/0153], LR: 0.000500, SalLoss: 0.0148
2020-03-25 18:55:41.393452 Epoch [047/050], Step [0040/0153], LR: 0.000500, SalLoss: 0.0150
2020-03-25 18:56:01.278382 Epoch [047/050], Step [0050/0153], LR: 0.000500, SalLoss: 0.0152
2020-03-25 18:56:25.431860 Epoch [047/050], Step [0060/0153], LR: 0.000500, SalLoss: 0.0152
2020-03-25 18:56:45.775895 Epoch [047/050], Step [0070/0153], LR: 0.000500, SalLoss: 0.0150
2020-03-25 18:57:05.998182 Epoch [047/050], Step [0080/0153], LR: 0.000500, SalLoss: 0.0147
2020-03-25 18:57:25.463648 Epoch [047/050], Step [0090/0153], LR: 0.000500, SalLoss: 0.0146
2020-03-25 18:57:46.261543 Epoch [047/050], Step [0100/0153], LR: 0.000500, SalLoss: 0.0150
2020-03-25 18:58:06.770938 Epoch [047/050], Step [0110/0153], LR: 0.000500, SalLoss: 0.0153
2020-03-25 18:58:30.738657 Epoch [047/050], Step [0120/0153], LR: 0.000500, SalLoss: 0.0159
2020-03-25 18:58:56.094929 Epoch [047/050], Step [0130/0153], LR: 0.000500, SalLoss: 0.0159
2020-03-25 18:59:20.416070 Epoch [047/050], Step [0140/0153], LR: 0.000500, SalLoss: 0.0151
2020-03-25 18:59:42.918904 Epoch [047/050], Step [0150/0153], LR: 0.000500, SalLoss: 0.0153
2020-03-25 18:59:49.663458 Epoch [047/050], Step [0153/0153], LR: 0.000500, SalLoss: 0.0151
2020-03-25 19:00:14.848728 Epoch [048/050], Step [0010/0153], LR: 0.000500, SalLoss: 0.0150
2020-03-25 19:00:34.003459 Epoch [048/050], Step [0020/0153], LR: 0.000500, SalLoss: 0.0151
2020-03-25 19:00:54.040229 Epoch [048/050], Step [0030/0153], LR: 0.000500, SalLoss: 0.0154
2020-03-25 19:01:16.919535 Epoch [048/050], Step [0040/0153], LR: 0.000500, SalLoss: 0.0149
2020-03-25 19:01:39.842035 Epoch [048/050], Step [0050/0153], LR: 0.000500, SalLoss: 0.0148
2020-03-25 19:02:03.639228 Epoch [048/050], Step [0060/0153], LR: 0.000500, SalLoss: 0.0150
2020-03-25 19:02:26.872733 Epoch [048/050], Step [0070/0153], LR: 0.000500, SalLoss: 0.0148
2020-03-25 19:02:50.963836 Epoch [048/050], Step [0080/0153], LR: 0.000500, SalLoss: 0.0152
2020-03-25 19:03:09.417796 Epoch [048/050], Step [0090/0153], LR: 0.000500, SalLoss: 0.0151
2020-03-25 19:03:29.018532 Epoch [048/050], Step [0100/0153], LR: 0.000500, SalLoss: 0.0150
2020-03-25 19:03:49.365059 Epoch [048/050], Step [0110/0153], LR: 0.000500, SalLoss: 0.0155
2020-03-25 19:04:07.282434 Epoch [048/050], Step [0120/0153], LR: 0.000500, SalLoss: 0.0156
2020-03-25 19:04:26.988276 Epoch [048/050], Step [0130/0153], LR: 0.000500, SalLoss: 0.0154
2020-03-25 19:04:46.919335 Epoch [048/050], Step [0140/0153], LR: 0.000500, SalLoss: 0.0154
2020-03-25 19:05:08.441961 Epoch [048/050], Step [0150/0153], LR: 0.000500, SalLoss: 0.0154
2020-03-25 19:05:15.568538 Epoch [048/050], Step [0153/0153], LR: 0.000500, SalLoss: 0.0154
2020-03-25 19:05:42.816733 Epoch [049/050], Step [0010/0153], LR: 0.000500, SalLoss: 0.0155
2020-03-25 19:06:07.397223 Epoch [049/050], Step [0020/0153], LR: 0.000500, SalLoss: 0.0157
2020-03-25 19:06:28.262444 Epoch [049/050], Step [0030/0153], LR: 0.000500, SalLoss: 0.0163
2020-03-25 19:06:49.297790 Epoch [049/050], Step [0040/0153], LR: 0.000500, SalLoss: 0.0157
2020-03-25 19:07:11.155101 Epoch [049/050], Step [0050/0153], LR: 0.000500, SalLoss: 0.0152
2020-03-25 19:07:35.089876 Epoch [049/050], Step [0060/0153], LR: 0.000500, SalLoss: 0.0149
2020-03-25 19:07:58.281519 Epoch [049/050], Step [0070/0153], LR: 0.000500, SalLoss: 0.0145
2020-03-25 19:08:21.768829 Epoch [049/050], Step [0080/0153], LR: 0.000500, SalLoss: 0.0144
2020-03-25 19:08:45.500770 Epoch [049/050], Step [0090/0153], LR: 0.000500, SalLoss: 0.0144
2020-03-25 19:09:07.181349 Epoch [049/050], Step [0100/0153], LR: 0.000500, SalLoss: 0.0146
2020-03-25 19:09:26.361352 Epoch [049/050], Step [0110/0153], LR: 0.000500, SalLoss: 0.0150
2020-03-25 19:09:46.539094 Epoch [049/050], Step [0120/0153], LR: 0.000500, SalLoss: 0.0158
2020-03-25 19:10:12.451316 Epoch [049/050], Step [0130/0153], LR: 0.000500, SalLoss: 0.0157
2020-03-25 19:10:34.450920 Epoch [049/050], Step [0140/0153], LR: 0.000500, SalLoss: 0.0159
2020-03-25 19:10:54.921860 Epoch [049/050], Step [0150/0153], LR: 0.000500, SalLoss: 0.0153
2020-03-25 19:11:00.651921 Epoch [049/050], Step [0153/0153], LR: 0.000500, SalLoss: 0.0151
